10:34:35 (31320) DEBUG ConfigReader Loading config from stryker.conf.json
10:34:35 (31320) DEBUG ConfigReader Loaded config: {
  "$schema": "./node_modules/@stryker-mutator/core/schema/stryker-schema.json",
  "_comment": "mutate: src/**/*.ts",
  "mutate": [
    "src/app/search/search.reducer.ts",
    "!src/**/*.spec.ts",
    "!src/test.ts",
    "!src/environments/*.ts",
    "!src/**/*.module.ts",
    "!src/main.ts",
    "!cypress/**"
  ],
  "testRunner": "karma",
  "karma": {
    "configFile": "karma.conf.js",
    "projectType": "angular-cli",
    "config": {
      "browsers": [
        "ChromeHeadless"
      ]
    }
  },
  "reporters": [
    "progress",
    "clear-text",
    "html",
    "dashboard",
    "json"
  ],
  "htmlReporter": {
    "fileName": "reports/mutation/mutation.all.html"
  },
  "concurrency": 4,
  "concurrency_comment": "Recommended to use about half of your available cores when running stryker with angular",
  "coverageAnalysis": "perTest",
  "timeoutFactor": 40,
  "checkers": [
    "typescript"
  ],
  "tsconfigFile": "tsconfig.stryker.json",
  "dashboard": {
    "project": "github.com/bodote/book-monkey",
    "version": "master",
    "module": "main",
    "baseUrl": "https://dashboard.stryker-mutator.io/api/reports",
    "reportType": "full"
  },
  "disableTypeChecks": "{node_modules,cypress}/**/*.{js,ts,jsx,tsx,html,vue}",
  "ignorePatterns": [
    "dist/**",
    "coverage/**",
    "cypress/**",
    "node_modules/**",
    ".angular/**"
  ],
  "fileLogLevel": "trace",
  "allowConsoleColors": true,
  "checkerNodeArgs": [],
  "maxTestRunnerReuse": 0,
  "commandRunner": {
    "command": "npm test"
  },
  "clearTextReporter": {
    "allowColor": true,
    "logTests": true,
    "maxTestsToLog": 3
  },
  "eventReporter": {
    "baseDir": "reports/mutation/events"
  },
  "ignoreStatic": false,
  "inPlace": false,
  "logLevel": "info",
  "maxConcurrentTestRunners": 9007199254740991,
  "mutator": {
    "plugins": null,
    "excludedMutations": []
  },
  "plugins": [
    "@stryker-mutator/*"
  ],
  "appendPlugins": [],
  "jsonReporter": {
    "fileName": "reports/mutation/mutation.json"
  },
  "symlinkNodeModules": true,
  "tempDirName": ".stryker-tmp",
  "cleanTempDir": true,
  "testRunnerNodeArgs": [],
  "thresholds": {
    "high": 80,
    "low": 60,
    "break": null
  },
  "timeoutMS": 5000,
  "dryRunTimeoutMinutes": 5,
  "warnings": true,
  "disableBail": false
}
10:34:35 (31320) DEBUG PluginLoader Loading @stryker-mutator/* from /Users/bodo.teichmann/dev/learning/angular_buch/book-monkey/node_modules/@stryker-mutator
10:34:35 (31320) DEBUG PluginLoader Loading plugin "@stryker-mutator/karma-runner" (matched with expression @stryker-mutator/*)
10:34:35 (31320) DEBUG PluginLoader Loading plugin "@stryker-mutator/typescript-checker" (matched with expression @stryker-mutator/*)
10:34:35 (31320) DEBUG PluginLoader Loading plugin @stryker-mutator/karma-runner
10:34:35 (31320) DEBUG PluginLoader Loading plugin @stryker-mutator/typescript-checker
10:34:35 (31320) DEBUG PluginLoader Loading plugin file:///Users/bodo.teichmann/dev/learning/angular_buch/book-monkey/node_modules/@stryker-mutator/core/dist/src/reporters/index.js
10:34:35 (31320) DEBUG MetaSchemaBuilder Contributing 1 schemas from plugins to options validation.
10:34:35 (31320) WARN ProjectReader Glob pattern "!cypress/**" did not exclude any files.
10:34:35 (31320) INFO ProjectReader Found 1 of 150 file(s) to be mutated.
10:34:35 (31320) DEBUG ProjectReader All input files: [
  "/Users/bodo.teichmann/dev/learning/angular_buch/book-monkey/.DS_Store",
  "/Users/bodo.teichmann/dev/learning/angular_buch/book-monkey/.browserslistrc",
  "/Users/bodo.teichmann/dev/learning/angular_buch/book-monkey/.editorconfig",
  "/Users/bodo.teichmann/dev/learning/angular_buch/book-monkey/.eslintrc.json",
  "/Users/bodo.teichmann/dev/learning/angular_buch/book-monkey/.github/workflows/main.yml",
  "/Users/bodo.teichmann/dev/learning/angular_buch/book-monkey/.gitignore",
  "/Users/bodo.teichmann/dev/learning/angular_buch/book-monkey/.idea/.gitignore",
  "/Users/bodo.teichmann/dev/learning/angular_buch/book-monkey/.idea/book-monkey.iml",
  "/Users/bodo.teichmann/dev/learning/angular_buch/book-monkey/.idea/httpRequests/2022-07-10T153315.200.json",
  "/Users/bodo.teichmann/dev/learning/angular_buch/book-monkey/.idea/httpRequests/2022-07-10T162448.200.json",
  "/Users/bodo.teichmann/dev/learning/angular_buch/book-monkey/.idea/httpRequests/2022-07-10T162455.403.json",
  "/Users/bodo.teichmann/dev/learning/angular_buch/book-monkey/.idea/httpRequests/http-client.cookies",
  "/Users/bodo.teichmann/dev/learning/angular_buch/book-monkey/.idea/httpRequests/http-requests-log.http",
  "/Users/bodo.teichmann/dev/learning/angular_buch/book-monkey/.idea/inspectionProfiles/Project_Default.xml",
  "/Users/bodo.teichmann/dev/learning/angular_buch/book-monkey/.idea/jsLinters/eslint.xml",
  "/Users/bodo.teichmann/dev/learning/angular_buch/book-monkey/.idea/misc.xml",
  "/Users/bodo.teichmann/dev/learning/angular_buch/book-monkey/.idea/modules.xml",
  "/Users/bodo.teichmann/dev/learning/angular_buch/book-monkey/.idea/vcs.xml",
  "/Users/bodo.teichmann/dev/learning/angular_buch/book-monkey/.idea/workspace.xml",
  "/Users/bodo.teichmann/dev/learning/angular_buch/book-monkey/.prettierrc",
  "/Users/bodo.teichmann/dev/learning/angular_buch/book-monkey/.vscode/extensions.json",
  "/Users/bodo.teichmann/dev/learning/angular_buch/book-monkey/.vscode/launch.json",
  "/Users/bodo.teichmann/dev/learning/angular_buch/book-monkey/.vscode/tasks.json",
  "/Users/bodo.teichmann/dev/learning/angular_buch/book-monkey/CHANGELOG.md",
  "/Users/bodo.teichmann/dev/learning/angular_buch/book-monkey/README.md",
  "/Users/bodo.teichmann/dev/learning/angular_buch/book-monkey/angular.json",
  "/Users/bodo.teichmann/dev/learning/angular_buch/book-monkey/cypress.config.ts",
  "/Users/bodo.teichmann/dev/learning/angular_buch/book-monkey/dashboard-upload.sh",
  "/Users/bodo.teichmann/dev/learning/angular_buch/book-monkey/http.requests/getBooks/secure.http",
  "/Users/bodo.teichmann/dev/learning/angular_buch/book-monkey/karma.conf.js",
  "/Users/bodo.teichmann/dev/learning/angular_buch/book-monkey/package-lock.json",
  "/Users/bodo.teichmann/dev/learning/angular_buch/book-monkey/package.json",
  "/Users/bodo.teichmann/dev/learning/angular_buch/book-monkey/src/404.html",
  "/Users/bodo.teichmann/dev/learning/angular_buch/book-monkey/src/app/admin/book-edit/book-edit.component.css",
  "/Users/bodo.teichmann/dev/learning/angular_buch/book-monkey/src/app/admin/book-edit/book-edit.component.html",
  "/Users/bodo.teichmann/dev/learning/angular_buch/book-monkey/src/app/admin/book-edit/book-edit.component.spec.ts",
  "/Users/bodo.teichmann/dev/learning/angular_buch/book-monkey/src/app/admin/book-edit/book-edit.component.ts",
  "/Users/bodo.teichmann/dev/learning/angular_buch/book-monkey/src/app/admin/book-edit/book-form.component.css",
  "/Users/bodo.teichmann/dev/learning/angular_buch/book-monkey/src/app/admin/book-edit/book-form.component.html",
  "/Users/bodo.teichmann/dev/learning/angular_buch/book-monkey/src/app/admin/book-edit/book-form.component.spec.ts",
  "/Users/bodo.teichmann/dev/learning/angular_buch/book-monkey/src/app/admin/book-edit/book-form.component.ts",
  "/Users/bodo.teichmann/dev/learning/angular_buch/book-monkey/src/app/admin/create-book/create-book.component.css",
  "/Users/bodo.teichmann/dev/learning/angular_buch/book-monkey/src/app/admin/create-book/create-book.component.html",
  "/Users/bodo.teichmann/dev/learning/angular_buch/book-monkey/src/app/admin/create-book/create-book.component.spec.ts",
  "/Users/bodo.teichmann/dev/learning/angular_buch/book-monkey/src/app/admin/create-book/create-book.component.ts",
  "/Users/bodo.teichmann/dev/learning/angular_buch/book-monkey/src/app/admin/form-messages/form-messages.component.css",
  "/Users/bodo.teichmann/dev/learning/angular_buch/book-monkey/src/app/admin/form-messages/form-messages.component.html",
  "/Users/bodo.teichmann/dev/learning/angular_buch/book-monkey/src/app/admin/form-messages/form-messages.component.spec.ts",
  "/Users/bodo.teichmann/dev/learning/angular_buch/book-monkey/src/app/admin/form-messages/form-messages.component.ts",
  "/Users/bodo.teichmann/dev/learning/angular_buch/book-monkey/src/app/admin/shared/bodos-validator.service.spec.ts",
  "/Users/bodo.teichmann/dev/learning/angular_buch/book-monkey/src/app/admin/shared/bodos-validator.service.ts",
  "/Users/bodo.teichmann/dev/learning/angular_buch/book-monkey/src/app/app-routing.module.ts",
  "/Users/bodo.teichmann/dev/learning/angular_buch/book-monkey/src/app/app.component.css",
  "/Users/bodo.teichmann/dev/learning/angular_buch/book-monkey/src/app/app.component.html",
  "/Users/bodo.teichmann/dev/learning/angular_buch/book-monkey/src/app/app.component.spec.ts",
  "/Users/bodo.teichmann/dev/learning/angular_buch/book-monkey/src/app/app.component.ts",
  "/Users/bodo.teichmann/dev/learning/angular_buch/book-monkey/src/app/app.module.ts",
  "/Users/bodo.teichmann/dev/learning/angular_buch/book-monkey/src/app/books/book-details/book-details.component.css",
  "/Users/bodo.teichmann/dev/learning/angular_buch/book-monkey/src/app/books/book-details/book-details.component.html",
  "/Users/bodo.teichmann/dev/learning/angular_buch/book-monkey/src/app/books/book-details/book-details.component.spec.ts",
  "/Users/bodo.teichmann/dev/learning/angular_buch/book-monkey/src/app/books/book-details/book-details.component.ts",
  "/Users/bodo.teichmann/dev/learning/angular_buch/book-monkey/src/app/books/book-details/book-details.guard.ts",
  "/Users/bodo.teichmann/dev/learning/angular_buch/book-monkey/src/app/books/book-list/book-list.component.css",
  "/Users/bodo.teichmann/dev/learning/angular_buch/book-monkey/src/app/books/book-list/book-list.component.html",
  "/Users/bodo.teichmann/dev/learning/angular_buch/book-monkey/src/app/books/book-list/book-list.component.spec.ts",
  "/Users/bodo.teichmann/dev/learning/angular_buch/book-monkey/src/app/books/book-list/book-list.component.ts",
  "/Users/bodo.teichmann/dev/learning/angular_buch/book-monkey/src/app/books/book-list/list-loaded.guard.spec.ts",
  "/Users/bodo.teichmann/dev/learning/angular_buch/book-monkey/src/app/books/book-list/list-loaded.guard.ts",
  "/Users/bodo.teichmann/dev/learning/angular_buch/book-monkey/src/app/books/book-list-item/book-list-item.component.css",
  "/Users/bodo.teichmann/dev/learning/angular_buch/book-monkey/src/app/books/book-list-item/book-list-item.component.html",
  "/Users/bodo.teichmann/dev/learning/angular_buch/book-monkey/src/app/books/book-list-item/book-list-item.component.spec.ts",
  "/Users/bodo.teichmann/dev/learning/angular_buch/book-monkey/src/app/books/book-list-item/book-list-item.component.ts",
  "/Users/bodo.teichmann/dev/learning/angular_buch/book-monkey/src/app/books/books-routing.module.ts",
  "/Users/bodo.teichmann/dev/learning/angular_buch/book-monkey/src/app/books/books.module.ts",
  "/Users/bodo.teichmann/dev/learning/angular_buch/book-monkey/src/app/books/shared/delay.directive.spec.ts",
  "/Users/bodo.teichmann/dev/learning/angular_buch/book-monkey/src/app/books/shared/delay.directive.ts",
  "/Users/bodo.teichmann/dev/learning/angular_buch/book-monkey/src/app/books/shared/isbn.pipe.spec.ts",
  "/Users/bodo.teichmann/dev/learning/angular_buch/book-monkey/src/app/books/shared/isbn.pipe.ts",
  "/Users/bodo.teichmann/dev/learning/angular_buch/book-monkey/src/app/books/shared/zoom.directive.spec.ts",
  "/Users/bodo.teichmann/dev/learning/angular_buch/book-monkey/src/app/books/shared/zoom.directive.ts",
  "/Users/bodo.teichmann/dev/learning/angular_buch/book-monkey/src/app/books/store/book-entity/book-entity.actions.ts",
  "/Users/bodo.teichmann/dev/learning/angular_buch/book-monkey/src/app/books/store/book-entity/book-entity.effects.spec.ts",
  "/Users/bodo.teichmann/dev/learning/angular_buch/book-monkey/src/app/books/store/book-entity/book-entity.effects.ts",
  "/Users/bodo.teichmann/dev/learning/angular_buch/book-monkey/src/app/books/store/book-entity/book-entity.model.ts",
  "/Users/bodo.teichmann/dev/learning/angular_buch/book-monkey/src/app/books/store/book-entity/book-entity.reducer.spec.ts",
  "/Users/bodo.teichmann/dev/learning/angular_buch/book-monkey/src/app/books/store/book-entity/book-entity.reducer.ts",
  "/Users/bodo.teichmann/dev/learning/angular_buch/book-monkey/src/app/books/store/book-entity/book-entity.selectors.ts",
  "/Users/bodo.teichmann/dev/learning/angular_buch/book-monkey/src/app/custom-router-state-serializer.ts",
  "/Users/bodo.teichmann/dev/learning/angular_buch/book-monkey/src/app/error-page/error-page.component.css",
  "/Users/bodo.teichmann/dev/learning/angular_buch/book-monkey/src/app/error-page/error-page.component.html",
  "/Users/bodo.teichmann/dev/learning/angular_buch/book-monkey/src/app/error-page/error-page.component.spec.ts",
  "/Users/bodo.teichmann/dev/learning/angular_buch/book-monkey/src/app/error-page/error-page.component.ts",
  "/Users/bodo.teichmann/dev/learning/angular_buch/book-monkey/src/app/home/home.component.css",
  "/Users/bodo.teichmann/dev/learning/angular_buch/book-monkey/src/app/home/home.component.html",
  "/Users/bodo.teichmann/dev/learning/angular_buch/book-monkey/src/app/home/home.component.spec.ts",
  "/Users/bodo.teichmann/dev/learning/angular_buch/book-monkey/src/app/home/home.component.ts",
  "/Users/bodo.teichmann/dev/learning/angular_buch/book-monkey/src/app/search/search.actions.ts",
  "/Users/bodo.teichmann/dev/learning/angular_buch/book-monkey/src/app/search/search.component.css",
  "/Users/bodo.teichmann/dev/learning/angular_buch/book-monkey/src/app/search/search.component.html",
  "/Users/bodo.teichmann/dev/learning/angular_buch/book-monkey/src/app/search/search.component.spec.ts",
  "/Users/bodo.teichmann/dev/learning/angular_buch/book-monkey/src/app/search/search.component.ts",
  "/Users/bodo.teichmann/dev/learning/angular_buch/book-monkey/src/app/search/search.effects.spec.ts",
  "/Users/bodo.teichmann/dev/learning/angular_buch/book-monkey/src/app/search/search.effects.ts",
  "/Users/bodo.teichmann/dev/learning/angular_buch/book-monkey/src/app/search/search.reducer.spec.ts",
  "/Users/bodo.teichmann/dev/learning/angular_buch/book-monkey/src/app/search/search.reducer.ts",
  "/Users/bodo.teichmann/dev/learning/angular_buch/book-monkey/src/app/search/search.selectors.spec.ts",
  "/Users/bodo.teichmann/dev/learning/angular_buch/book-monkey/src/app/search/search.selectors.ts",
  "/Users/bodo.teichmann/dev/learning/angular_buch/book-monkey/src/app/shared/book-factory.service.spec.ts",
  "/Users/bodo.teichmann/dev/learning/angular_buch/book-monkey/src/app/shared/book-factory.service.ts",
  "/Users/bodo.teichmann/dev/learning/angular_buch/book-monkey/src/app/shared/book-raw.ts",
  "/Users/bodo.teichmann/dev/learning/angular_buch/book-monkey/src/app/shared/book-store.service.spec.ts",
  "/Users/bodo.teichmann/dev/learning/angular_buch/book-monkey/src/app/shared/book-store.service.ts",
  "/Users/bodo.teichmann/dev/learning/angular_buch/book-monkey/src/app/shared/book.ts",
  "/Users/bodo.teichmann/dev/learning/angular_buch/book-monkey/src/app/shared/can-navigate-to-admin.guard.spec.ts",
  "/Users/bodo.teichmann/dev/learning/angular_buch/book-monkey/src/app/shared/can-navigate-to-admin.guard.ts",
  "/Users/bodo.teichmann/dev/learning/angular_buch/book-monkey/src/app/shared/notification-alert/notification-alert.component.css",
  "/Users/bodo.teichmann/dev/learning/angular_buch/book-monkey/src/app/shared/notification-alert/notification-alert.component.html",
  "/Users/bodo.teichmann/dev/learning/angular_buch/book-monkey/src/app/shared/notification-alert/notification-alert.component.spec.ts",
  "/Users/bodo.teichmann/dev/learning/angular_buch/book-monkey/src/app/shared/notification-alert/notification-alert.component.ts",
  "/Users/bodo.teichmann/dev/learning/angular_buch/book-monkey/src/app/shared/shared.module.ts",
  "/Users/bodo.teichmann/dev/learning/angular_buch/book-monkey/src/app/shared/success-alert/success-alert.component.css",
  "/Users/bodo.teichmann/dev/learning/angular_buch/book-monkey/src/app/shared/success-alert/success-alert.component.html",
  "/Users/bodo.teichmann/dev/learning/angular_buch/book-monkey/src/app/shared/success-alert/success-alert.component.spec.ts",
  "/Users/bodo.teichmann/dev/learning/angular_buch/book-monkey/src/app/shared/success-alert/success-alert.component.ts",
  "/Users/bodo.teichmann/dev/learning/angular_buch/book-monkey/src/app/shared/token.interceptor.spec.ts",
  "/Users/bodo.teichmann/dev/learning/angular_buch/book-monkey/src/app/shared/token.interceptor.ts",
  "/Users/bodo.teichmann/dev/learning/angular_buch/book-monkey/src/app/store/index.ts",
  "/Users/bodo.teichmann/dev/learning/angular_buch/book-monkey/src/app/store/router.effects.spec.ts",
  "/Users/bodo.teichmann/dev/learning/angular_buch/book-monkey/src/app/store/router.effects.ts",
  "/Users/bodo.teichmann/dev/learning/angular_buch/book-monkey/src/app/store/router.reducer.spec.ts",
  "/Users/bodo.teichmann/dev/learning/angular_buch/book-monkey/src/app/store/router.reducer.ts",
  "/Users/bodo.teichmann/dev/learning/angular_buch/book-monkey/src/app/store/router.selectors.ts",
  "/Users/bodo.teichmann/dev/learning/angular_buch/book-monkey/src/assets/.gitkeep",
  "/Users/bodo.teichmann/dev/learning/angular_buch/book-monkey/src/environments/environment.prod.ts",
  "/Users/bodo.teichmann/dev/learning/angular_buch/book-monkey/src/environments/environment.ts",
  "/Users/bodo.teichmann/dev/learning/angular_buch/book-monkey/src/favicon.ico",
  "/Users/bodo.teichmann/dev/learning/angular_buch/book-monkey/src/index.html",
  "/Users/bodo.teichmann/dev/learning/angular_buch/book-monkey/src/main.ts",
  "/Users/bodo.teichmann/dev/learning/angular_buch/book-monkey/src/messages.xmb",
  "/Users/bodo.teichmann/dev/learning/angular_buch/book-monkey/src/messages_de.xtb",
  "/Users/bodo.teichmann/dev/learning/angular_buch/book-monkey/src/polyfills.ts",
  "/Users/bodo.teichmann/dev/learning/angular_buch/book-monkey/src/styles.css",
  "/Users/bodo.teichmann/dev/learning/angular_buch/book-monkey/src/test.ts",
  "/Users/bodo.teichmann/dev/learning/angular_buch/book-monkey/stryker.conf.json",
  "/Users/bodo.teichmann/dev/learning/angular_buch/book-monkey/stryker1.log",
  "/Users/bodo.teichmann/dev/learning/angular_buch/book-monkey/tailwind.config.js",
  "/Users/bodo.teichmann/dev/learning/angular_buch/book-monkey/tsconfig.app.json",
  "/Users/bodo.teichmann/dev/learning/angular_buch/book-monkey/tsconfig.json",
  "/Users/bodo.teichmann/dev/learning/angular_buch/book-monkey/tsconfig.spec.json",
  "/Users/bodo.teichmann/dev/learning/angular_buch/book-monkey/tsconfig.stryker.json"
]
10:34:35 (31320) DEBUG ProjectReader Files to mutate: [
  "/Users/bodo.teichmann/dev/learning/angular_buch/book-monkey/src/app/search/search.reducer.ts"
]
10:34:35 (31320) DEBUG TemporaryDirectory Using temp directory "/Users/bodo.teichmann/dev/learning/angular_buch/book-monkey/.stryker-tmp"
10:34:35 (31320) DEBUG Instrumenter Instrumenting 1 source files with mutants
10:34:36 (31320) DEBUG Instrumenter Instrumented src/app/search/search.reducer.ts (13 mutant(s))
10:34:36 (31320) INFO Instrumenter Instrumented 1 source file(s) with 13 mutant(s)
10:34:36 (31320) DEBUG TSConfigPreprocessor Rewriting file ProjectFile {
  fs: [FileSystem],
  name: '/Users/bodo.teichmann/dev/learning/angular_buch/book-monkey/tsconfig.stryker.json',
  mutate: false
}
10:34:36 (31320) DEBUG TSConfigPreprocessor Rewriting file ProjectFile {
  fs: [FileSystem],
  name: '/Users/bodo.teichmann/dev/learning/angular_buch/book-monkey/tsconfig.json',
  mutate: false
}
10:34:36 (31320) INFO ConcurrencyTokenProvider Creating 2 checker process(es) and 2 test runner process(es).
10:34:36 (31320) DEBUG ChildProcessProxy Started CheckerWorker in child process 31323
10:34:36 (31320) DEBUG ChildProcessProxy Started CheckerWorker in child process 31324
10:34:36 (31324) DEBUG PluginLoader Loading plugin @stryker-mutator/karma-runner
10:34:36 (31324) DEBUG PluginLoader Loading plugin @stryker-mutator/typescript-checker
10:34:36 (31324) DEBUG PluginLoader Loading plugin file:///Users/bodo.teichmann/dev/learning/angular_buch/book-monkey/node_modules/@stryker-mutator/core/dist/src/reporters/index.js
10:34:36 (31323) DEBUG PluginLoader Loading plugin @stryker-mutator/karma-runner
10:34:36 (31323) DEBUG PluginLoader Loading plugin @stryker-mutator/typescript-checker
10:34:36 (31323) DEBUG PluginLoader Loading plugin file:///Users/bodo.teichmann/dev/learning/angular_buch/book-monkey/node_modules/@stryker-mutator/core/dist/src/reporters/index.js
10:34:41 (31324) TRACE TypescriptChecker summary message TS6194: Found 0 errors. Watching for file changes.

10:34:41 (31324) TRACE TypescriptChecker.HybridFileSystem Registering watcher for file "/Users/bodo.teichmann/dev/learning/angular_buch/book-monkey/tsconfig.stryker.json"
10:34:41 (31324) TRACE TypescriptChecker.HybridFileSystem Registering watcher for file "/Users/bodo.teichmann/dev/learning/angular_buch/book-monkey/tsconfig.json"
10:34:41 (31324) TRACE TypescriptChecker.HybridFileSystem Registering watcher for file "/Users/bodo.teichmann/dev/learning/angular_buch/book-monkey/src/app/search/search.reducer.ts"
10:34:41 (31324) TRACE TypescriptChecker.HybridFileSystem Registering watcher for file "/Users/bodo.teichmann/dev/learning/angular_buch/book-monkey/src/main.ts"
10:34:41 (31324) TRACE TypescriptChecker.HybridFileSystem Registering watcher for file "/Users/bodo.teichmann/dev/learning/angular_buch/book-monkey/src/polyfills.ts"
10:34:41 (31324) TRACE TypescriptChecker.HybridFileSystem Registering watcher for file "/Users/bodo.teichmann/dev/learning/angular_buch/book-monkey/src/test.ts"
10:34:41 (31324) TRACE TypescriptChecker.HybridFileSystem Registering watcher for file "/Users/bodo.teichmann/dev/learning/angular_buch/book-monkey/src/app/app-routing.module.ts"
10:34:41 (31324) TRACE TypescriptChecker.HybridFileSystem Registering watcher for file "/Users/bodo.teichmann/dev/learning/angular_buch/book-monkey/src/app/app.component.ts"
10:34:41 (31324) TRACE TypescriptChecker.HybridFileSystem Registering watcher for file "/Users/bodo.teichmann/dev/learning/angular_buch/book-monkey/src/app/app.module.ts"
10:34:41 (31324) TRACE TypescriptChecker.HybridFileSystem Registering watcher for file "/Users/bodo.teichmann/dev/learning/angular_buch/book-monkey/src/app/custom-router-state-serializer.ts"
10:34:41 (31324) TRACE TypescriptChecker.HybridFileSystem Registering watcher for file "/Users/bodo.teichmann/dev/learning/angular_buch/book-monkey/src/app/admin/book-edit/book-edit.component.ts"
10:34:41 (31324) TRACE TypescriptChecker.HybridFileSystem Registering watcher for file "/Users/bodo.teichmann/dev/learning/angular_buch/book-monkey/src/app/admin/book-edit/book-form.component.ts"
10:34:41 (31324) TRACE TypescriptChecker.HybridFileSystem Registering watcher for file "/Users/bodo.teichmann/dev/learning/angular_buch/book-monkey/src/app/admin/create-book/create-book.component.ts"
10:34:41 (31324) TRACE TypescriptChecker.HybridFileSystem Registering watcher for file "/Users/bodo.teichmann/dev/learning/angular_buch/book-monkey/src/app/admin/form-messages/form-messages.component.ts"
10:34:41 (31324) TRACE TypescriptChecker.HybridFileSystem Registering watcher for file "/Users/bodo.teichmann/dev/learning/angular_buch/book-monkey/src/app/admin/shared/bodos-validator.service.ts"
10:34:41 (31324) TRACE TypescriptChecker.HybridFileSystem Registering watcher for file "/Users/bodo.teichmann/dev/learning/angular_buch/book-monkey/src/app/books/books-routing.module.ts"
10:34:41 (31324) TRACE TypescriptChecker.HybridFileSystem Registering watcher for file "/Users/bodo.teichmann/dev/learning/angular_buch/book-monkey/src/app/books/books.module.ts"
10:34:41 (31324) TRACE TypescriptChecker.HybridFileSystem Registering watcher for file "/Users/bodo.teichmann/dev/learning/angular_buch/book-monkey/src/app/books/book-details/book-details.component.ts"
10:34:41 (31324) TRACE TypescriptChecker.HybridFileSystem Registering watcher for file "/Users/bodo.teichmann/dev/learning/angular_buch/book-monkey/src/app/books/book-details/book-details.guard.ts"
10:34:41 (31324) TRACE TypescriptChecker.HybridFileSystem Registering watcher for file "/Users/bodo.teichmann/dev/learning/angular_buch/book-monkey/src/app/books/book-list/book-list.component.ts"
10:34:41 (31324) TRACE TypescriptChecker.HybridFileSystem Registering watcher for file "/Users/bodo.teichmann/dev/learning/angular_buch/book-monkey/src/app/books/book-list/list-loaded.guard.ts"
10:34:41 (31324) TRACE TypescriptChecker.HybridFileSystem Registering watcher for file "/Users/bodo.teichmann/dev/learning/angular_buch/book-monkey/src/app/books/book-list-item/book-list-item.component.ts"
10:34:41 (31324) TRACE TypescriptChecker.HybridFileSystem Registering watcher for file "/Users/bodo.teichmann/dev/learning/angular_buch/book-monkey/src/app/books/shared/delay.directive.ts"
10:34:41 (31324) TRACE TypescriptChecker.HybridFileSystem Registering watcher for file "/Users/bodo.teichmann/dev/learning/angular_buch/book-monkey/src/app/books/shared/isbn.pipe.ts"
10:34:41 (31324) TRACE TypescriptChecker.HybridFileSystem Registering watcher for file "/Users/bodo.teichmann/dev/learning/angular_buch/book-monkey/src/app/books/shared/zoom.directive.ts"
10:34:41 (31324) TRACE TypescriptChecker.HybridFileSystem Registering watcher for file "/Users/bodo.teichmann/dev/learning/angular_buch/book-monkey/src/app/books/store/book-entity/book-entity.actions.ts"
10:34:41 (31324) TRACE TypescriptChecker.HybridFileSystem Registering watcher for file "/Users/bodo.teichmann/dev/learning/angular_buch/book-monkey/src/app/books/store/book-entity/book-entity.effects.ts"
10:34:41 (31324) TRACE TypescriptChecker.HybridFileSystem Registering watcher for file "/Users/bodo.teichmann/dev/learning/angular_buch/book-monkey/src/app/books/store/book-entity/book-entity.model.ts"
10:34:41 (31324) TRACE TypescriptChecker.HybridFileSystem Registering watcher for file "/Users/bodo.teichmann/dev/learning/angular_buch/book-monkey/src/app/books/store/book-entity/book-entity.reducer.ts"
10:34:41 (31324) TRACE TypescriptChecker.HybridFileSystem Registering watcher for file "/Users/bodo.teichmann/dev/learning/angular_buch/book-monkey/src/app/books/store/book-entity/book-entity.selectors.ts"
10:34:41 (31324) TRACE TypescriptChecker.HybridFileSystem Registering watcher for file "/Users/bodo.teichmann/dev/learning/angular_buch/book-monkey/src/app/error-page/error-page.component.ts"
10:34:41 (31324) TRACE TypescriptChecker.HybridFileSystem Registering watcher for file "/Users/bodo.teichmann/dev/learning/angular_buch/book-monkey/src/app/home/home.component.ts"
10:34:41 (31324) TRACE TypescriptChecker.HybridFileSystem Registering watcher for file "/Users/bodo.teichmann/dev/learning/angular_buch/book-monkey/src/app/search/search.actions.ts"
10:34:41 (31324) TRACE TypescriptChecker.HybridFileSystem Registering watcher for file "/Users/bodo.teichmann/dev/learning/angular_buch/book-monkey/src/app/search/search.component.ts"
10:34:41 (31324) TRACE TypescriptChecker.HybridFileSystem Registering watcher for file "/Users/bodo.teichmann/dev/learning/angular_buch/book-monkey/src/app/search/search.effects.ts"
10:34:41 (31324) TRACE TypescriptChecker.HybridFileSystem Registering watcher for file "/Users/bodo.teichmann/dev/learning/angular_buch/book-monkey/src/app/search/search.selectors.ts"
10:34:41 (31324) TRACE TypescriptChecker.HybridFileSystem Registering watcher for file "/Users/bodo.teichmann/dev/learning/angular_buch/book-monkey/src/app/shared/book-factory.service.ts"
10:34:41 (31324) TRACE TypescriptChecker.HybridFileSystem Registering watcher for file "/Users/bodo.teichmann/dev/learning/angular_buch/book-monkey/src/app/shared/book-raw.ts"
10:34:41 (31324) TRACE TypescriptChecker.HybridFileSystem Registering watcher for file "/Users/bodo.teichmann/dev/learning/angular_buch/book-monkey/src/app/shared/book-store.service.ts"
10:34:41 (31324) TRACE TypescriptChecker.HybridFileSystem Registering watcher for file "/Users/bodo.teichmann/dev/learning/angular_buch/book-monkey/src/app/shared/book.ts"
10:34:41 (31324) TRACE TypescriptChecker.HybridFileSystem Registering watcher for file "/Users/bodo.teichmann/dev/learning/angular_buch/book-monkey/src/app/shared/can-navigate-to-admin.guard.ts"
10:34:41 (31324) TRACE TypescriptChecker.HybridFileSystem Registering watcher for file "/Users/bodo.teichmann/dev/learning/angular_buch/book-monkey/src/app/shared/shared.module.ts"
10:34:41 (31324) TRACE TypescriptChecker.HybridFileSystem Registering watcher for file "/Users/bodo.teichmann/dev/learning/angular_buch/book-monkey/src/app/shared/token.interceptor.ts"
10:34:41 (31324) TRACE TypescriptChecker.HybridFileSystem Registering watcher for file "/Users/bodo.teichmann/dev/learning/angular_buch/book-monkey/src/app/shared/notification-alert/notification-alert.component.ts"
10:34:41 (31324) TRACE TypescriptChecker.HybridFileSystem Registering watcher for file "/Users/bodo.teichmann/dev/learning/angular_buch/book-monkey/src/app/shared/success-alert/success-alert.component.ts"
10:34:41 (31324) TRACE TypescriptChecker.HybridFileSystem Registering watcher for file "/Users/bodo.teichmann/dev/learning/angular_buch/book-monkey/src/app/store/index.ts"
10:34:41 (31324) TRACE TypescriptChecker.HybridFileSystem Registering watcher for file "/Users/bodo.teichmann/dev/learning/angular_buch/book-monkey/src/app/store/router.effects.ts"
10:34:41 (31324) TRACE TypescriptChecker.HybridFileSystem Registering watcher for file "/Users/bodo.teichmann/dev/learning/angular_buch/book-monkey/src/app/store/router.reducer.ts"
10:34:41 (31324) TRACE TypescriptChecker.HybridFileSystem Registering watcher for file "/Users/bodo.teichmann/dev/learning/angular_buch/book-monkey/src/app/store/router.selectors.ts"
10:34:41 (31324) TRACE TypescriptChecker.HybridFileSystem Registering watcher for file "/Users/bodo.teichmann/dev/learning/angular_buch/book-monkey/src/environments/environment.prod.ts"
10:34:41 (31324) TRACE TypescriptChecker.HybridFileSystem Registering watcher for file "/Users/bodo.teichmann/dev/learning/angular_buch/book-monkey/src/environments/environment.ts"
10:34:41 (31324) TRACE TypescriptChecker.HybridFileSystem Registering watcher for file "/users/bodo.teichmann/dev/learning/angular_buch/book-monkey/node_modules/tslib/package.json"
10:34:41 (31324) TRACE TypescriptChecker.HybridFileSystem Registering watcher for file "/users/bodo.teichmann/dev/learning/angular_buch/book-monkey/node_modules/@ngrx/store/package.json"
10:34:41 (31324) TRACE TypescriptChecker.HybridFileSystem Registering watcher for file "/users/bodo.teichmann/dev/learning/angular_buch/book-monkey/node_modules/@angular/common/package.json"
10:34:41 (31324) TRACE TypescriptChecker.HybridFileSystem Registering watcher for file "/users/bodo.teichmann/dev/learning/angular_buch/book-monkey/node_modules/@angular/core/package.json"
10:34:41 (31324) TRACE TypescriptChecker.HybridFileSystem Registering watcher for file "/users/bodo.teichmann/dev/learning/angular_buch/book-monkey/node_modules/rxjs/package.json"
10:34:41 (31324) TRACE TypescriptChecker.HybridFileSystem Registering watcher for file "/users/bodo.teichmann/dev/learning/angular_buch/book-monkey/node_modules/@angular/platform-browser-dynamic/package.json"
10:34:41 (31324) TRACE TypescriptChecker.HybridFileSystem Registering watcher for file "/users/bodo.teichmann/dev/learning/angular_buch/book-monkey/node_modules/@angular/platform-browser/package.json"
10:34:41 (31324) TRACE TypescriptChecker.HybridFileSystem Registering watcher for file "/users/bodo.teichmann/dev/learning/angular_buch/book-monkey/node_modules/@dimaslz/ng-heroicons/package.json"
10:34:41 (31324) TRACE TypescriptChecker.HybridFileSystem Registering watcher for file "/users/bodo.teichmann/dev/learning/angular_buch/book-monkey/node_modules/@ngrx/store-devtools/package.json"
10:34:41 (31324) TRACE TypescriptChecker.HybridFileSystem Registering watcher for file "/users/bodo.teichmann/dev/learning/angular_buch/book-monkey/node_modules/@ngrx/effects/package.json"
10:34:41 (31324) TRACE TypescriptChecker.HybridFileSystem Registering watcher for file "/users/bodo.teichmann/dev/learning/angular_buch/book-monkey/node_modules/@ngrx/router-store/package.json"
10:34:41 (31324) TRACE TypescriptChecker.HybridFileSystem Registering watcher for file "/users/bodo.teichmann/dev/learning/angular_buch/book-monkey/node_modules/@angular/router/package.json"
10:34:41 (31324) TRACE TypescriptChecker.HybridFileSystem Registering watcher for file "/users/bodo.teichmann/dev/learning/angular_buch/book-monkey/node_modules/@ngrx/entity/package.json"
10:34:41 (31324) TRACE TypescriptChecker.HybridFileSystem Registering watcher for file "/users/bodo.teichmann/dev/learning/angular_buch/book-monkey/node_modules/@angular/forms/package.json"
10:34:41 (31324) TRACE TypescriptChecker.HybridFileSystem Registering watcher for file "/users/bodo.teichmann/dev/learning/angular_buch/book-monkey/node_modules/rxjs/operators/package.json"
10:34:41 (31324) TRACE TypescriptChecker.HybridFileSystem Registering watcher for file "/users/bodo.teichmann/dev/learning/angular_buch/book-monkey/node_modules/lodash/package.json"
10:34:41 (31324) TRACE TypescriptChecker.HybridFileSystem Registering watcher for file "/users/bodo.teichmann/dev/learning/angular_buch/book-monkey/node_modules/@types/lodash/package.json"
10:34:41 (31324) TRACE TypescriptChecker.HybridFileSystem Registering watcher for file "/users/bodo.teichmann/dev/learning/angular_buch/book-monkey/node_modules/@angular/localize/package.json"
10:34:41 (31324) TRACE TypescriptChecker.HybridFileSystem Registering watcher for file "/users/bodo.teichmann/dev/learning/angular_buch/book-monkey/node_modules/zone.js/package.json"
10:34:41 (31324) TRACE TypescriptChecker.HybridFileSystem Registering watcher for file "/users/bodo.teichmann/dev/learning/angular_buch/book-monkey/node_modules/@angular/compiler/package.json"
10:34:41 (31324) TRACE TypescriptChecker.HybridFileSystem Registering watcher for file "/users/bodo.teichmann/dev/learning/angular_buch/book-monkey/node_modules/zone.js/testing/package.json"
10:34:41 (31323) TRACE TypescriptChecker summary message TS6194: Found 0 errors. Watching for file changes.

10:34:41 (31323) TRACE TypescriptChecker.HybridFileSystem Registering watcher for file "/Users/bodo.teichmann/dev/learning/angular_buch/book-monkey/tsconfig.stryker.json"
10:34:41 (31323) TRACE TypescriptChecker.HybridFileSystem Registering watcher for file "/Users/bodo.teichmann/dev/learning/angular_buch/book-monkey/tsconfig.json"
10:34:41 (31323) TRACE TypescriptChecker.HybridFileSystem Registering watcher for file "/Users/bodo.teichmann/dev/learning/angular_buch/book-monkey/src/app/search/search.reducer.ts"
10:34:41 (31323) TRACE TypescriptChecker.HybridFileSystem Registering watcher for file "/Users/bodo.teichmann/dev/learning/angular_buch/book-monkey/src/main.ts"
10:34:41 (31323) TRACE TypescriptChecker.HybridFileSystem Registering watcher for file "/Users/bodo.teichmann/dev/learning/angular_buch/book-monkey/src/polyfills.ts"
10:34:41 (31323) TRACE TypescriptChecker.HybridFileSystem Registering watcher for file "/Users/bodo.teichmann/dev/learning/angular_buch/book-monkey/src/test.ts"
10:34:41 (31323) TRACE TypescriptChecker.HybridFileSystem Registering watcher for file "/Users/bodo.teichmann/dev/learning/angular_buch/book-monkey/src/app/app-routing.module.ts"
10:34:41 (31323) TRACE TypescriptChecker.HybridFileSystem Registering watcher for file "/Users/bodo.teichmann/dev/learning/angular_buch/book-monkey/src/app/app.component.ts"
10:34:41 (31323) TRACE TypescriptChecker.HybridFileSystem Registering watcher for file "/Users/bodo.teichmann/dev/learning/angular_buch/book-monkey/src/app/app.module.ts"
10:34:41 (31323) TRACE TypescriptChecker.HybridFileSystem Registering watcher for file "/Users/bodo.teichmann/dev/learning/angular_buch/book-monkey/src/app/custom-router-state-serializer.ts"
10:34:41 (31323) TRACE TypescriptChecker.HybridFileSystem Registering watcher for file "/Users/bodo.teichmann/dev/learning/angular_buch/book-monkey/src/app/admin/book-edit/book-edit.component.ts"
10:34:41 (31323) TRACE TypescriptChecker.HybridFileSystem Registering watcher for file "/Users/bodo.teichmann/dev/learning/angular_buch/book-monkey/src/app/admin/book-edit/book-form.component.ts"
10:34:41 (31323) TRACE TypescriptChecker.HybridFileSystem Registering watcher for file "/Users/bodo.teichmann/dev/learning/angular_buch/book-monkey/src/app/admin/create-book/create-book.component.ts"
10:34:41 (31323) TRACE TypescriptChecker.HybridFileSystem Registering watcher for file "/Users/bodo.teichmann/dev/learning/angular_buch/book-monkey/src/app/admin/form-messages/form-messages.component.ts"
10:34:41 (31323) TRACE TypescriptChecker.HybridFileSystem Registering watcher for file "/Users/bodo.teichmann/dev/learning/angular_buch/book-monkey/src/app/admin/shared/bodos-validator.service.ts"
10:34:41 (31323) TRACE TypescriptChecker.HybridFileSystem Registering watcher for file "/Users/bodo.teichmann/dev/learning/angular_buch/book-monkey/src/app/books/books-routing.module.ts"
10:34:41 (31323) TRACE TypescriptChecker.HybridFileSystem Registering watcher for file "/Users/bodo.teichmann/dev/learning/angular_buch/book-monkey/src/app/books/books.module.ts"
10:34:41 (31323) TRACE TypescriptChecker.HybridFileSystem Registering watcher for file "/Users/bodo.teichmann/dev/learning/angular_buch/book-monkey/src/app/books/book-details/book-details.component.ts"
10:34:41 (31323) TRACE TypescriptChecker.HybridFileSystem Registering watcher for file "/Users/bodo.teichmann/dev/learning/angular_buch/book-monkey/src/app/books/book-details/book-details.guard.ts"
10:34:41 (31323) TRACE TypescriptChecker.HybridFileSystem Registering watcher for file "/Users/bodo.teichmann/dev/learning/angular_buch/book-monkey/src/app/books/book-list/book-list.component.ts"
10:34:41 (31323) TRACE TypescriptChecker.HybridFileSystem Registering watcher for file "/Users/bodo.teichmann/dev/learning/angular_buch/book-monkey/src/app/books/book-list/list-loaded.guard.ts"
10:34:41 (31323) TRACE TypescriptChecker.HybridFileSystem Registering watcher for file "/Users/bodo.teichmann/dev/learning/angular_buch/book-monkey/src/app/books/book-list-item/book-list-item.component.ts"
10:34:41 (31323) TRACE TypescriptChecker.HybridFileSystem Registering watcher for file "/Users/bodo.teichmann/dev/learning/angular_buch/book-monkey/src/app/books/shared/delay.directive.ts"
10:34:41 (31323) TRACE TypescriptChecker.HybridFileSystem Registering watcher for file "/Users/bodo.teichmann/dev/learning/angular_buch/book-monkey/src/app/books/shared/isbn.pipe.ts"
10:34:41 (31323) TRACE TypescriptChecker.HybridFileSystem Registering watcher for file "/Users/bodo.teichmann/dev/learning/angular_buch/book-monkey/src/app/books/shared/zoom.directive.ts"
10:34:41 (31323) TRACE TypescriptChecker.HybridFileSystem Registering watcher for file "/Users/bodo.teichmann/dev/learning/angular_buch/book-monkey/src/app/books/store/book-entity/book-entity.actions.ts"
10:34:41 (31323) TRACE TypescriptChecker.HybridFileSystem Registering watcher for file "/Users/bodo.teichmann/dev/learning/angular_buch/book-monkey/src/app/books/store/book-entity/book-entity.effects.ts"
10:34:41 (31323) TRACE TypescriptChecker.HybridFileSystem Registering watcher for file "/Users/bodo.teichmann/dev/learning/angular_buch/book-monkey/src/app/books/store/book-entity/book-entity.model.ts"
10:34:41 (31323) TRACE TypescriptChecker.HybridFileSystem Registering watcher for file "/Users/bodo.teichmann/dev/learning/angular_buch/book-monkey/src/app/books/store/book-entity/book-entity.reducer.ts"
10:34:41 (31323) TRACE TypescriptChecker.HybridFileSystem Registering watcher for file "/Users/bodo.teichmann/dev/learning/angular_buch/book-monkey/src/app/books/store/book-entity/book-entity.selectors.ts"
10:34:41 (31323) TRACE TypescriptChecker.HybridFileSystem Registering watcher for file "/Users/bodo.teichmann/dev/learning/angular_buch/book-monkey/src/app/error-page/error-page.component.ts"
10:34:41 (31323) TRACE TypescriptChecker.HybridFileSystem Registering watcher for file "/Users/bodo.teichmann/dev/learning/angular_buch/book-monkey/src/app/home/home.component.ts"
10:34:41 (31323) TRACE TypescriptChecker.HybridFileSystem Registering watcher for file "/Users/bodo.teichmann/dev/learning/angular_buch/book-monkey/src/app/search/search.actions.ts"
10:34:41 (31323) TRACE TypescriptChecker.HybridFileSystem Registering watcher for file "/Users/bodo.teichmann/dev/learning/angular_buch/book-monkey/src/app/search/search.component.ts"
10:34:41 (31323) TRACE TypescriptChecker.HybridFileSystem Registering watcher for file "/Users/bodo.teichmann/dev/learning/angular_buch/book-monkey/src/app/search/search.effects.ts"
10:34:41 (31323) TRACE TypescriptChecker.HybridFileSystem Registering watcher for file "/Users/bodo.teichmann/dev/learning/angular_buch/book-monkey/src/app/search/search.selectors.ts"
10:34:41 (31323) TRACE TypescriptChecker.HybridFileSystem Registering watcher for file "/Users/bodo.teichmann/dev/learning/angular_buch/book-monkey/src/app/shared/book-factory.service.ts"
10:34:41 (31323) TRACE TypescriptChecker.HybridFileSystem Registering watcher for file "/Users/bodo.teichmann/dev/learning/angular_buch/book-monkey/src/app/shared/book-raw.ts"
10:34:41 (31323) TRACE TypescriptChecker.HybridFileSystem Registering watcher for file "/Users/bodo.teichmann/dev/learning/angular_buch/book-monkey/src/app/shared/book-store.service.ts"
10:34:41 (31323) TRACE TypescriptChecker.HybridFileSystem Registering watcher for file "/Users/bodo.teichmann/dev/learning/angular_buch/book-monkey/src/app/shared/book.ts"
10:34:41 (31323) TRACE TypescriptChecker.HybridFileSystem Registering watcher for file "/Users/bodo.teichmann/dev/learning/angular_buch/book-monkey/src/app/shared/can-navigate-to-admin.guard.ts"
10:34:41 (31323) TRACE TypescriptChecker.HybridFileSystem Registering watcher for file "/Users/bodo.teichmann/dev/learning/angular_buch/book-monkey/src/app/shared/shared.module.ts"
10:34:41 (31323) TRACE TypescriptChecker.HybridFileSystem Registering watcher for file "/Users/bodo.teichmann/dev/learning/angular_buch/book-monkey/src/app/shared/token.interceptor.ts"
10:34:41 (31323) TRACE TypescriptChecker.HybridFileSystem Registering watcher for file "/Users/bodo.teichmann/dev/learning/angular_buch/book-monkey/src/app/shared/notification-alert/notification-alert.component.ts"
10:34:41 (31323) TRACE TypescriptChecker.HybridFileSystem Registering watcher for file "/Users/bodo.teichmann/dev/learning/angular_buch/book-monkey/src/app/shared/success-alert/success-alert.component.ts"
10:34:41 (31323) TRACE TypescriptChecker.HybridFileSystem Registering watcher for file "/Users/bodo.teichmann/dev/learning/angular_buch/book-monkey/src/app/store/index.ts"
10:34:41 (31323) TRACE TypescriptChecker.HybridFileSystem Registering watcher for file "/Users/bodo.teichmann/dev/learning/angular_buch/book-monkey/src/app/store/router.effects.ts"
10:34:41 (31323) TRACE TypescriptChecker.HybridFileSystem Registering watcher for file "/Users/bodo.teichmann/dev/learning/angular_buch/book-monkey/src/app/store/router.reducer.ts"
10:34:41 (31323) TRACE TypescriptChecker.HybridFileSystem Registering watcher for file "/Users/bodo.teichmann/dev/learning/angular_buch/book-monkey/src/app/store/router.selectors.ts"
10:34:41 (31323) TRACE TypescriptChecker.HybridFileSystem Registering watcher for file "/Users/bodo.teichmann/dev/learning/angular_buch/book-monkey/src/environments/environment.prod.ts"
10:34:41 (31323) TRACE TypescriptChecker.HybridFileSystem Registering watcher for file "/Users/bodo.teichmann/dev/learning/angular_buch/book-monkey/src/environments/environment.ts"
10:34:41 (31323) TRACE TypescriptChecker.HybridFileSystem Registering watcher for file "/users/bodo.teichmann/dev/learning/angular_buch/book-monkey/node_modules/tslib/package.json"
10:34:41 (31323) TRACE TypescriptChecker.HybridFileSystem Registering watcher for file "/users/bodo.teichmann/dev/learning/angular_buch/book-monkey/node_modules/@ngrx/store/package.json"
10:34:41 (31323) TRACE TypescriptChecker.HybridFileSystem Registering watcher for file "/users/bodo.teichmann/dev/learning/angular_buch/book-monkey/node_modules/@angular/common/package.json"
10:34:41 (31323) TRACE TypescriptChecker.HybridFileSystem Registering watcher for file "/users/bodo.teichmann/dev/learning/angular_buch/book-monkey/node_modules/@angular/core/package.json"
10:34:41 (31323) TRACE TypescriptChecker.HybridFileSystem Registering watcher for file "/users/bodo.teichmann/dev/learning/angular_buch/book-monkey/node_modules/rxjs/package.json"
10:34:41 (31323) TRACE TypescriptChecker.HybridFileSystem Registering watcher for file "/users/bodo.teichmann/dev/learning/angular_buch/book-monkey/node_modules/@angular/platform-browser-dynamic/package.json"
10:34:41 (31323) TRACE TypescriptChecker.HybridFileSystem Registering watcher for file "/users/bodo.teichmann/dev/learning/angular_buch/book-monkey/node_modules/@angular/platform-browser/package.json"
10:34:41 (31323) TRACE TypescriptChecker.HybridFileSystem Registering watcher for file "/users/bodo.teichmann/dev/learning/angular_buch/book-monkey/node_modules/@dimaslz/ng-heroicons/package.json"
10:34:41 (31323) TRACE TypescriptChecker.HybridFileSystem Registering watcher for file "/users/bodo.teichmann/dev/learning/angular_buch/book-monkey/node_modules/@ngrx/store-devtools/package.json"
10:34:41 (31323) TRACE TypescriptChecker.HybridFileSystem Registering watcher for file "/users/bodo.teichmann/dev/learning/angular_buch/book-monkey/node_modules/@ngrx/effects/package.json"
10:34:41 (31323) TRACE TypescriptChecker.HybridFileSystem Registering watcher for file "/users/bodo.teichmann/dev/learning/angular_buch/book-monkey/node_modules/@ngrx/router-store/package.json"
10:34:41 (31323) TRACE TypescriptChecker.HybridFileSystem Registering watcher for file "/users/bodo.teichmann/dev/learning/angular_buch/book-monkey/node_modules/@angular/router/package.json"
10:34:41 (31323) TRACE TypescriptChecker.HybridFileSystem Registering watcher for file "/users/bodo.teichmann/dev/learning/angular_buch/book-monkey/node_modules/@ngrx/entity/package.json"
10:34:41 (31323) TRACE TypescriptChecker.HybridFileSystem Registering watcher for file "/users/bodo.teichmann/dev/learning/angular_buch/book-monkey/node_modules/@angular/forms/package.json"
10:34:41 (31323) TRACE TypescriptChecker.HybridFileSystem Registering watcher for file "/users/bodo.teichmann/dev/learning/angular_buch/book-monkey/node_modules/rxjs/operators/package.json"
10:34:41 (31323) TRACE TypescriptChecker.HybridFileSystem Registering watcher for file "/users/bodo.teichmann/dev/learning/angular_buch/book-monkey/node_modules/lodash/package.json"
10:34:41 (31323) TRACE TypescriptChecker.HybridFileSystem Registering watcher for file "/users/bodo.teichmann/dev/learning/angular_buch/book-monkey/node_modules/@types/lodash/package.json"
10:34:41 (31323) TRACE TypescriptChecker.HybridFileSystem Registering watcher for file "/users/bodo.teichmann/dev/learning/angular_buch/book-monkey/node_modules/@angular/localize/package.json"
10:34:41 (31323) TRACE TypescriptChecker.HybridFileSystem Registering watcher for file "/users/bodo.teichmann/dev/learning/angular_buch/book-monkey/node_modules/zone.js/package.json"
10:34:41 (31323) TRACE TypescriptChecker.HybridFileSystem Registering watcher for file "/users/bodo.teichmann/dev/learning/angular_buch/book-monkey/node_modules/@angular/compiler/package.json"
10:34:41 (31323) TRACE TypescriptChecker.HybridFileSystem Registering watcher for file "/users/bodo.teichmann/dev/learning/angular_buch/book-monkey/node_modules/zone.js/testing/package.json"
10:34:41 (31320) DEBUG Sandbox Creating a sandbox for files in /Users/bodo.teichmann/dev/learning/angular_buch/book-monkey/.stryker-tmp/sandbox3124432
10:34:41 (31320) DEBUG Sandbox Start symlink node_modules
10:34:41 (31320) DEBUG Sandbox Create symlink from /Users/bodo.teichmann/dev/learning/angular_buch/book-monkey/node_modules to /Users/bodo.teichmann/dev/learning/angular_buch/book-monkey/.stryker-tmp/sandbox3124432/node_modules
10:34:41 (31320) DEBUG BroadcastReporter Broadcasting to reporters ["progress","clear-text","html","dashboard","json"]
10:34:41 (31320) DEBUG ChildProcessProxy Started ChildProcessTestRunnerWorker in child process 31326
10:34:41 (31320) DEBUG ChildProcessProxy Started ChildProcessTestRunnerWorker in child process 31327
10:34:41 (31326) DEBUG PluginLoader Loading plugin @stryker-mutator/karma-runner
10:34:41 (31327) DEBUG PluginLoader Loading plugin @stryker-mutator/karma-runner
10:34:41 (31327) DEBUG PluginLoader Loading plugin @stryker-mutator/typescript-checker
10:34:41 (31327) DEBUG PluginLoader Loading plugin file:///Users/bodo.teichmann/dev/learning/angular_buch/book-monkey/node_modules/@stryker-mutator/core/dist/src/reporters/index.js
10:34:41 (31326) DEBUG PluginLoader Loading plugin @stryker-mutator/typescript-checker
10:34:41 (31326) DEBUG PluginLoader Loading plugin file:///Users/bodo.teichmann/dev/learning/angular_buch/book-monkey/node_modules/@stryker-mutator/core/dist/src/reporters/index.js
10:34:41 (31326) DEBUG ChildProcessProxyWorker Changing current working directory for this process to /Users/bodo.teichmann/dev/learning/angular_buch/book-monkey/.stryker-tmp/sandbox3124432
10:34:41 (31327) DEBUG ChildProcessProxyWorker Changing current working directory for this process to /Users/bodo.teichmann/dev/learning/angular_buch/book-monkey/.stryker-tmp/sandbox3124432
10:34:42 (31326) DEBUG AngularProjectStarter Starting Angular tests: ng test --progress=false --karma-config=/Users/bodo.teichmann/dev/learning/angular_buch/book-monkey/node_modules/@stryker-mutator/karma-runner/stryker-karma.conf.cjs
10:34:42 (31327) DEBUG AngularProjectStarter Starting Angular tests: ng test --progress=false --karma-config=/Users/bodo.teichmann/dev/learning/angular_buch/book-monkey/node_modules/@stryker-mutator/karma-runner/stryker-karma.conf.cjs
10:34:43 (31320) TRACE ChildProcessProxy [33m01 10 2022 10:34:43.599:WARN [karma-server]: [39m`autowatch` and `singleRun` are both `false`. In order to execute tests use `karma run`.

10:34:43 (31320) TRACE ChildProcessProxy [33m01 10 2022 10:34:43.600:WARN [karma-server]: [39m`autowatch` and `singleRun` are both `false`. In order to execute tests use `karma run`.

10:34:44 (31320) TRACE ChildProcessProxy Another process, with id 31329, is currently running ngcc.
Waiting up to 250s for it to finish.
(If you are sure no ngcc process is running then you should delete the lock-file at /Users/bodo.teichmann/dev/learning/angular_buch/book-monkey/node_modules/.ngcc_lock_file.)

10:34:49 (31320) TRACE ChildProcessProxy 

10:34:49 (31320) TRACE ChildProcessProxy  daisyUI components 2.24.0  https://github.com/saadeghi/daisyui

10:34:49 (31320) TRACE ChildProcessProxy    Including:  base, components, themes[29], utilities
  

10:34:49 (31320) TRACE ChildProcessProxy 

10:34:49 (31320) TRACE ChildProcessProxy  daisyUI components 2.24.0  https://github.com/saadeghi/daisyui

10:34:49 (31320) TRACE ChildProcessProxy    Including:  base, components, themes[29], utilities
  

10:35:02 (31320) TRACE ChildProcessProxy 
Error: src/app/search/search.reducer.ts:13:3 - error TS2630: Cannot assign to 'stryNS_9fa48' because it is a function.

13   stryNS_9fa48 = retrieveNS;
     ~~~~~~~~~~~~


Error: src/app/search/search.reducer.ts:40:3 - error TS2630: Cannot assign to 'stryCov_9fa48' because it is a function.

40   stryCov_9fa48 = cover;
     ~~~~~~~~~~~~~


Error: src/app/search/search.reducer.ts:41:21 - error TS2345: Argument of type 'IArguments' is not assignable to parameter of type '[]'.

41   cover.apply(null, arguments);
                       ~~~~~~~~~


Error: src/app/search/search.reducer.ts:44:27 - error TS7006: Parameter 'id' implicitly has an 'any' type.

44 function stryMutAct_9fa48(id) {
                             ~~


Error: src/app/search/search.reducer.ts:47:21 - error TS7006: Parameter 'id' implicitly has an 'any' type.

47   function isActive(id) {
                       ~~


Error: src/app/search/search.reducer.ts:59:3 - error TS2630: Cannot assign to 'stryMutAct_9fa48' because it is a function.

59   stryMutAct_9fa48 = isActive;
     ~~~~~~~~~~~~~~~~


Error: src/app/search/search.reducer.ts:67:77 - error TS2554: Expected 0 arguments, but got 1.

67 export const searchFeatureKey = stryMutAct_9fa48("0") ? "" : (stryCov_9fa48("0"), 'search');
                                                                               ~~~


Error: src/app/search/search.reducer.ts:73:14 - error TS2322: Type '{} | { books: string[]; searchPerformed: boolean; httpError: undefined; }' is not assignable to type 'SearchState'.
  Type '{}' is missing the following properties from type 'SearchState': books, searchPerformed, httpError

73 export const initialState: SearchState = stryMutAct_9fa48("1") ? {} : (stryCov_9fa48("1"), {
                ~~~~~~~~~~~~


Error: src/app/search/search.reducer.ts:73:86 - error TS2554: Expected 0 arguments, but got 1.

73 export const initialState: SearchState = stryMutAct_9fa48("1") ? {} : (stryCov_9fa48("1"), {
                                                                                        ~~~


Error: src/app/search/search.reducer.ts:74:72 - error TS2554: Expected 0 arguments, but got 1.

74   books: stryMutAct_9fa48("2") ? ["Stryker was here"] : (stryCov_9fa48("2"), []),
                                                                          ~~~


Error: src/app/search/search.reducer.ts:75:66 - error TS2554: Expected 0 arguments, but got 1.

75   searchPerformed: stryMutAct_9fa48("3") ? true : (stryCov_9fa48("3"), false),
                                                                    ~~~


Error: src/app/search/search.reducer.ts:78:85 - error TS2366: Function lacks ending return statement and return type does not include 'undefined'.

78 export const reducer = createReducer(initialState, on(loadSearchs, (state, action): SearchState => {
                                                                                       ~~~~~~~~~~~


Error: src/app/search/search.reducer.ts:82:19 - error TS2554: Expected 0 arguments, but got 1.

82     stryCov_9fa48("4");
                     ~~~


Error: src/app/search/search.reducer.ts:84:5 - error TS2322: Type '{} | { searchPerformed: boolean; books: Book[]; httpError: HttpErrorResponse | undefined; }' is not assignable to type 'SearchState'.
  Type '{}' is missing the following properties from type 'SearchState': books, searchPerformed, httpError

84     return stryMutAct_9fa48("5") ? {} : (stryCov_9fa48("5"), { ...state,
       ~~~~~~~~~~~~~~~~~~~~~~~~~~~~~~~~~~~~~~~~~~~~~~~~~~~~~~~~~~~~~~~~~~~~
85       searchPerformed: stryMutAct_9fa48("6") ? true : (stryCov_9fa48("6"), false)
   ~~~~~~~~~~~~~~~~~~~~~~~~~~~~~~~~~~~~~~~~~~~~~~~~~~~~~~~~~~~~~~~~~~~~~~~~~~~~~~~~~
86     });
   ~~~~~~~


Error: src/app/search/search.reducer.ts:84:56 - error TS2554: Expected 0 arguments, but got 1.

84     return stryMutAct_9fa48("5") ? {} : (stryCov_9fa48("5"), { ...state,
                                                          ~~~


Error: src/app/search/search.reducer.ts:85:70 - error TS2554: Expected 0 arguments, but got 1.

85       searchPerformed: stryMutAct_9fa48("6") ? true : (stryCov_9fa48("6"), false)
                                                                        ~~~


Error: src/app/search/search.reducer.ts:88:45 - error TS2366: Function lacks ending return statement and return type does not include 'undefined'.

88 }), on(loadSearchsSuccess, (state, action): SearchState => {
                                               ~~~~~~~~~~~


Error: src/app/search/search.reducer.ts:92:19 - error TS2554: Expected 0 arguments, but got 1.

92     stryCov_9fa48("7");
                     ~~~


Error: src/app/search/search.reducer.ts:93:5 - error TS2322: Type '{} | { books: Book[]; searchPerformed: boolean; httpError: HttpErrorResponse | undefined; }' is not assignable to type 'SearchState'.
  Type '{}' is missing the following properties from type 'SearchState': books, searchPerformed, httpError

93     return stryMutAct_9fa48("8") ? {} : (stryCov_9fa48("8"), { ...state,
       ~~~~~~~~~~~~~~~~~~~~~~~~~~~~~~~~~~~~~~~~~~~~~~~~~~~~~~~~~~~~~~~~~~~~
94       books: action.searchResults,
   ~~~~~~~~~~~~~~~~~~~~~~~~~~~~~~~~~~
95       searchPerformed: stryMutAct_9fa48("9") ? false : (stryCov_9fa48("9"), true)
   ~~~~~~~~~~~~~~~~~~~~~~~~~~~~~~~~~~~~~~~~~~~~~~~~~~~~~~~~~~~~~~~~~~~~~~~~~~~~~~~~~
96     });
   ~~~~~~~


Error: src/app/search/search.reducer.ts:93:56 - error TS2554: Expected 0 arguments, but got 1.

93     return stryMutAct_9fa48("8") ? {} : (stryCov_9fa48("8"), { ...state,
                                                          ~~~


Error: src/app/search/search.reducer.ts:95:71 - error TS2554: Expected 0 arguments, but got 1.

95       searchPerformed: stryMutAct_9fa48("9") ? false : (stryCov_9fa48("9"), true)
                                                                         ~~~


Error: src/app/search/search.reducer.ts:99:41 - error TS2366: Function lacks ending return statement and return type does not include 'undefined'.

99 on(loadSearchsFailure, (state, action): SearchState => {
                                           ~~~~~~~~~~~


Error: src/app/search/search.reducer.ts:103:19 - error TS2554: Expected 0 arguments, but got 1.

103     stryCov_9fa48("10");
                      ~~~~


Error: src/app/search/search.reducer.ts:104:5 - error TS2322: Type '{} | { searchPerformed: boolean; httpError: any; books: Book[]; }' is not assignable to type 'SearchState'.
  Type '{}' is missing the following properties from type 'SearchState': books, searchPerformed, httpError

104     return stryMutAct_9fa48("11") ? {} : (stryCov_9fa48("11"), { ...state,
        ~~~~~~~~~~~~~~~~~~~~~~~~~~~~~~~~~~~~~~~~~~~~~~~~~~~~~~~~~~~~~~~~~~~~~~
105       searchPerformed: stryMutAct_9fa48("12") ? false : (stryCov_9fa48("12"), true),
    ~~~~~~~~~~~~~~~~~~~~~~~~~~~~~~~~~~~~~~~~~~~~~~~~~~~~~~~~~~~~~~~~~~~~~~~~~~~~~~~~~~~~
106       httpError: action.error
    ~~~~~~~~~~~~~~~~~~~~~~~~~~~~~
107     });
    ~~~~~~~


Error: src/app/search/search.reducer.ts:104:57 - error TS2554: Expected 0 arguments, but got 1.

104     return stryMutAct_9fa48("11") ? {} : (stryCov_9fa48("11"), { ...state,
                                                            ~~~~


Error: src/app/search/search.reducer.ts:105:72 - error TS2554: Expected 0 arguments, but got 1.

105       searchPerformed: stryMutAct_9fa48("12") ? false : (stryCov_9fa48("12"), true),
                                                                           ~~~~




10:35:02 (31320) TRACE ChildProcessProxy 
Error: src/app/search/search.reducer.ts:13:3 - error TS2630: Cannot assign to 'stryNS_9fa48' because it is a function.

13   stryNS_9fa48 = retrieveNS;
     ~~~~~~~~~~~~


Error: src/app/search/search.reducer.ts:40:3 - error TS2630: Cannot assign to 'stryCov_9fa48' because it is a function.

40   stryCov_9fa48 = cover;
     ~~~~~~~~~~~~~


Error: src/app/search/search.reducer.ts:41:21 - error TS2345: Argument of type 'IArguments' is not assignable to parameter of type '[]'.

41   cover.apply(null, arguments);
                       ~~~~~~~~~


Error: src/app/search/search.reducer.ts:44:27 - error TS7006: Parameter 'id' implicitly has an 'any' type.

44 function stryMutAct_9fa48(id) {
                             ~~


Error: src/app/search/search.reducer.ts:47:21 - error TS7006: Parameter 'id' implicitly has an 'any' type.

47   function isActive(id) {
                       ~~


Error: src/app/search/search.reducer.ts:59:3 - error TS2630: Cannot assign to 'stryMutAct_9fa48' because it is a function.

59   stryMutAct_9fa48 = isActive;
     ~~~~~~~~~~~~~~~~


Error: src/app/search/search.reducer.ts:67:77 - error TS2554: Expected 0 arguments, but got 1.

67 export const searchFeatureKey = stryMutAct_9fa48("0") ? "" : (stryCov_9fa48("0"), 'search');
                                                                               ~~~


Error: src/app/search/search.reducer.ts:73:14 - error TS2322: Type '{} | { books: string[]; searchPerformed: boolean; httpError: undefined; }' is not assignable to type 'SearchState'.
  Type '{}' is missing the following properties from type 'SearchState': books, searchPerformed, httpError

73 export const initialState: SearchState = stryMutAct_9fa48("1") ? {} : (stryCov_9fa48("1"), {
                ~~~~~~~~~~~~


Error: src/app/search/search.reducer.ts:73:86 - error TS2554: Expected 0 arguments, but got 1.

73 export const initialState: SearchState = stryMutAct_9fa48("1") ? {} : (stryCov_9fa48("1"), {
                                                                                        ~~~


Error: src/app/search/search.reducer.ts:74:72 - error TS2554: Expected 0 arguments, but got 1.

74   books: stryMutAct_9fa48("2") ? ["Stryker was here"] : (stryCov_9fa48("2"), []),
                                                                          ~~~


Error: src/app/search/search.reducer.ts:75:66 - error TS2554: Expected 0 arguments, but got 1.

75   searchPerformed: stryMutAct_9fa48("3") ? true : (stryCov_9fa48("3"), false),
                                                                    ~~~


Error: src/app/search/search.reducer.ts:78:85 - error TS2366: Function lacks ending return statement and return type does not include 'undefined'.

78 export const reducer = createReducer(initialState, on(loadSearchs, (state, action): SearchState => {
                                                                                       ~~~~~~~~~~~


Error: src/app/search/search.reducer.ts:82:19 - error TS2554: Expected 0 arguments, but got 1.

82     stryCov_9fa48("4");
                     ~~~


Error: src/app/search/search.reducer.ts:84:5 - error TS2322: Type '{} | { searchPerformed: boolean; books: Book[]; httpError: HttpErrorResponse | undefined; }' is not assignable to type 'SearchState'.
  Type '{}' is missing the following properties from type 'SearchState': books, searchPerformed, httpError

84     return stryMutAct_9fa48("5") ? {} : (stryCov_9fa48("5"), { ...state,
       ~~~~~~~~~~~~~~~~~~~~~~~~~~~~~~~~~~~~~~~~~~~~~~~~~~~~~~~~~~~~~~~~~~~~
85       searchPerformed: stryMutAct_9fa48("6") ? true : (stryCov_9fa48("6"), false)
   ~~~~~~~~~~~~~~~~~~~~~~~~~~~~~~~~~~~~~~~~~~~~~~~~~~~~~~~~~~~~~~~~~~~~~~~~~~~~~~~~~
86     });
   ~~~~~~~


Error: src/app/search/search.reducer.ts:84:56 - error TS2554: Expected 0 arguments, but got 1.

84     return stryMutAct_9fa48("5") ? {} : (stryCov_9fa48("5"), { ...state,
                                                          ~~~


Error: src/app/search/search.reducer.ts:85:70 - error TS2554: Expected 0 arguments, but got 1.

85       searchPerformed: stryMutAct_9fa48("6") ? true : (stryCov_9fa48("6"), false)
                                                                        ~~~


Error: src/app/search/search.reducer.ts:88:45 - error TS2366: Function lacks ending return statement and return type does not include 'undefined'.

88 }), on(loadSearchsSuccess, (state, action): SearchState => {
                                               ~~~~~~~~~~~


Error: src/app/search/search.reducer.ts:92:19 - error TS2554: Expected 0 arguments, but got 1.

92     stryCov_9fa48("7");
                     ~~~


Error: src/app/search/search.reducer.ts:93:5 - error TS2322: Type '{} | { books: Book[]; searchPerformed: boolean; httpError: HttpErrorResponse | undefined; }' is not assignable to type 'SearchState'.
  Type '{}' is missing the following properties from type 'SearchState': books, searchPerformed, httpError

93     return stryMutAct_9fa48("8") ? {} : (stryCov_9fa48("8"), { ...state,
       ~~~~~~~~~~~~~~~~~~~~~~~~~~~~~~~~~~~~~~~~~~~~~~~~~~~~~~~~~~~~~~~~~~~~
94       books: action.searchResults,
   ~~~~~~~~~~~~~~~~~~~~~~~~~~~~~~~~~~
95       searchPerformed: stryMutAct_9fa48("9") ? false : (stryCov_9fa48("9"), true)
   ~~~~~~~~~~~~~~~~~~~~~~~~~~~~~~~~~~~~~~~~~~~~~~~~~~~~~~~~~~~~~~~~~~~~~~~~~~~~~~~~~
96     });
   ~~~~~~~


Error: src/app/search/search.reducer.ts:93:56 - error TS2554: Expected 0 arguments, but got 1.

93     return stryMutAct_9fa48("8") ? {} : (stryCov_9fa48("8"), { ...state,
                                                          ~~~


Error: src/app/search/search.reducer.ts:95:71 - error TS2554: Expected 0 arguments, but got 1.

95       searchPerformed: stryMutAct_9fa48("9") ? false : (stryCov_9fa48("9"), true)
                                                                         ~~~


Error: src/app/search/search.reducer.ts:99:41 - error TS2366: Function lacks ending return statement and return type does not include 'undefined'.

99 on(loadSearchsFailure, (state, action): SearchState => {
                                           ~~~~~~~~~~~


Error: src/app/search/search.reducer.ts:103:19 - error TS2554: Expected 0 arguments, but got 1.

103     stryCov_9fa48("10");
                      ~~~~


Error: src/app/search/search.reducer.ts:104:5 - error TS2322: Type '{} | { searchPerformed: boolean; httpError: any; books: Book[]; }' is not assignable to type 'SearchState'.
  Type '{}' is missing the following properties from type 'SearchState': books, searchPerformed, httpError

104     return stryMutAct_9fa48("11") ? {} : (stryCov_9fa48("11"), { ...state,
        ~~~~~~~~~~~~~~~~~~~~~~~~~~~~~~~~~~~~~~~~~~~~~~~~~~~~~~~~~~~~~~~~~~~~~~
105       searchPerformed: stryMutAct_9fa48("12") ? false : (stryCov_9fa48("12"), true),
    ~~~~~~~~~~~~~~~~~~~~~~~~~~~~~~~~~~~~~~~~~~~~~~~~~~~~~~~~~~~~~~~~~~~~~~~~~~~~~~~~~~~~
106       httpError: action.error
    ~~~~~~~~~~~~~~~~~~~~~~~~~~~~~
107     });
    ~~~~~~~


Error: src/app/search/search.reducer.ts:104:57 - error TS2554: Expected 0 arguments, but got 1.

104     return stryMutAct_9fa48("11") ? {} : (stryCov_9fa48("11"), { ...state,
                                                            ~~~~


Error: src/app/search/search.reducer.ts:105:72 - error TS2554: Expected 0 arguments, but got 1.

105       searchPerformed: stryMutAct_9fa48("12") ? false : (stryCov_9fa48("12"), true),
                                                                           ~~~~




10:35:02 (31320) TRACE ChildProcessProxy [32m01 10 2022 10:35:02.661:INFO [karma-server]: [39mKarma v6.3.20 server started at http://localhost:9877/

10:35:02 (31320) TRACE ChildProcessProxy [32m01 10 2022 10:35:02.662:INFO [launcher]: [39mLaunching browsers ChromeHeadless with concurrency unlimited

10:35:02 (31320) TRACE ChildProcessProxy [32m01 10 2022 10:35:02.664:INFO [karma-server]: [39mKarma v6.3.20 server started at http://localhost:9878/

10:35:02 (31320) TRACE ChildProcessProxy [32m01 10 2022 10:35:02.666:INFO [launcher]: [39mLaunching browsers ChromeHeadless with concurrency unlimited

10:35:02 (31320) TRACE ChildProcessProxy [32m01 10 2022 10:35:02.667:INFO [launcher]: [39mStarting browser ChromeHeadless

10:35:02 (31320) TRACE ChildProcessProxy [32m01 10 2022 10:35:02.670:INFO [launcher]: [39mStarting browser ChromeHeadless

10:35:03 (31320) TRACE ChildProcessProxy [32m01 10 2022 10:35:03.371:INFO [Chrome Headless 105.0.5195.125 (Mac OS 10.15.7)]: [39mConnected on socket A4sQ8Lgn27KpJSTmAAAB with id 66661920

10:35:03 (31320) TRACE ChildProcessProxy [32m01 10 2022 10:35:03.372:INFO [Chrome Headless 105.0.5195.125 (Mac OS 10.15.7)]: [39mConnected on socket 1vdpUN-pBVoxqQARAAAB with id 44418327

10:35:03 (31320) INFO DryRunExecutor Starting initial test run (karma test runner with "perTest" coverage analysis). This may take a while.
10:35:03 (31320) DEBUG DryRunExecutor Using timeout of 300000 ms.
10:35:03 (31320) DEBUG TimeoutDecorator Starting timeout timer (300000 ms) for a test run
10:35:03 (31320) TRACE ChildProcessProxy [33m01 10 2022 10:35:03.846:WARN [web-server]: [39m404: /_karma_webpack_/main.js

10:35:03 (31320) TRACE ChildProcessProxy Chrome Headless 105.0.5195.125 (Mac OS 10.15.7): Executed 0 of 0[32m SUCCESS[39m (0 secs / 0 secs)

10:35:03 (31320) TRACE ChildProcessProxy [1A[2KChrome Headless 105.0.5195.125 (Mac OS 10.15.7): Executed 0 of 0[32m SUCCESS[39m (0.002 secs / 0 secs)

10:35:03 (31320) TRACE ChildProcessProxy [32mTOTAL: 0 SUCCESS[39m

10:35:03 (31320) INFO DryRunExecutor Initial test run succeeded. Ran 0 tests in 0 seconds (net 0 ms, overhead 497 ms).
10:35:03 (31320) DEBUG Stryker Not removing the temp dir because an error occurred
10:35:03 (31320) ERROR Stryker No tests were executed. Stryker will exit prematurely. Please check your configuration.
10:35:04 (31320) TRACE ChildProcessProxy [33m01 10 2022 10:35:04.032:WARN [Chrome Headless 105.0.5195.125 (Mac OS 10.15.7)]: [39mDisconnected (0 times) Client disconnected from CONNECTED state (transport close)

10:35:04 (31320) TRACE ChildProcessProxy [33m01 10 2022 10:35:04.033:WARN [Chrome Headless 105.0.5195.125 (Mac OS 10.15.7)]: [39mDisconnected (0 times) Client disconnected from CONNECTED state (transport close)

10:35:04 (31320) TRACE ChildProcessProxy [1A[2K[31mChrome Headless 105.0.5195.125 (Mac OS 10.15.7) ERROR[39m
  Disconnected Client disconnected from CONNECTED state (transport close)
Chrome Headless 105.0.5195.125 (Mac OS 10.15.7): Executed 0 of 0[32m SUCCESS[39m (0.002 secs / 0 secs)

10:35:04 (31320) TRACE ChildProcessProxy Chrome Headless 105.0.5195.125 (Mac OS 10.15.7) ERROR
  Disconnected Client disconnected from CONNECTED state (transport close)

10:35:04 (31320) TRACE ChildProcessProxy [31mChrome Headless 105.0.5195.125 (Mac OS 10.15.7) ERROR[39m
  Disconnected Client disconnected from CONNECTED state (transport close)


10:35:04 (31320) TRACE ChildProcessProxy Chrome Headless 105.0.5195.125 (Mac OS 10.15.7) ERROR
  Disconnected Client disconnected from CONNECTED state (transport close)

10:35:05 (31320) DEBUG ChildProcessProxy Disposing of worker process 31326
10:35:05 (31320) DEBUG ChildProcessProxy Disposing of worker process 31327
10:35:06 (31320) DEBUG ChildProcessProxy Kill 31327
10:35:06 (31320) DEBUG ChildProcessProxy Kill 31326
10:35:06 (31320) DEBUG ChildProcessProxy Disposing of worker process 31323
10:35:06 (31320) DEBUG ChildProcessProxy Disposing of worker process 31324
10:35:06 (31320) DEBUG ChildProcessProxy Kill 31324
10:35:06 (31320) DEBUG ChildProcessProxy Kill 31323
11:33:36 (37107) DEBUG ConfigReader Loading config from stryker.conf.json
11:33:36 (37107) DEBUG ConfigReader Loaded config: {
  "$schema": "./node_modules/@stryker-mutator/core/schema/stryker-schema.json",
  "_comment": "mutate: src/**/*.ts",
  "mutate": [
    "!src/**/*.spec.ts",
    "!src/test.ts",
    "!src/environments/*.ts",
    "!src/**/*.module.ts",
    "!src/main.ts",
    "!cypress/**"
  ],
  "testRunner": "karma",
  "karma": {
    "configFile": "karma.conf.js",
    "projectType": "angular-cli",
    "config": {
      "browsers": [
        "ChromeHeadless"
      ]
    }
  },
  "reporters": [
    "progress",
    "clear-text",
    "html",
    "dashboard",
    "json"
  ],
  "htmlReporter": {
    "fileName": "reports/mutation/mutation.all.html"
  },
  "concurrency": 4,
  "concurrency_comment": "Recommended to use about half of your available cores when running stryker with angular",
  "coverageAnalysis": "perTest",
  "timeoutFactor": 40,
  "checkers": [
    "typescript"
  ],
  "tsconfigFile": "tsconfig.stryker.json",
  "dashboard": {
    "project": "github.com/bodote/book-monkey",
    "version": "master",
    "module": "main",
    "baseUrl": "https://dashboard.stryker-mutator.io/api/reports",
    "reportType": "full"
  },
  "disableTypeChecks": "{node_modules,cypress}/**/*.{js,ts,jsx,tsx,html,vue}",
  "ignorePatterns": [
    "**",
    "!src/app/search/search.reducer.ts"
  ],
  "inPlace": true,
  "fileLogLevel": "debug",
  "allowConsoleColors": true,
  "checkerNodeArgs": [],
  "maxTestRunnerReuse": 0,
  "commandRunner": {
    "command": "npm test"
  },
  "clearTextReporter": {
    "allowColor": true,
    "logTests": true,
    "maxTestsToLog": 3
  },
  "eventReporter": {
    "baseDir": "reports/mutation/events"
  },
  "ignoreStatic": false,
  "logLevel": "info",
  "maxConcurrentTestRunners": 9007199254740991,
  "mutator": {
    "plugins": null,
    "excludedMutations": []
  },
  "plugins": [
    "@stryker-mutator/*"
  ],
  "appendPlugins": [],
  "jsonReporter": {
    "fileName": "reports/mutation/mutation.json"
  },
  "symlinkNodeModules": true,
  "tempDirName": ".stryker-tmp",
  "cleanTempDir": true,
  "testRunnerNodeArgs": [],
  "thresholds": {
    "high": 80,
    "low": 60,
    "break": null
  },
  "timeoutMS": 5000,
  "dryRunTimeoutMinutes": 5,
  "warnings": true,
  "disableBail": false
}
11:33:36 (37107) DEBUG PluginLoader Loading @stryker-mutator/* from /Users/bodo.teichmann/dev/learning/angular_buch/book-monkey/node_modules/@stryker-mutator
11:33:36 (37107) DEBUG PluginLoader Loading plugin "@stryker-mutator/karma-runner" (matched with expression @stryker-mutator/*)
11:33:36 (37107) DEBUG PluginLoader Loading plugin "@stryker-mutator/typescript-checker" (matched with expression @stryker-mutator/*)
11:33:36 (37107) DEBUG PluginLoader Loading plugin @stryker-mutator/karma-runner
11:33:36 (37107) DEBUG PluginLoader Loading plugin @stryker-mutator/typescript-checker
11:33:36 (37107) DEBUG PluginLoader Loading plugin file:///Users/bodo.teichmann/dev/learning/angular_buch/book-monkey/node_modules/@stryker-mutator/core/dist/src/reporters/index.js
11:33:37 (37107) DEBUG MetaSchemaBuilder Contributing 1 schemas from plugins to options validation.
11:33:37 (37107) WARN ProjectReader Glob pattern "!src/**/*.spec.ts" did not exclude any files.
11:33:37 (37107) WARN ProjectReader Glob pattern "!src/test.ts" did not exclude any files.
11:33:37 (37107) WARN ProjectReader Glob pattern "!src/environments/*.ts" did not exclude any files.
11:33:37 (37107) WARN ProjectReader Glob pattern "!src/**/*.module.ts" did not exclude any files.
11:33:37 (37107) WARN ProjectReader Glob pattern "!src/main.ts" did not exclude any files.
11:33:37 (37107) WARN ProjectReader Glob pattern "!cypress/**" did not exclude any files.
11:33:37 (37107) WARN ProjectReader No files marked to be mutated, Stryker will perform a dry-run without actually mutating anything. You can configure the `mutate` property in your config file (or use `--mutate` via command line).
11:33:37 (37107) DEBUG ProjectReader All input files: [
  "/Users/bodo.teichmann/dev/learning/angular_buch/book-monkey/src/app/search/search.reducer.ts"
]
11:33:37 (37107) DEBUG ProjectReader Files to mutate: []
11:33:37 (37107) DEBUG TemporaryDirectory Using temp directory "/Users/bodo.teichmann/dev/learning/angular_buch/book-monkey/.stryker-tmp"
11:33:37 (37107) DEBUG Instrumenter Instrumenting 0 source files with mutants
11:33:37 (37107) INFO Instrumenter Instrumented 0 source file(s) with 0 mutant(s)
11:33:37 (37107) INFO ConcurrencyTokenProvider Creating 2 checker process(es) and 2 test runner process(es).
11:33:37 (37107) DEBUG ChildProcessProxy Started CheckerWorker in child process 37110
11:33:37 (37107) DEBUG ChildProcessProxy Started CheckerWorker in child process 37111
11:33:37 (37110) DEBUG PluginLoader Loading plugin @stryker-mutator/karma-runner
11:33:37 (37110) DEBUG PluginLoader Loading plugin @stryker-mutator/typescript-checker
11:33:37 (37110) DEBUG PluginLoader Loading plugin file:///Users/bodo.teichmann/dev/learning/angular_buch/book-monkey/node_modules/@stryker-mutator/core/dist/src/reporters/index.js
11:33:37 (37111) DEBUG PluginLoader Loading plugin @stryker-mutator/karma-runner
11:33:37 (37111) DEBUG PluginLoader Loading plugin @stryker-mutator/typescript-checker
11:33:37 (37111) DEBUG PluginLoader Loading plugin file:///Users/bodo.teichmann/dev/learning/angular_buch/book-monkey/node_modules/@stryker-mutator/core/dist/src/reporters/index.js
11:33:42 (37107) INFO Sandbox In place mode is enabled, Stryker will be overriding YOUR files. Find your backup at: .stryker-tmp/backup9261401
11:33:42 (37107) DEBUG Sandbox Start symlink node_modules
11:33:42 (37107) DEBUG BroadcastReporter Broadcasting to reporters ["progress","clear-text","html","dashboard","json"]
11:33:42 (37107) DEBUG ChildProcessProxy Started ChildProcessTestRunnerWorker in child process 37113
11:33:42 (37107) DEBUG ChildProcessProxy Started ChildProcessTestRunnerWorker in child process 37114
11:33:42 (37114) DEBUG PluginLoader Loading plugin @stryker-mutator/karma-runner
11:33:42 (37114) DEBUG PluginLoader Loading plugin @stryker-mutator/typescript-checker
11:33:42 (37114) DEBUG PluginLoader Loading plugin file:///Users/bodo.teichmann/dev/learning/angular_buch/book-monkey/node_modules/@stryker-mutator/core/dist/src/reporters/index.js
11:33:42 (37113) DEBUG PluginLoader Loading plugin @stryker-mutator/karma-runner
11:33:42 (37113) DEBUG PluginLoader Loading plugin @stryker-mutator/typescript-checker
11:33:42 (37113) DEBUG PluginLoader Loading plugin file:///Users/bodo.teichmann/dev/learning/angular_buch/book-monkey/node_modules/@stryker-mutator/core/dist/src/reporters/index.js
11:33:43 (37114) DEBUG AngularProjectStarter Starting Angular tests: ng test --progress=false --karma-config=/Users/bodo.teichmann/dev/learning/angular_buch/book-monkey/node_modules/@stryker-mutator/karma-runner/stryker-karma.conf.cjs
11:33:43 (37113) DEBUG AngularProjectStarter Starting Angular tests: ng test --progress=false --karma-config=/Users/bodo.teichmann/dev/learning/angular_buch/book-monkey/node_modules/@stryker-mutator/karma-runner/stryker-karma.conf.cjs
11:33:56 (37107) INFO DryRunExecutor Starting initial test run (karma test runner with "perTest" coverage analysis). This may take a while.
11:33:56 (37107) DEBUG DryRunExecutor Using timeout of 300000 ms.
11:33:56 (37107) DEBUG TimeoutDecorator Starting timeout timer (300000 ms) for a test run
11:33:59 (37107) ERROR DryRunExecutor One or more tests failed in the initial test run:
	BookEditComponent but  isbn number does not exist and service thorws an error  should  show an error if isbn number does not exist 
		TypeError: Cannot set properties of undefined (setting 'currentTestId')
    at Object.specStarted (http://localhost:9877/base/node_modules/@stryker-mutator/karma-runner/dist/src/karma-plugins/test-hooks-middleware-21f23d35-a4c9-4b01-aeff-da9c99c3ffc0.js?undefined:5:44)
    at <Jasmine>
    at ZoneQueueRunner.jasmine.QueueRunner.ZoneQueueRunner.execute (node_modules/zone.js/fesm2015/zone-testing.js:692:42)
    at <Jasmine>, NullInjectorError: R3InjectorError(DynamicTestModule)[Store -> Store]: 
  NullInjectorError: No provider for Store!
error properties: Object({ ngTempTokenPath: null, ngTokenPath: [ 'Store', 'Store' ] })
    at NullInjector.get (node_modules/@angular/core/fesm2020/core.mjs:6364:27)
    at R3Injector.get (node_modules/@angular/core/fesm2020/core.mjs:6791:33)
    at R3Injector.get (node_modules/@angular/core/fesm2020/core.mjs:6791:33)
    at ChainedInjector.get (node_modules/@angular/core/fesm2020/core.mjs:13868:36)
    at lookupTokenUsingModuleInjector (node_modules/@angular/core/fesm2020/core.mjs:3286:39)
    at getOrCreateInjectable (node_modules/@angular/core/fesm2020/core.mjs:3331:12)
    at directiveInject (node_modules/@angular/core/fesm2020/core.mjs:10881:12)
    at NodeInjectorFactory.factory (ng:///BookEditComponent/fac.js:5:7)
    at getNodeInjectable (node_modules/@angular/core/fesm2020/core.mjs:3516:44)
    at instantiateRootComponent (node_modules/@angular/core/fesm2020/core.mjs:12587:23)
	BookEditComponent but  isbn number does not exist and service thorws NO error but an empty response  should  show an error if isbn number does not exist 
		TypeError: Cannot set properties of undefined (setting 'currentTestId')
    at Object.specStarted (http://localhost:9877/base/node_modules/@stryker-mutator/karma-runner/dist/src/karma-plugins/test-hooks-middleware-21f23d35-a4c9-4b01-aeff-da9c99c3ffc0.js?undefined:5:44)
    at <Jasmine>
    at ZoneQueueRunner.jasmine.QueueRunner.ZoneQueueRunner.execute (node_modules/zone.js/fesm2015/zone-testing.js:692:42)
    at <Jasmine>, NullInjectorError: R3InjectorError(DynamicTestModule)[Store -> Store]: 
  NullInjectorError: No provider for Store!
error properties: Object({ ngTempTokenPath: null, ngTokenPath: [ 'Store', 'Store' ] })
    at NullInjector.get (node_modules/@angular/core/fesm2020/core.mjs:6364:27)
    at R3Injector.get (node_modules/@angular/core/fesm2020/core.mjs:6791:33)
    at R3Injector.get (node_modules/@angular/core/fesm2020/core.mjs:6791:33)
    at ChainedInjector.get (node_modules/@angular/core/fesm2020/core.mjs:13868:36)
    at lookupTokenUsingModuleInjector (node_modules/@angular/core/fesm2020/core.mjs:3286:39)
    at getOrCreateInjectable (node_modules/@angular/core/fesm2020/core.mjs:3331:12)
    at directiveInject (node_modules/@angular/core/fesm2020/core.mjs:10881:12)
    at NodeInjectorFactory.factory (ng:///BookEditComponent/fac.js:5:7)
    at getNodeInjectable (node_modules/@angular/core/fesm2020/core.mjs:3516:44)
    at instantiateRootComponent (node_modules/@angular/core/fesm2020/core.mjs:12587:23)
	BookEditComponent with existing isbn number should create component and should call bookStoreService.get() with ISBN number on ngOnInit()
		TypeError: Cannot set properties of undefined (setting 'currentTestId')
    at Object.specStarted (http://localhost:9877/base/node_modules/@stryker-mutator/karma-runner/dist/src/karma-plugins/test-hooks-middleware-21f23d35-a4c9-4b01-aeff-da9c99c3ffc0.js?undefined:5:44)
    at <Jasmine>
    at ZoneQueueRunner.jasmine.QueueRunner.ZoneQueueRunner.execute (node_modules/zone.js/fesm2015/zone-testing.js:692:42)
    at <Jasmine>, NullInjectorError: R3InjectorError(DynamicTestModule)[Store -> Store]: 
  NullInjectorError: No provider for Store!
error properties: Object({ ngTempTokenPath: null, ngTokenPath: [ 'Store', 'Store' ] })
    at NullInjector.get (node_modules/@angular/core/fesm2020/core.mjs:6364:27)
    at R3Injector.get (node_modules/@angular/core/fesm2020/core.mjs:6791:33)
    at R3Injector.get (node_modules/@angular/core/fesm2020/core.mjs:6791:33)
    at ChainedInjector.get (node_modules/@angular/core/fesm2020/core.mjs:13868:36)
    at lookupTokenUsingModuleInjector (node_modules/@angular/core/fesm2020/core.mjs:3286:39)
    at getOrCreateInjectable (node_modules/@angular/core/fesm2020/core.mjs:3331:12)
    at directiveInject (node_modules/@angular/core/fesm2020/core.mjs:10881:12)
    at NodeInjectorFactory.factory (ng:///BookEditComponent/fac.js:5:7)
    at getNodeInjectable (node_modules/@angular/core/fesm2020/core.mjs:3516:44)
    at instantiateRootComponent (node_modules/@angular/core/fesm2020/core.mjs:12587:23)
	BookFormsComponent with existing book where AsyncValidatorFn is not used,  form should be valid and emit the new book data to the saveBookEventEmitter Output emitterif a book is given to ngOnChanges
		TypeError: Cannot set properties of undefined (setting 'currentTestId')
    at Object.specStarted (http://localhost:9877/base/node_modules/@stryker-mutator/karma-runner/dist/src/karma-plugins/test-hooks-middleware-21f23d35-a4c9-4b01-aeff-da9c99c3ffc0.js?undefined:5:44)
    at <Jasmine>
    at ZoneQueueRunner.jasmine.QueueRunner.ZoneQueueRunner.execute (node_modules/zone.js/fesm2015/zone-testing.js:692:42)
    at <Jasmine>
	BookFormsComponent with new book and AsyncValidatorFn or the checkAuthors validator  returns an error  should create
		TypeError: Cannot set properties of undefined (setting 'currentTestId')
    at Object.specStarted (http://localhost:9877/base/node_modules/@stryker-mutator/karma-runner/dist/src/karma-plugins/test-hooks-middleware-21f23d35-a4c9-4b01-aeff-da9c99c3ffc0.js?undefined:5:44)
    at <Jasmine>
    at ZoneQueueRunner.jasmine.QueueRunner.ZoneQueueRunner.execute (node_modules/zone.js/fesm2015/zone-testing.js:692:42)
    at <Jasmine>
	BookFormsComponent with new book and isbnLength validator  returns an error  should create the edit form, which should not be valid
		TypeError: Cannot set properties of undefined (setting 'currentTestId')
    at Object.specStarted (http://localhost:9877/base/node_modules/@stryker-mutator/karma-runner/dist/src/karma-plugins/test-hooks-middleware-21f23d35-a4c9-4b01-aeff-da9c99c3ffc0.js?undefined:5:44)
    at <Jasmine>
    at ZoneQueueRunner.jasmine.QueueRunner.ZoneQueueRunner.execute (node_modules/zone.js/fesm2015/zone-testing.js:692:42)
    at <Jasmine>, Expected $.published = '2022-10-01' to equal Date(Wed Aug 10 2022 01:00:00 GMT+0100 (British Summer Time)).
    at <Jasmine>
    at UserContext.apply (src/app/admin/book-edit/book-form.component.spec.ts:332:40)
    at _ZoneDelegate.invoke (node_modules/zone.js/fesm2015/zone.js:372:26)
    at ProxyZoneSpec.onInvoke (node_modules/zone.js/fesm2015/zone-testing.js:287:39)
	BookFormsComponent with new book and AsyncValidatorFn that returns no errors should call bookFormSaveBook method, when button is clicked, and emit Event if Form is  valid
		TypeError: Cannot set properties of undefined (setting 'currentTestId')
    at Object.specStarted (http://localhost:9877/base/node_modules/@stryker-mutator/karma-runner/dist/src/karma-plugins/test-hooks-middleware-21f23d35-a4c9-4b01-aeff-da9c99c3ffc0.js?undefined:5:44)
    at <Jasmine>
    at ZoneQueueRunner.jasmine.QueueRunner.ZoneQueueRunner.execute (node_modules/zone.js/fesm2015/zone-testing.js:692:42)
    at <Jasmine>
	BookFormsComponent with new book and required or isbn validator that returns an error should disable the save button, when isbn number is not valid, or rating is not valid
		TypeError: Cannot set properties of undefined (setting 'currentTestId')
    at Object.specStarted (http://localhost:9877/base/node_modules/@stryker-mutator/karma-runner/dist/src/karma-plugins/test-hooks-middleware-21f23d35-a4c9-4b01-aeff-da9c99c3ffc0.js?undefined:5:44)
    at <Jasmine>
    at ZoneQueueRunner.jasmine.QueueRunner.ZoneQueueRunner.execute (node_modules/zone.js/fesm2015/zone-testing.js:692:42)
    at <Jasmine>
	CreateBookComponent should create, set "save" to true for 5 sec and set successmessage to the result
		TypeError: Cannot set properties of undefined (setting 'currentTestId')
    at Object.specStarted (http://localhost:9877/base/node_modules/@stryker-mutator/karma-runner/dist/src/karma-plugins/test-hooks-middleware-21f23d35-a4c9-4b01-aeff-da9c99c3ffc0.js?undefined:5:44)
    at <Jasmine>
    at ZoneQueueRunner.jasmine.QueueRunner.ZoneQueueRunner.execute (node_modules/zone.js/fesm2015/zone-testing.js:692:42)
    at <Jasmine>, NullInjectorError: R3InjectorError(DynamicTestModule)[Store -> Store]: 
  NullInjectorError: No provider for Store!
error properties: Object({ ngTempTokenPath: null, ngTokenPath: [ 'Store', 'Store' ] })
    at NullInjector.get (node_modules/@angular/core/fesm2020/core.mjs:6364:27)
    at R3Injector.get (node_modules/@angular/core/fesm2020/core.mjs:6791:33)
    at R3Injector.get (node_modules/@angular/core/fesm2020/core.mjs:6791:33)
    at ChainedInjector.get (node_modules/@angular/core/fesm2020/core.mjs:13868:36)
    at lookupTokenUsingModuleInjector (node_modules/@angular/core/fesm2020/core.mjs:3286:39)
    at getOrCreateInjectable (node_modules/@angular/core/fesm2020/core.mjs:3331:12)
    at directiveInject (node_modules/@angular/core/fesm2020/core.mjs:10881:12)
    at NodeInjectorFactory.factory (ng:///CreateBookComponent/fac.js:4:47)
    at getNodeInjectable (node_modules/@angular/core/fesm2020/core.mjs:3516:44)
    at instantiateRootComponent (node_modules/@angular/core/fesm2020/core.mjs:12587:23)
	FormMessagesComponent should create an array of errormessage that fit to a "title" control 
		TypeError: Cannot set properties of undefined (setting 'currentTestId')
    at Object.specStarted (http://localhost:9877/base/node_modules/@stryker-mutator/karma-runner/dist/src/karma-plugins/test-hooks-middleware-21f23d35-a4c9-4b01-aeff-da9c99c3ffc0.js?undefined:5:44)
    at <Jasmine>
    at ZoneQueueRunner.jasmine.QueueRunner.ZoneQueueRunner.execute (node_modules/zone.js/fesm2015/zone-testing.js:692:42)
    at <Jasmine>
	BodosValidatorService should return null if FormControlArray has at least one author
		TypeError: Cannot set properties of undefined (setting 'currentTestId')
    at Object.specStarted (http://localhost:9877/base/node_modules/@stryker-mutator/karma-runner/dist/src/karma-plugins/test-hooks-middleware-21f23d35-a4c9-4b01-aeff-da9c99c3ffc0.js?undefined:5:44)
    at <Jasmine>
    at ZoneQueueRunner.jasmine.QueueRunner.ZoneQueueRunner.execute (node_modules/zone.js/fesm2015/zone-testing.js:692:42)
    at <Jasmine>
	AppComponent should create the app
		TypeError: Cannot set properties of undefined (setting 'currentTestId')
    at Object.specStarted (http://localhost:9877/base/node_modules/@stryker-mutator/karma-runner/dist/src/karma-plugins/test-hooks-middleware-21f23d35-a4c9-4b01-aeff-da9c99c3ffc0.js?undefined:5:44)
    at <Jasmine>
    at ZoneQueueRunner.jasmine.QueueRunner.ZoneQueueRunner.execute (node_modules/zone.js/fesm2015/zone-testing.js:692:42)
    at <Jasmine>, NullInjectorError: R3InjectorError(DynamicTestModule)[Store -> Store]: 
  NullInjectorError: No provider for Store!
error properties: Object({ ngTempTokenPath: null, ngTokenPath: [ 'Store', 'Store' ] })
    at NullInjector.get (node_modules/@angular/core/fesm2020/core.mjs:6364:27)
    at R3Injector.get (node_modules/@angular/core/fesm2020/core.mjs:6791:33)
    at R3Injector.get (node_modules/@angular/core/fesm2020/core.mjs:6791:33)
    at ChainedInjector.get (node_modules/@angular/core/fesm2020/core.mjs:13868:36)
    at lookupTokenUsingModuleInjector (node_modules/@angular/core/fesm2020/core.mjs:3286:39)
    at getOrCreateInjectable (node_modules/@angular/core/fesm2020/core.mjs:3331:12)
    at directiveInject (node_modules/@angular/core/fesm2020/core.mjs:10881:12)
    at NodeInjectorFactory.factory (ng:///AppComponent/fac.js:4:40)
    at getNodeInjectable (node_modules/@angular/core/fesm2020/core.mjs:3516:44)
    at instantiateRootComponent (node_modules/@angular/core/fesm2020/core.mjs:12587:23)
	BookDetailsComponent and IsbnPipe should create
		TypeError: Cannot set properties of undefined (setting 'currentTestId')
    at Object.specStarted (http://localhost:9877/base/node_modules/@stryker-mutator/karma-runner/dist/src/karma-plugins/test-hooks-middleware-21f23d35-a4c9-4b01-aeff-da9c99c3ffc0.js?undefined:5:44)
    at <Jasmine>
    at ZoneQueueRunner.jasmine.QueueRunner.ZoneQueueRunner.execute (node_modules/zone.js/fesm2015/zone-testing.js:692:42)
    at <Jasmine>, NullInjectorError: R3InjectorError(DynamicTestModule)[Store -> Store]: 
  NullInjectorError: No provider for Store!
error properties: Object({ ngTempTokenPath: null, ngTokenPath: [ 'Store', 'Store' ] })
    at NullInjector.get (node_modules/@angular/core/fesm2020/core.mjs:6364:27)
    at R3Injector.get (node_modules/@angular/core/fesm2020/core.mjs:6791:33)
    at R3Injector.get (node_modules/@angular/core/fesm2020/core.mjs:6791:33)
    at ChainedInjector.get (node_modules/@angular/core/fesm2020/core.mjs:13868:36)
    at lookupTokenUsingModuleInjector (node_modules/@angular/core/fesm2020/core.mjs:3286:39)
    at getOrCreateInjectable (node_modules/@angular/core/fesm2020/core.mjs:3331:12)
    at directiveInject (node_modules/@angular/core/fesm2020/core.mjs:10881:12)
    at NodeInjectorFactory.factory (ng:///BookDetailsComponent/fac.js:5:53)
    at getNodeInjectable (node_modules/@angular/core/fesm2020/core.mjs:3516:44)
    at instantiateRootComponent (node_modules/@angular/core/fesm2020/core.mjs:12587:23)
	BookListItemComponent should create
		TypeError: Cannot set properties of undefined (setting 'currentTestId')
    at Object.specStarted (http://localhost:9877/base/node_modules/@stryker-mutator/karma-runner/dist/src/karma-plugins/test-hooks-middleware-21f23d35-a4c9-4b01-aeff-da9c99c3ffc0.js?undefined:5:44)
    at <Jasmine>
    at ZoneQueueRunner.jasmine.QueueRunner.ZoneQueueRunner.execute (node_modules/zone.js/fesm2015/zone-testing.js:692:42)
    at <Jasmine>
	BookListComponent should create and get the of(book[]) 
		TypeError: Cannot set properties of undefined (setting 'currentTestId')
    at Object.specStarted (http://localhost:9877/base/node_modules/@stryker-mutator/karma-runner/dist/src/karma-plugins/test-hooks-middleware-21f23d35-a4c9-4b01-aeff-da9c99c3ffc0.js?undefined:5:44)
    at <Jasmine>
    at ZoneQueueRunner.jasmine.QueueRunner.ZoneQueueRunner.execute (node_modules/zone.js/fesm2015/zone-testing.js:692:42)
    at <Jasmine>, NullInjectorError: R3InjectorError(DynamicTestModule)[Store -> Store]: 
  NullInjectorError: No provider for Store!
error properties: Object({ ngTempTokenPath: null, ngTokenPath: [ 'Store', 'Store' ] })
    at NullInjector.get (node_modules/@angular/core/fesm2020/core.mjs:6364:27)
    at R3Injector.get (node_modules/@angular/core/fesm2020/core.mjs:6791:33)
    at R3Injector.get (node_modules/@angular/core/fesm2020/core.mjs:6791:33)
    at ChainedInjector.get (node_modules/@angular/core/fesm2020/core.mjs:13868:36)
    at lookupTokenUsingModuleInjector (node_modules/@angular/core/fesm2020/core.mjs:3286:39)
    at getOrCreateInjectable (node_modules/@angular/core/fesm2020/core.mjs:3331:12)
    at directiveInject (node_modules/@angular/core/fesm2020/core.mjs:10881:12)
    at NodeInjectorFactory.factory (ng:///BookListComponent/fac.js:5:7)
    at getNodeInjectable (node_modules/@angular/core/fesm2020/core.mjs:3516:44)
    at instantiateRootComponent (node_modules/@angular/core/fesm2020/core.mjs:12587:23)
	ListLoadedGuard should be created
		TypeError: Cannot set properties of undefined (setting 'currentTestId')
    at Object.specStarted (http://localhost:9877/base/node_modules/@stryker-mutator/karma-runner/dist/src/karma-plugins/test-hooks-middleware-21f23d35-a4c9-4b01-aeff-da9c99c3ffc0.js?undefined:5:44)
    at <Jasmine>
    at ZoneQueueRunner.jasmine.QueueRunner.ZoneQueueRunner.execute (node_modules/zone.js/fesm2015/zone-testing.js:692:42)
    at <Jasmine>, NullInjectorError: R3InjectorError(DynamicTestModule)[ListLoadedGuard -> BookStoreService -> HttpClient -> HttpClient]: 
  NullInjectorError: No provider for HttpClient!
error properties: Object({ ngTempTokenPath: null, ngTokenPath: [ 'ListLoadedGuard', 'BookStoreService', 'HttpClient', 'HttpClient' ] })
    at NullInjector.get (node_modules/@angular/core/fesm2020/core.mjs:6364:27)
    at R3Injector.get (node_modules/@angular/core/fesm2020/core.mjs:6791:33)
    at R3Injector.get (node_modules/@angular/core/fesm2020/core.mjs:6791:33)
    at injectInjectorOnly (node_modules/@angular/core/fesm2020/core.mjs:4775:33)
    at inject (node_modules/@angular/core/fesm2020/core.mjs:4779:12)
    at Object.factory (ng:///BookStoreService/fac.js:4:44)
    at R3Injector.hydrate (node_modules/@angular/core/fesm2020/core.mjs:6892:35)
    at R3Injector.get (node_modules/@angular/core/fesm2020/core.mjs:6780:33)
    at injectInjectorOnly (node_modules/@angular/core/fesm2020/core.mjs:4775:33)
    at inject (node_modules/@angular/core/fesm2020/core.mjs:4779:12)
	DelayDirective ..delay 100ms   should create an instance of the parent test component with style.visiblity = hidden, after 10ms should change to visible 
		TypeError: Cannot set properties of undefined (setting 'currentTestId')
    at Object.specStarted (http://localhost:9877/base/node_modules/@stryker-mutator/karma-runner/dist/src/karma-plugins/test-hooks-middleware-21f23d35-a4c9-4b01-aeff-da9c99c3ffc0.js?undefined:5:44)
    at <Jasmine>
    at ZoneQueueRunner.jasmine.QueueRunner.ZoneQueueRunner.execute (node_modules/zone.js/fesm2015/zone-testing.js:692:42)
    at <Jasmine>
	DelayDirective ..delay undefined (same as 0ms!) ..  should create an instance of the parent test component with style.visiblity = hidden, after 10ms should change to visible 
		TypeError: Cannot set properties of undefined (setting 'currentTestId')
    at Object.specStarted (http://localhost:9877/base/node_modules/@stryker-mutator/karma-runner/dist/src/karma-plugins/test-hooks-middleware-21f23d35-a4c9-4b01-aeff-da9c99c3ffc0.js?undefined:5:44)
    at <Jasmine>
    at ZoneQueueRunner.jasmine.QueueRunner.ZoneQueueRunner.execute (node_modules/zone.js/fesm2015/zone-testing.js:692:42)
    at <Jasmine>
	IsbnPipe create an instance
		TypeError: Cannot set properties of undefined (setting 'currentTestId')
    at Object.specStarted (http://localhost:9877/base/node_modules/@stryker-mutator/karma-runner/dist/src/karma-plugins/test-hooks-middleware-21f23d35-a4c9-4b01-aeff-da9c99c3ffc0.js?undefined:5:44)
    at <Jasmine>
    at ZoneQueueRunner.jasmine.QueueRunner.ZoneQueueRunner.execute (node_modules/zone.js/fesm2015/zone-testing.js:692:42)
    at <Jasmine>
	ZoomDirective should create an instance
		TypeError: Cannot set properties of undefined (setting 'currentTestId')
    at Object.specStarted (http://localhost:9877/base/node_modules/@stryker-mutator/karma-runner/dist/src/karma-plugins/test-hooks-middleware-21f23d35-a4c9-4b01-aeff-da9c99c3ffc0.js?undefined:5:44)
    at <Jasmine>
    at ZoneQueueRunner.jasmine.QueueRunner.ZoneQueueRunner.execute (node_modules/zone.js/fesm2015/zone-testing.js:692:42)
    at <Jasmine>
	BookEntityEffects should be created
		TypeError: Cannot set properties of undefined (setting 'currentTestId')
    at Object.specStarted (http://localhost:9877/base/node_modules/@stryker-mutator/karma-runner/dist/src/karma-plugins/test-hooks-middleware-21f23d35-a4c9-4b01-aeff-da9c99c3ffc0.js?undefined:5:44)
    at <Jasmine>
    at ZoneQueueRunner.jasmine.QueueRunner.ZoneQueueRunner.execute (node_modules/zone.js/fesm2015/zone-testing.js:692:42)
    at <Jasmine>, NullInjectorError: R3InjectorError(DynamicTestModule)[BookEntityEffects -> BookStoreService -> HttpClient -> HttpClient]: 
  NullInjectorError: No provider for HttpClient!
error properties: Object({ ngTempTokenPath: null, ngTokenPath: [ 'BookEntityEffects', 'BookStoreService', 'HttpClient', 'HttpClient' ] })
    at NullInjector.get (node_modules/@angular/core/fesm2020/core.mjs:6364:27)
    at R3Injector.get (node_modules/@angular/core/fesm2020/core.mjs:6791:33)
    at R3Injector.get (node_modules/@angular/core/fesm2020/core.mjs:6791:33)
    at injectInjectorOnly (node_modules/@angular/core/fesm2020/core.mjs:4775:33)
    at inject (node_modules/@angular/core/fesm2020/core.mjs:4779:12)
    at Object.factory (ng:///BookStoreService/fac.js:4:44)
    at R3Injector.hydrate (node_modules/@angular/core/fesm2020/core.mjs:6892:35)
    at R3Injector.get (node_modules/@angular/core/fesm2020/core.mjs:6780:33)
    at injectInjectorOnly (node_modules/@angular/core/fesm2020/core.mjs:4775:33)
    at inject (node_modules/@angular/core/fesm2020/core.mjs:4779:12)
	BookEntity Reducer unknown action should return the previous state
		TypeError: Cannot set properties of undefined (setting 'currentTestId')
    at Object.specStarted (http://localhost:9877/base/node_modules/@stryker-mutator/karma-runner/dist/src/karma-plugins/test-hooks-middleware-21f23d35-a4c9-4b01-aeff-da9c99c3ffc0.js?undefined:5:44)
    at <Jasmine>
    at ZoneQueueRunner.jasmine.QueueRunner.ZoneQueueRunner.execute (node_modules/zone.js/fesm2015/zone-testing.js:692:42)
    at <Jasmine>
	ErrorPageComponent should create
		TypeError: Cannot set properties of undefined (setting 'currentTestId')
    at Object.specStarted (http://localhost:9877/base/node_modules/@stryker-mutator/karma-runner/dist/src/karma-plugins/test-hooks-middleware-21f23d35-a4c9-4b01-aeff-da9c99c3ffc0.js?undefined:5:44)
    at <Jasmine>
    at ZoneQueueRunner.jasmine.QueueRunner.ZoneQueueRunner.execute (node_modules/zone.js/fesm2015/zone-testing.js:692:42)
    at <Jasmine>, NullInjectorError: R3InjectorError(DynamicTestModule)[Store -> Store]: 
  NullInjectorError: No provider for Store!
error properties: Object({ ngTempTokenPath: null, ngTokenPath: [ 'Store', 'Store' ] })
    at NullInjector.get (node_modules/@angular/core/fesm2020/core.mjs:6364:27)
    at R3Injector.get (node_modules/@angular/core/fesm2020/core.mjs:6791:33)
    at R3Injector.get (node_modules/@angular/core/fesm2020/core.mjs:6791:33)
    at ChainedInjector.get (node_modules/@angular/core/fesm2020/core.mjs:13868:36)
    at lookupTokenUsingModuleInjector (node_modules/@angular/core/fesm2020/core.mjs:3286:39)
    at getOrCreateInjectable (node_modules/@angular/core/fesm2020/core.mjs:3331:12)
    at directiveInject (node_modules/@angular/core/fesm2020/core.mjs:10881:12)
    at NodeInjectorFactory.factory (ng:///ErrorPageComponent/fac.js:4:46)
    at getNodeInjectable (node_modules/@angular/core/fesm2020/core.mjs:3516:44)
    at instantiateRootComponent (node_modules/@angular/core/fesm2020/core.mjs:12587:23)
	HomeComponent should create
		TypeError: Cannot set properties of undefined (setting 'currentTestId')
    at Object.specStarted (http://localhost:9877/base/node_modules/@stryker-mutator/karma-runner/dist/src/karma-plugins/test-hooks-middleware-21f23d35-a4c9-4b01-aeff-da9c99c3ffc0.js?undefined:5:44)
    at <Jasmine>
    at ZoneQueueRunner.jasmine.QueueRunner.ZoneQueueRunner.execute (node_modules/zone.js/fesm2015/zone-testing.js:692:42)
    at <Jasmine>, NullInjectorError: R3InjectorError(DynamicTestModule)[Store -> Store]: 
  NullInjectorError: No provider for Store!
error properties: Object({ ngTempTokenPath: null, ngTokenPath: [ 'Store', 'Store' ] })
    at NullInjector.get (node_modules/@angular/core/fesm2020/core.mjs:6364:27)
    at R3Injector.get (node_modules/@angular/core/fesm2020/core.mjs:6791:33)
    at R3Injector.get (node_modules/@angular/core/fesm2020/core.mjs:6791:33)
    at ChainedInjector.get (node_modules/@angular/core/fesm2020/core.mjs:13868:36)
    at lookupTokenUsingModuleInjector (node_modules/@angular/core/fesm2020/core.mjs:3286:39)
    at getOrCreateInjectable (node_modules/@angular/core/fesm2020/core.mjs:3331:12)
    at directiveInject (node_modules/@angular/core/fesm2020/core.mjs:10881:12)
    at NodeInjectorFactory.factory (ng:///SearchComponent/fac.js:4:43)
    at getNodeInjectable (node_modules/@angular/core/fesm2020/core.mjs:3516:44)
    at instantiateAllDirectives (node_modules/@angular/core/fesm2020/core.mjs:12726:27)
	SearchComponent should create
		TypeError: Cannot set properties of undefined (setting 'currentTestId')
    at Object.specStarted (http://localhost:9877/base/node_modules/@stryker-mutator/karma-runner/dist/src/karma-plugins/test-hooks-middleware-21f23d35-a4c9-4b01-aeff-da9c99c3ffc0.js?undefined:5:44)
    at <Jasmine>
    at ZoneQueueRunner.jasmine.QueueRunner.ZoneQueueRunner.execute (node_modules/zone.js/fesm2015/zone-testing.js:692:42)
    at <Jasmine>, NullInjectorError: R3InjectorError(DynamicTestModule)[Store -> Store]: 
  NullInjectorError: No provider for Store!
error properties: Object({ ngTempTokenPath: null, ngTokenPath: [ 'Store', 'Store' ] })
    at NullInjector.get (node_modules/@angular/core/fesm2020/core.mjs:6364:27)
    at R3Injector.get (node_modules/@angular/core/fesm2020/core.mjs:6791:33)
    at R3Injector.get (node_modules/@angular/core/fesm2020/core.mjs:6791:33)
    at ChainedInjector.get (node_modules/@angular/core/fesm2020/core.mjs:13868:36)
    at lookupTokenUsingModuleInjector (node_modules/@angular/core/fesm2020/core.mjs:3286:39)
    at getOrCreateInjectable (node_modules/@angular/core/fesm2020/core.mjs:3331:12)
    at directiveInject (node_modules/@angular/core/fesm2020/core.mjs:10881:12)
    at NodeInjectorFactory.factory (ng:///SearchComponent/fac.js:4:43)
    at getNodeInjectable (node_modules/@angular/core/fesm2020/core.mjs:3516:44)
    at instantiateRootComponent (node_modules/@angular/core/fesm2020/core.mjs:12587:23)
	SearchEffects should be created
		TypeError: Cannot set properties of undefined (setting 'currentTestId')
    at Object.specStarted (http://localhost:9877/base/node_modules/@stryker-mutator/karma-runner/dist/src/karma-plugins/test-hooks-middleware-21f23d35-a4c9-4b01-aeff-da9c99c3ffc0.js?undefined:5:44)
    at <Jasmine>
    at ZoneQueueRunner.jasmine.QueueRunner.ZoneQueueRunner.execute (node_modules/zone.js/fesm2015/zone-testing.js:692:42)
    at <Jasmine>, NullInjectorError: R3InjectorError(DynamicTestModule)[SearchEffects -> BookStoreService -> HttpClient -> HttpClient]: 
  NullInjectorError: No provider for HttpClient!
error properties: Object({ ngTempTokenPath: null, ngTokenPath: [ 'SearchEffects', 'BookStoreService', 'HttpClient', 'HttpClient' ] })
    at NullInjector.get (node_modules/@angular/core/fesm2020/core.mjs:6364:27)
    at R3Injector.get (node_modules/@angular/core/fesm2020/core.mjs:6791:33)
    at R3Injector.get (node_modules/@angular/core/fesm2020/core.mjs:6791:33)
    at injectInjectorOnly (node_modules/@angular/core/fesm2020/core.mjs:4775:33)
    at inject (node_modules/@angular/core/fesm2020/core.mjs:4779:12)
    at Object.factory (ng:///BookStoreService/fac.js:4:44)
    at R3Injector.hydrate (node_modules/@angular/core/fesm2020/core.mjs:6892:35)
    at R3Injector.get (node_modules/@angular/core/fesm2020/core.mjs:6780:33)
    at injectInjectorOnly (node_modules/@angular/core/fesm2020/core.mjs:4775:33)
    at inject (node_modules/@angular/core/fesm2020/core.mjs:4779:12)
	Search Reducer an unknown action should return the previous state
		TypeError: Cannot set properties of undefined (setting 'currentTestId')
    at Object.specStarted (http://localhost:9877/base/node_modules/@stryker-mutator/karma-runner/dist/src/karma-plugins/test-hooks-middleware-21f23d35-a4c9-4b01-aeff-da9c99c3ffc0.js?undefined:5:44)
    at <Jasmine>
    at ZoneQueueRunner.jasmine.QueueRunner.ZoneQueueRunner.execute (node_modules/zone.js/fesm2015/zone-testing.js:692:42)
    at <Jasmine>
	Search Selectors should select the feature state
		TypeError: Cannot set properties of undefined (setting 'currentTestId')
    at Object.specStarted (http://localhost:9877/base/node_modules/@stryker-mutator/karma-runner/dist/src/karma-plugins/test-hooks-middleware-21f23d35-a4c9-4b01-aeff-da9c99c3ffc0.js?undefined:5:44)
    at <Jasmine>
    at ZoneQueueRunner.jasmine.QueueRunner.ZoneQueueRunner.execute (node_modules/zone.js/fesm2015/zone-testing.js:692:42)
    at <Jasmine>
	BookFactoryService should get an empty book
		TypeError: Cannot set properties of undefined (setting 'currentTestId')
    at Object.specStarted (http://localhost:9877/base/node_modules/@stryker-mutator/karma-runner/dist/src/karma-plugins/test-hooks-middleware-21f23d35-a4c9-4b01-aeff-da9c99c3ffc0.js?undefined:5:44)
    at <Jasmine>
    at ZoneQueueRunner.jasmine.QueueRunner.ZoneQueueRunner.execute (node_modules/zone.js/fesm2015/zone-testing.js:692:42)
    at <Jasmine>
	BookStoreService  with Testbed should be created
		TypeError: Cannot set properties of undefined (setting 'currentTestId')
    at Object.specStarted (http://localhost:9877/base/node_modules/@stryker-mutator/karma-runner/dist/src/karma-plugins/test-hooks-middleware-21f23d35-a4c9-4b01-aeff-da9c99c3ffc0.js?undefined:5:44)
    at <Jasmine>
    at ZoneQueueRunner.jasmine.QueueRunner.ZoneQueueRunner.execute (node_modules/zone.js/fesm2015/zone-testing.js:692:42)
    at <Jasmine>
	BookStoreService  but without Testbed getAll() should call http GET with url and return a Book array converted from BookRaw array
		TypeError: Cannot set properties of undefined (setting 'currentTestId')
    at Object.specStarted (http://localhost:9877/base/node_modules/@stryker-mutator/karma-runner/dist/src/karma-plugins/test-hooks-middleware-21f23d35-a4c9-4b01-aeff-da9c99c3ffc0.js?undefined:5:44)
    at <Jasmine>
    at ZoneQueueRunner.jasmine.QueueRunner.ZoneQueueRunner.execute (node_modules/zone.js/fesm2015/zone-testing.js:692:42)
    at <Jasmine>
	CanNavigateToAdminGuard should return true if window.confirm is true
		TypeError: Cannot set properties of undefined (setting 'currentTestId')
    at Object.specStarted (http://localhost:9877/base/node_modules/@stryker-mutator/karma-runner/dist/src/karma-plugins/test-hooks-middleware-21f23d35-a4c9-4b01-aeff-da9c99c3ffc0.js?undefined:5:44)
    at <Jasmine>
    at ZoneQueueRunner.jasmine.QueueRunner.ZoneQueueRunner.execute (node_modules/zone.js/fesm2015/zone-testing.js:692:42)
    at <Jasmine>
	NotificationAlertComponent should create
		TypeError: Cannot set properties of undefined (setting 'currentTestId')
    at Object.specStarted (http://localhost:9877/base/node_modules/@stryker-mutator/karma-runner/dist/src/karma-plugins/test-hooks-middleware-21f23d35-a4c9-4b01-aeff-da9c99c3ffc0.js?undefined:5:44)
    at <Jasmine>
    at ZoneQueueRunner.jasmine.QueueRunner.ZoneQueueRunner.execute (node_modules/zone.js/fesm2015/zone-testing.js:692:42)
    at <Jasmine>
	SuccessAlertComponent should create
		TypeError: Cannot set properties of undefined (setting 'currentTestId')
    at Object.specStarted (http://localhost:9877/base/node_modules/@stryker-mutator/karma-runner/dist/src/karma-plugins/test-hooks-middleware-21f23d35-a4c9-4b01-aeff-da9c99c3ffc0.js?undefined:5:44)
    at <Jasmine>
    at ZoneQueueRunner.jasmine.QueueRunner.ZoneQueueRunner.execute (node_modules/zone.js/fesm2015/zone-testing.js:692:42)
    at <Jasmine>, NullInjectorError: R3InjectorError(DynamicTestModule)[Store -> Store]: 
  NullInjectorError: No provider for Store!
error properties: Object({ ngTempTokenPath: null, ngTokenPath: [ 'Store', 'Store' ] })
    at NullInjector.get (node_modules/@angular/core/fesm2020/core.mjs:6364:27)
    at R3Injector.get (node_modules/@angular/core/fesm2020/core.mjs:6791:33)
    at R3Injector.get (node_modules/@angular/core/fesm2020/core.mjs:6791:33)
    at ChainedInjector.get (node_modules/@angular/core/fesm2020/core.mjs:13868:36)
    at lookupTokenUsingModuleInjector (node_modules/@angular/core/fesm2020/core.mjs:3286:39)
    at getOrCreateInjectable (node_modules/@angular/core/fesm2020/core.mjs:3331:12)
    at directiveInject (node_modules/@angular/core/fesm2020/core.mjs:10881:12)
    at NodeInjectorFactory.factory (ng:///SuccessAlertComponent/fac.js:4:49)
    at getNodeInjectable (node_modules/@angular/core/fesm2020/core.mjs:3516:44)
    at instantiateRootComponent (node_modules/@angular/core/fesm2020/core.mjs:12587:23)
	TokenInterceptor should increment the counter for all apis except getUsers
		TypeError: Cannot set properties of undefined (setting 'currentTestId')
    at Object.specStarted (http://localhost:9877/base/node_modules/@stryker-mutator/karma-runner/dist/src/karma-plugins/test-hooks-middleware-21f23d35-a4c9-4b01-aeff-da9c99c3ffc0.js?undefined:5:44)
    at <Jasmine>
    at ZoneQueueRunner.jasmine.QueueRunner.ZoneQueueRunner.execute (node_modules/zone.js/fesm2015/zone-testing.js:692:42)
    at <Jasmine>
	RouterEffects should be created
		TypeError: Cannot set properties of undefined (setting 'currentTestId')
    at Object.specStarted (http://localhost:9877/base/node_modules/@stryker-mutator/karma-runner/dist/src/karma-plugins/test-hooks-middleware-21f23d35-a4c9-4b01-aeff-da9c99c3ffc0.js?undefined:5:44)
    at <Jasmine>
    at ZoneQueueRunner.jasmine.QueueRunner.ZoneQueueRunner.execute (node_modules/zone.js/fesm2015/zone-testing.js:692:42)
    at <Jasmine>, NullInjectorError: R3InjectorError(DynamicTestModule)[RouterEffects -> ActivatedRoute -> ActivatedRoute]: 
  NullInjectorError: No provider for ActivatedRoute!
error properties: Object({ ngTempTokenPath: null, ngTokenPath: [ 'RouterEffects', 'ActivatedRoute', 'ActivatedRoute' ] })
    at NullInjector.get (node_modules/@angular/core/fesm2020/core.mjs:6364:27)
    at R3Injector.get (node_modules/@angular/core/fesm2020/core.mjs:6791:33)
    at R3Injector.get (node_modules/@angular/core/fesm2020/core.mjs:6791:33)
    at injectInjectorOnly (node_modules/@angular/core/fesm2020/core.mjs:4775:33)
    at inject (node_modules/@angular/core/fesm2020/core.mjs:4779:12)
    at Object.factory (ng:///RouterEffects/fac.js:5:7)
    at R3Injector.hydrate (node_modules/@angular/core/fesm2020/core.mjs:6892:35)
    at R3Injector.get (node_modules/@angular/core/fesm2020/core.mjs:6780:33)
    at TestBedRender3.inject (node_modules/@angular/core/fesm2020/testing.mjs:26300:52)
    at Function.inject (node_modules/@angular/core/fesm2020/testing.mjs:26172:37)
	Router Reducer an unknown action should return the previous state
		TypeError: Cannot set properties of undefined (setting 'currentTestId')
    at Object.specStarted (http://localhost:9877/base/node_modules/@stryker-mutator/karma-runner/dist/src/karma-plugins/test-hooks-middleware-21f23d35-a4c9-4b01-aeff-da9c99c3ffc0.js?undefined:5:44)
    at <Jasmine>
    at ZoneQueueRunner.jasmine.QueueRunner.ZoneQueueRunner.execute (node_modules/zone.js/fesm2015/zone-testing.js:692:42)
    at <Jasmine>
11:33:59 (37107) DEBUG Stryker Not removing the temp dir because an error occurred
11:33:59 (37107) ERROR Stryker There were failed tests in the initial test run.
11:33:59 (37107) DEBUG ChildProcessProxy Disposing of worker process 37113
11:33:59 (37107) DEBUG ChildProcessProxy Disposing of worker process 37114
11:33:59 (37107) DEBUG ChildProcessProxy Kill 37114
11:33:59 (37107) DEBUG ChildProcessProxy Kill 37113
11:33:59 (37107) INFO Sandbox Resetting your original files from .stryker-tmp/backup9261401.
11:33:59 (37107) DEBUG ChildProcessProxy Disposing of worker process 37110
11:33:59 (37107) DEBUG ChildProcessProxy Disposing of worker process 37111
11:33:59 (37107) DEBUG ChildProcessProxy Kill 37110
11:33:59 (37107) DEBUG ChildProcessProxy Kill 37111
11:37:13 (37245) DEBUG ConfigReader Loading config from stryker.conf.json
11:37:13 (37245) DEBUG ConfigReader Loaded config: {
  "$schema": "./node_modules/@stryker-mutator/core/schema/stryker-schema.json",
  "_comment": "mutate: src/**/*.ts",
  "mutate": [
    "!src/**/*.spec.ts",
    "!src/test.ts",
    "!src/environments/*.ts",
    "!src/**/*.module.ts",
    "!src/main.ts",
    "!cypress/**"
  ],
  "testRunner": "karma",
  "karma": {
    "configFile": "karma.conf.js",
    "projectType": "angular-cli",
    "config": {
      "browsers": [
        "ChromeHeadless"
      ]
    }
  },
  "reporters": [
    "progress",
    "clear-text",
    "html",
    "dashboard",
    "json"
  ],
  "htmlReporter": {
    "fileName": "reports/mutation/mutation.all.html"
  },
  "concurrency": 4,
  "concurrency_comment": "Recommended to use about half of your available cores when running stryker with angular",
  "coverageAnalysis": "perTest",
  "timeoutFactor": 40,
  "checkers": [
    "typescript"
  ],
  "tsconfigFile": "tsconfig.stryker.json",
  "dashboard": {
    "project": "github.com/bodote/book-monkey",
    "version": "master",
    "module": "main",
    "baseUrl": "https://dashboard.stryker-mutator.io/api/reports",
    "reportType": "full"
  },
  "disableTypeChecks": "{node_modules,cypress}/**/*.{js,ts,jsx,tsx,html,vue}",
  "ignorePatterns": [
    "**",
    "!src/app/search/search.reducer.ts"
  ],
  "inPlace": true,
  "fileLogLevel": "debug",
  "allowConsoleColors": true,
  "checkerNodeArgs": [],
  "maxTestRunnerReuse": 0,
  "commandRunner": {
    "command": "npm test"
  },
  "clearTextReporter": {
    "allowColor": true,
    "logTests": true,
    "maxTestsToLog": 3
  },
  "eventReporter": {
    "baseDir": "reports/mutation/events"
  },
  "ignoreStatic": false,
  "logLevel": "info",
  "maxConcurrentTestRunners": 9007199254740991,
  "mutator": {
    "plugins": null,
    "excludedMutations": []
  },
  "plugins": [
    "@stryker-mutator/*"
  ],
  "appendPlugins": [],
  "jsonReporter": {
    "fileName": "reports/mutation/mutation.json"
  },
  "symlinkNodeModules": true,
  "tempDirName": ".stryker-tmp",
  "cleanTempDir": true,
  "testRunnerNodeArgs": [],
  "thresholds": {
    "high": 80,
    "low": 60,
    "break": null
  },
  "timeoutMS": 5000,
  "dryRunTimeoutMinutes": 5,
  "warnings": true,
  "disableBail": false
}
11:37:13 (37245) DEBUG PluginLoader Loading @stryker-mutator/* from /Users/bodo.teichmann/dev/learning/angular_buch/book-monkey/node_modules/@stryker-mutator
11:37:13 (37245) DEBUG PluginLoader Loading plugin "@stryker-mutator/karma-runner" (matched with expression @stryker-mutator/*)
11:37:13 (37245) DEBUG PluginLoader Loading plugin "@stryker-mutator/typescript-checker" (matched with expression @stryker-mutator/*)
11:37:13 (37245) DEBUG PluginLoader Loading plugin @stryker-mutator/karma-runner
11:37:13 (37245) DEBUG PluginLoader Loading plugin @stryker-mutator/typescript-checker
11:37:13 (37245) DEBUG PluginLoader Loading plugin file:///Users/bodo.teichmann/dev/learning/angular_buch/book-monkey/node_modules/@stryker-mutator/core/dist/src/reporters/index.js
11:37:13 (37245) DEBUG MetaSchemaBuilder Contributing 1 schemas from plugins to options validation.
11:37:13 (37245) WARN ProjectReader Glob pattern "!src/**/*.spec.ts" did not exclude any files.
11:37:13 (37245) WARN ProjectReader Glob pattern "!src/test.ts" did not exclude any files.
11:37:13 (37245) WARN ProjectReader Glob pattern "!src/environments/*.ts" did not exclude any files.
11:37:13 (37245) WARN ProjectReader Glob pattern "!src/**/*.module.ts" did not exclude any files.
11:37:13 (37245) WARN ProjectReader Glob pattern "!src/main.ts" did not exclude any files.
11:37:13 (37245) WARN ProjectReader Glob pattern "!cypress/**" did not exclude any files.
11:37:13 (37245) WARN ProjectReader No files marked to be mutated, Stryker will perform a dry-run without actually mutating anything. You can configure the `mutate` property in your config file (or use `--mutate` via command line).
11:37:13 (37245) DEBUG ProjectReader All input files: [
  "/Users/bodo.teichmann/dev/learning/angular_buch/book-monkey/src/app/search/search.reducer.ts"
]
11:37:13 (37245) DEBUG ProjectReader Files to mutate: []
11:37:13 (37245) DEBUG TemporaryDirectory Using temp directory "/Users/bodo.teichmann/dev/learning/angular_buch/book-monkey/.stryker-tmp"
11:37:13 (37245) DEBUG Instrumenter Instrumenting 0 source files with mutants
11:37:13 (37245) INFO Instrumenter Instrumented 0 source file(s) with 0 mutant(s)
11:37:13 (37245) INFO ConcurrencyTokenProvider Creating 2 checker process(es) and 2 test runner process(es).
11:37:13 (37245) DEBUG ChildProcessProxy Started CheckerWorker in child process 37248
11:37:13 (37245) DEBUG ChildProcessProxy Started CheckerWorker in child process 37249
11:37:14 (37248) DEBUG PluginLoader Loading plugin @stryker-mutator/karma-runner
11:37:14 (37248) DEBUG PluginLoader Loading plugin @stryker-mutator/typescript-checker
11:37:14 (37248) DEBUG PluginLoader Loading plugin file:///Users/bodo.teichmann/dev/learning/angular_buch/book-monkey/node_modules/@stryker-mutator/core/dist/src/reporters/index.js
11:37:14 (37249) DEBUG PluginLoader Loading plugin @stryker-mutator/karma-runner
11:37:14 (37249) DEBUG PluginLoader Loading plugin @stryker-mutator/typescript-checker
11:37:14 (37249) DEBUG PluginLoader Loading plugin file:///Users/bodo.teichmann/dev/learning/angular_buch/book-monkey/node_modules/@stryker-mutator/core/dist/src/reporters/index.js
11:37:18 (37245) INFO Sandbox In place mode is enabled, Stryker will be overriding YOUR files. Find your backup at: .stryker-tmp/backup7237366
11:37:18 (37245) DEBUG Sandbox Start symlink node_modules
11:37:18 (37245) DEBUG BroadcastReporter Broadcasting to reporters ["progress","clear-text","html","dashboard","json"]
11:37:18 (37245) DEBUG ChildProcessProxy Started ChildProcessTestRunnerWorker in child process 37250
11:37:18 (37245) DEBUG ChildProcessProxy Started ChildProcessTestRunnerWorker in child process 37251
11:37:18 (37250) DEBUG PluginLoader Loading plugin @stryker-mutator/karma-runner
11:37:18 (37250) DEBUG PluginLoader Loading plugin @stryker-mutator/typescript-checker
11:37:18 (37250) DEBUG PluginLoader Loading plugin file:///Users/bodo.teichmann/dev/learning/angular_buch/book-monkey/node_modules/@stryker-mutator/core/dist/src/reporters/index.js
11:37:18 (37251) DEBUG PluginLoader Loading plugin @stryker-mutator/karma-runner
11:37:18 (37251) DEBUG PluginLoader Loading plugin @stryker-mutator/typescript-checker
11:37:18 (37251) DEBUG PluginLoader Loading plugin file:///Users/bodo.teichmann/dev/learning/angular_buch/book-monkey/node_modules/@stryker-mutator/core/dist/src/reporters/index.js
11:37:19 (37250) DEBUG AngularProjectStarter Starting Angular tests: ng test --progress=false --karma-config=/Users/bodo.teichmann/dev/learning/angular_buch/book-monkey/node_modules/@stryker-mutator/karma-runner/stryker-karma.conf.cjs
11:37:19 (37251) DEBUG AngularProjectStarter Starting Angular tests: ng test --progress=false --karma-config=/Users/bodo.teichmann/dev/learning/angular_buch/book-monkey/node_modules/@stryker-mutator/karma-runner/stryker-karma.conf.cjs
11:37:36 (37245) INFO DryRunExecutor Starting initial test run (karma test runner with "perTest" coverage analysis). This may take a while.
11:37:36 (37245) DEBUG DryRunExecutor Using timeout of 300000 ms.
11:37:36 (37245) DEBUG TimeoutDecorator Starting timeout timer (300000 ms) for a test run
11:37:39 (37245) ERROR DryRunExecutor One or more tests failed in the initial test run:
	BookEditComponent but  isbn number does not exist and service thorws an error  should  show an error if isbn number does not exist 
		TypeError: Cannot set properties of undefined (setting 'currentTestId')
    at Object.specStarted (http://localhost:9877/base/node_modules/@stryker-mutator/karma-runner/dist/src/karma-plugins/test-hooks-middleware-21f23d35-a4c9-4b01-aeff-da9c99c3ffc0.js?undefined:5:44)
    at <Jasmine>
    at ZoneQueueRunner.jasmine.QueueRunner.ZoneQueueRunner.execute (node_modules/zone.js/fesm2015/zone-testing.js:692:42)
    at <Jasmine>, NullInjectorError: R3InjectorError(DynamicTestModule)[Store -> Store]: 
  NullInjectorError: No provider for Store!
error properties: Object({ ngTempTokenPath: null, ngTokenPath: [ 'Store', 'Store' ] })
    at NullInjector.get (node_modules/@angular/core/fesm2020/core.mjs:6364:27)
    at R3Injector.get (node_modules/@angular/core/fesm2020/core.mjs:6791:33)
    at R3Injector.get (node_modules/@angular/core/fesm2020/core.mjs:6791:33)
    at ChainedInjector.get (node_modules/@angular/core/fesm2020/core.mjs:13868:36)
    at lookupTokenUsingModuleInjector (node_modules/@angular/core/fesm2020/core.mjs:3286:39)
    at getOrCreateInjectable (node_modules/@angular/core/fesm2020/core.mjs:3331:12)
    at directiveInject (node_modules/@angular/core/fesm2020/core.mjs:10881:12)
    at NodeInjectorFactory.factory (ng:///BookEditComponent/fac.js:5:7)
    at getNodeInjectable (node_modules/@angular/core/fesm2020/core.mjs:3516:44)
    at instantiateRootComponent (node_modules/@angular/core/fesm2020/core.mjs:12587:23)
	BookEditComponent but  isbn number does not exist and service thorws NO error but an empty response  should  show an error if isbn number does not exist 
		TypeError: Cannot set properties of undefined (setting 'currentTestId')
    at Object.specStarted (http://localhost:9877/base/node_modules/@stryker-mutator/karma-runner/dist/src/karma-plugins/test-hooks-middleware-21f23d35-a4c9-4b01-aeff-da9c99c3ffc0.js?undefined:5:44)
    at <Jasmine>
    at ZoneQueueRunner.jasmine.QueueRunner.ZoneQueueRunner.execute (node_modules/zone.js/fesm2015/zone-testing.js:692:42)
    at <Jasmine>, NullInjectorError: R3InjectorError(DynamicTestModule)[Store -> Store]: 
  NullInjectorError: No provider for Store!
error properties: Object({ ngTempTokenPath: null, ngTokenPath: [ 'Store', 'Store' ] })
    at NullInjector.get (node_modules/@angular/core/fesm2020/core.mjs:6364:27)
    at R3Injector.get (node_modules/@angular/core/fesm2020/core.mjs:6791:33)
    at R3Injector.get (node_modules/@angular/core/fesm2020/core.mjs:6791:33)
    at ChainedInjector.get (node_modules/@angular/core/fesm2020/core.mjs:13868:36)
    at lookupTokenUsingModuleInjector (node_modules/@angular/core/fesm2020/core.mjs:3286:39)
    at getOrCreateInjectable (node_modules/@angular/core/fesm2020/core.mjs:3331:12)
    at directiveInject (node_modules/@angular/core/fesm2020/core.mjs:10881:12)
    at NodeInjectorFactory.factory (ng:///BookEditComponent/fac.js:5:7)
    at getNodeInjectable (node_modules/@angular/core/fesm2020/core.mjs:3516:44)
    at instantiateRootComponent (node_modules/@angular/core/fesm2020/core.mjs:12587:23)
	BookEditComponent with existing isbn number should create component and should call bookStoreService.get() with ISBN number on ngOnInit()
		TypeError: Cannot set properties of undefined (setting 'currentTestId')
    at Object.specStarted (http://localhost:9877/base/node_modules/@stryker-mutator/karma-runner/dist/src/karma-plugins/test-hooks-middleware-21f23d35-a4c9-4b01-aeff-da9c99c3ffc0.js?undefined:5:44)
    at <Jasmine>
    at ZoneQueueRunner.jasmine.QueueRunner.ZoneQueueRunner.execute (node_modules/zone.js/fesm2015/zone-testing.js:692:42)
    at <Jasmine>, NullInjectorError: R3InjectorError(DynamicTestModule)[Store -> Store]: 
  NullInjectorError: No provider for Store!
error properties: Object({ ngTempTokenPath: null, ngTokenPath: [ 'Store', 'Store' ] })
    at NullInjector.get (node_modules/@angular/core/fesm2020/core.mjs:6364:27)
    at R3Injector.get (node_modules/@angular/core/fesm2020/core.mjs:6791:33)
    at R3Injector.get (node_modules/@angular/core/fesm2020/core.mjs:6791:33)
    at ChainedInjector.get (node_modules/@angular/core/fesm2020/core.mjs:13868:36)
    at lookupTokenUsingModuleInjector (node_modules/@angular/core/fesm2020/core.mjs:3286:39)
    at getOrCreateInjectable (node_modules/@angular/core/fesm2020/core.mjs:3331:12)
    at directiveInject (node_modules/@angular/core/fesm2020/core.mjs:10881:12)
    at NodeInjectorFactory.factory (ng:///BookEditComponent/fac.js:5:7)
    at getNodeInjectable (node_modules/@angular/core/fesm2020/core.mjs:3516:44)
    at instantiateRootComponent (node_modules/@angular/core/fesm2020/core.mjs:12587:23)
	BookFormsComponent with existing book where AsyncValidatorFn is not used,  form should be valid and emit the new book data to the saveBookEventEmitter Output emitterif a book is given to ngOnChanges
		TypeError: Cannot set properties of undefined (setting 'currentTestId')
    at Object.specStarted (http://localhost:9877/base/node_modules/@stryker-mutator/karma-runner/dist/src/karma-plugins/test-hooks-middleware-21f23d35-a4c9-4b01-aeff-da9c99c3ffc0.js?undefined:5:44)
    at <Jasmine>
    at ZoneQueueRunner.jasmine.QueueRunner.ZoneQueueRunner.execute (node_modules/zone.js/fesm2015/zone-testing.js:692:42)
    at <Jasmine>
	BookFormsComponent with new book and AsyncValidatorFn or the checkAuthors validator  returns an error  should create
		TypeError: Cannot set properties of undefined (setting 'currentTestId')
    at Object.specStarted (http://localhost:9877/base/node_modules/@stryker-mutator/karma-runner/dist/src/karma-plugins/test-hooks-middleware-21f23d35-a4c9-4b01-aeff-da9c99c3ffc0.js?undefined:5:44)
    at <Jasmine>
    at ZoneQueueRunner.jasmine.QueueRunner.ZoneQueueRunner.execute (node_modules/zone.js/fesm2015/zone-testing.js:692:42)
    at <Jasmine>
	BookFormsComponent with new book and isbnLength validator  returns an error  should create the edit form, which should not be valid
		TypeError: Cannot set properties of undefined (setting 'currentTestId')
    at Object.specStarted (http://localhost:9877/base/node_modules/@stryker-mutator/karma-runner/dist/src/karma-plugins/test-hooks-middleware-21f23d35-a4c9-4b01-aeff-da9c99c3ffc0.js?undefined:5:44)
    at <Jasmine>
    at ZoneQueueRunner.jasmine.QueueRunner.ZoneQueueRunner.execute (node_modules/zone.js/fesm2015/zone-testing.js:692:42)
    at <Jasmine>, Expected $.published = '2022-10-01' to equal Date(Wed Aug 10 2022 01:00:00 GMT+0100 (British Summer Time)).
    at <Jasmine>
    at UserContext.apply (src/app/admin/book-edit/book-form.component.spec.ts:332:40)
    at _ZoneDelegate.invoke (node_modules/zone.js/fesm2015/zone.js:372:26)
    at ProxyZoneSpec.onInvoke (node_modules/zone.js/fesm2015/zone-testing.js:287:39)
	BookFormsComponent with new book and AsyncValidatorFn that returns no errors should call bookFormSaveBook method, when button is clicked, and emit Event if Form is  valid
		TypeError: Cannot set properties of undefined (setting 'currentTestId')
    at Object.specStarted (http://localhost:9877/base/node_modules/@stryker-mutator/karma-runner/dist/src/karma-plugins/test-hooks-middleware-21f23d35-a4c9-4b01-aeff-da9c99c3ffc0.js?undefined:5:44)
    at <Jasmine>
    at ZoneQueueRunner.jasmine.QueueRunner.ZoneQueueRunner.execute (node_modules/zone.js/fesm2015/zone-testing.js:692:42)
    at <Jasmine>
	BookFormsComponent with new book and required or isbn validator that returns an error should disable the save button, when isbn number is not valid, or rating is not valid
		TypeError: Cannot set properties of undefined (setting 'currentTestId')
    at Object.specStarted (http://localhost:9877/base/node_modules/@stryker-mutator/karma-runner/dist/src/karma-plugins/test-hooks-middleware-21f23d35-a4c9-4b01-aeff-da9c99c3ffc0.js?undefined:5:44)
    at <Jasmine>
    at ZoneQueueRunner.jasmine.QueueRunner.ZoneQueueRunner.execute (node_modules/zone.js/fesm2015/zone-testing.js:692:42)
    at <Jasmine>
	CreateBookComponent should create, set "save" to true for 5 sec and set successmessage to the result
		TypeError: Cannot set properties of undefined (setting 'currentTestId')
    at Object.specStarted (http://localhost:9877/base/node_modules/@stryker-mutator/karma-runner/dist/src/karma-plugins/test-hooks-middleware-21f23d35-a4c9-4b01-aeff-da9c99c3ffc0.js?undefined:5:44)
    at <Jasmine>
    at ZoneQueueRunner.jasmine.QueueRunner.ZoneQueueRunner.execute (node_modules/zone.js/fesm2015/zone-testing.js:692:42)
    at <Jasmine>, NullInjectorError: R3InjectorError(DynamicTestModule)[Store -> Store]: 
  NullInjectorError: No provider for Store!
error properties: Object({ ngTempTokenPath: null, ngTokenPath: [ 'Store', 'Store' ] })
    at NullInjector.get (node_modules/@angular/core/fesm2020/core.mjs:6364:27)
    at R3Injector.get (node_modules/@angular/core/fesm2020/core.mjs:6791:33)
    at R3Injector.get (node_modules/@angular/core/fesm2020/core.mjs:6791:33)
    at ChainedInjector.get (node_modules/@angular/core/fesm2020/core.mjs:13868:36)
    at lookupTokenUsingModuleInjector (node_modules/@angular/core/fesm2020/core.mjs:3286:39)
    at getOrCreateInjectable (node_modules/@angular/core/fesm2020/core.mjs:3331:12)
    at directiveInject (node_modules/@angular/core/fesm2020/core.mjs:10881:12)
    at NodeInjectorFactory.factory (ng:///CreateBookComponent/fac.js:4:47)
    at getNodeInjectable (node_modules/@angular/core/fesm2020/core.mjs:3516:44)
    at instantiateRootComponent (node_modules/@angular/core/fesm2020/core.mjs:12587:23)
	FormMessagesComponent should create an array of errormessage that fit to a "title" control 
		TypeError: Cannot set properties of undefined (setting 'currentTestId')
    at Object.specStarted (http://localhost:9877/base/node_modules/@stryker-mutator/karma-runner/dist/src/karma-plugins/test-hooks-middleware-21f23d35-a4c9-4b01-aeff-da9c99c3ffc0.js?undefined:5:44)
    at <Jasmine>
    at ZoneQueueRunner.jasmine.QueueRunner.ZoneQueueRunner.execute (node_modules/zone.js/fesm2015/zone-testing.js:692:42)
    at <Jasmine>
	BodosValidatorService should return null if FormControlArray has at least one author
		TypeError: Cannot set properties of undefined (setting 'currentTestId')
    at Object.specStarted (http://localhost:9877/base/node_modules/@stryker-mutator/karma-runner/dist/src/karma-plugins/test-hooks-middleware-21f23d35-a4c9-4b01-aeff-da9c99c3ffc0.js?undefined:5:44)
    at <Jasmine>
    at ZoneQueueRunner.jasmine.QueueRunner.ZoneQueueRunner.execute (node_modules/zone.js/fesm2015/zone-testing.js:692:42)
    at <Jasmine>
	AppComponent should create the app
		TypeError: Cannot set properties of undefined (setting 'currentTestId')
    at Object.specStarted (http://localhost:9877/base/node_modules/@stryker-mutator/karma-runner/dist/src/karma-plugins/test-hooks-middleware-21f23d35-a4c9-4b01-aeff-da9c99c3ffc0.js?undefined:5:44)
    at <Jasmine>
    at ZoneQueueRunner.jasmine.QueueRunner.ZoneQueueRunner.execute (node_modules/zone.js/fesm2015/zone-testing.js:692:42)
    at <Jasmine>, NullInjectorError: R3InjectorError(DynamicTestModule)[Store -> Store]: 
  NullInjectorError: No provider for Store!
error properties: Object({ ngTempTokenPath: null, ngTokenPath: [ 'Store', 'Store' ] })
    at NullInjector.get (node_modules/@angular/core/fesm2020/core.mjs:6364:27)
    at R3Injector.get (node_modules/@angular/core/fesm2020/core.mjs:6791:33)
    at R3Injector.get (node_modules/@angular/core/fesm2020/core.mjs:6791:33)
    at ChainedInjector.get (node_modules/@angular/core/fesm2020/core.mjs:13868:36)
    at lookupTokenUsingModuleInjector (node_modules/@angular/core/fesm2020/core.mjs:3286:39)
    at getOrCreateInjectable (node_modules/@angular/core/fesm2020/core.mjs:3331:12)
    at directiveInject (node_modules/@angular/core/fesm2020/core.mjs:10881:12)
    at NodeInjectorFactory.factory (ng:///AppComponent/fac.js:4:40)
    at getNodeInjectable (node_modules/@angular/core/fesm2020/core.mjs:3516:44)
    at instantiateRootComponent (node_modules/@angular/core/fesm2020/core.mjs:12587:23)
	BookDetailsComponent and IsbnPipe should create
		TypeError: Cannot set properties of undefined (setting 'currentTestId')
    at Object.specStarted (http://localhost:9877/base/node_modules/@stryker-mutator/karma-runner/dist/src/karma-plugins/test-hooks-middleware-21f23d35-a4c9-4b01-aeff-da9c99c3ffc0.js?undefined:5:44)
    at <Jasmine>
    at ZoneQueueRunner.jasmine.QueueRunner.ZoneQueueRunner.execute (node_modules/zone.js/fesm2015/zone-testing.js:692:42)
    at <Jasmine>, NullInjectorError: R3InjectorError(DynamicTestModule)[Store -> Store]: 
  NullInjectorError: No provider for Store!
error properties: Object({ ngTempTokenPath: null, ngTokenPath: [ 'Store', 'Store' ] })
    at NullInjector.get (node_modules/@angular/core/fesm2020/core.mjs:6364:27)
    at R3Injector.get (node_modules/@angular/core/fesm2020/core.mjs:6791:33)
    at R3Injector.get (node_modules/@angular/core/fesm2020/core.mjs:6791:33)
    at ChainedInjector.get (node_modules/@angular/core/fesm2020/core.mjs:13868:36)
    at lookupTokenUsingModuleInjector (node_modules/@angular/core/fesm2020/core.mjs:3286:39)
    at getOrCreateInjectable (node_modules/@angular/core/fesm2020/core.mjs:3331:12)
    at directiveInject (node_modules/@angular/core/fesm2020/core.mjs:10881:12)
    at NodeInjectorFactory.factory (ng:///BookDetailsComponent/fac.js:5:53)
    at getNodeInjectable (node_modules/@angular/core/fesm2020/core.mjs:3516:44)
    at instantiateRootComponent (node_modules/@angular/core/fesm2020/core.mjs:12587:23)
	BookListItemComponent should create
		TypeError: Cannot set properties of undefined (setting 'currentTestId')
    at Object.specStarted (http://localhost:9877/base/node_modules/@stryker-mutator/karma-runner/dist/src/karma-plugins/test-hooks-middleware-21f23d35-a4c9-4b01-aeff-da9c99c3ffc0.js?undefined:5:44)
    at <Jasmine>
    at ZoneQueueRunner.jasmine.QueueRunner.ZoneQueueRunner.execute (node_modules/zone.js/fesm2015/zone-testing.js:692:42)
    at <Jasmine>
	BookListComponent should create and get the of(book[]) 
		TypeError: Cannot set properties of undefined (setting 'currentTestId')
    at Object.specStarted (http://localhost:9877/base/node_modules/@stryker-mutator/karma-runner/dist/src/karma-plugins/test-hooks-middleware-21f23d35-a4c9-4b01-aeff-da9c99c3ffc0.js?undefined:5:44)
    at <Jasmine>
    at ZoneQueueRunner.jasmine.QueueRunner.ZoneQueueRunner.execute (node_modules/zone.js/fesm2015/zone-testing.js:692:42)
    at <Jasmine>, NullInjectorError: R3InjectorError(DynamicTestModule)[Store -> Store]: 
  NullInjectorError: No provider for Store!
error properties: Object({ ngTempTokenPath: null, ngTokenPath: [ 'Store', 'Store' ] })
    at NullInjector.get (node_modules/@angular/core/fesm2020/core.mjs:6364:27)
    at R3Injector.get (node_modules/@angular/core/fesm2020/core.mjs:6791:33)
    at R3Injector.get (node_modules/@angular/core/fesm2020/core.mjs:6791:33)
    at ChainedInjector.get (node_modules/@angular/core/fesm2020/core.mjs:13868:36)
    at lookupTokenUsingModuleInjector (node_modules/@angular/core/fesm2020/core.mjs:3286:39)
    at getOrCreateInjectable (node_modules/@angular/core/fesm2020/core.mjs:3331:12)
    at directiveInject (node_modules/@angular/core/fesm2020/core.mjs:10881:12)
    at NodeInjectorFactory.factory (ng:///BookListComponent/fac.js:5:7)
    at getNodeInjectable (node_modules/@angular/core/fesm2020/core.mjs:3516:44)
    at instantiateRootComponent (node_modules/@angular/core/fesm2020/core.mjs:12587:23)
	ListLoadedGuard should be created
		TypeError: Cannot set properties of undefined (setting 'currentTestId')
    at Object.specStarted (http://localhost:9877/base/node_modules/@stryker-mutator/karma-runner/dist/src/karma-plugins/test-hooks-middleware-21f23d35-a4c9-4b01-aeff-da9c99c3ffc0.js?undefined:5:44)
    at <Jasmine>
    at ZoneQueueRunner.jasmine.QueueRunner.ZoneQueueRunner.execute (node_modules/zone.js/fesm2015/zone-testing.js:692:42)
    at <Jasmine>, NullInjectorError: R3InjectorError(DynamicTestModule)[ListLoadedGuard -> BookStoreService -> HttpClient -> HttpClient]: 
  NullInjectorError: No provider for HttpClient!
error properties: Object({ ngTempTokenPath: null, ngTokenPath: [ 'ListLoadedGuard', 'BookStoreService', 'HttpClient', 'HttpClient' ] })
    at NullInjector.get (node_modules/@angular/core/fesm2020/core.mjs:6364:27)
    at R3Injector.get (node_modules/@angular/core/fesm2020/core.mjs:6791:33)
    at R3Injector.get (node_modules/@angular/core/fesm2020/core.mjs:6791:33)
    at injectInjectorOnly (node_modules/@angular/core/fesm2020/core.mjs:4775:33)
    at inject (node_modules/@angular/core/fesm2020/core.mjs:4779:12)
    at Object.factory (ng:///BookStoreService/fac.js:4:44)
    at R3Injector.hydrate (node_modules/@angular/core/fesm2020/core.mjs:6892:35)
    at R3Injector.get (node_modules/@angular/core/fesm2020/core.mjs:6780:33)
    at injectInjectorOnly (node_modules/@angular/core/fesm2020/core.mjs:4775:33)
    at inject (node_modules/@angular/core/fesm2020/core.mjs:4779:12)
	DelayDirective ..delay 100ms   should create an instance of the parent test component with style.visiblity = hidden, after 10ms should change to visible 
		TypeError: Cannot set properties of undefined (setting 'currentTestId')
    at Object.specStarted (http://localhost:9877/base/node_modules/@stryker-mutator/karma-runner/dist/src/karma-plugins/test-hooks-middleware-21f23d35-a4c9-4b01-aeff-da9c99c3ffc0.js?undefined:5:44)
    at <Jasmine>
    at ZoneQueueRunner.jasmine.QueueRunner.ZoneQueueRunner.execute (node_modules/zone.js/fesm2015/zone-testing.js:692:42)
    at <Jasmine>
	DelayDirective ..delay undefined (same as 0ms!) ..  should create an instance of the parent test component with style.visiblity = hidden, after 10ms should change to visible 
		TypeError: Cannot set properties of undefined (setting 'currentTestId')
    at Object.specStarted (http://localhost:9877/base/node_modules/@stryker-mutator/karma-runner/dist/src/karma-plugins/test-hooks-middleware-21f23d35-a4c9-4b01-aeff-da9c99c3ffc0.js?undefined:5:44)
    at <Jasmine>
    at ZoneQueueRunner.jasmine.QueueRunner.ZoneQueueRunner.execute (node_modules/zone.js/fesm2015/zone-testing.js:692:42)
    at <Jasmine>
	IsbnPipe create an instance
		TypeError: Cannot set properties of undefined (setting 'currentTestId')
    at Object.specStarted (http://localhost:9877/base/node_modules/@stryker-mutator/karma-runner/dist/src/karma-plugins/test-hooks-middleware-21f23d35-a4c9-4b01-aeff-da9c99c3ffc0.js?undefined:5:44)
    at <Jasmine>
    at ZoneQueueRunner.jasmine.QueueRunner.ZoneQueueRunner.execute (node_modules/zone.js/fesm2015/zone-testing.js:692:42)
    at <Jasmine>
	ZoomDirective should create an instance
		TypeError: Cannot set properties of undefined (setting 'currentTestId')
    at Object.specStarted (http://localhost:9877/base/node_modules/@stryker-mutator/karma-runner/dist/src/karma-plugins/test-hooks-middleware-21f23d35-a4c9-4b01-aeff-da9c99c3ffc0.js?undefined:5:44)
    at <Jasmine>
    at ZoneQueueRunner.jasmine.QueueRunner.ZoneQueueRunner.execute (node_modules/zone.js/fesm2015/zone-testing.js:692:42)
    at <Jasmine>
	BookEntityEffects should be created
		TypeError: Cannot set properties of undefined (setting 'currentTestId')
    at Object.specStarted (http://localhost:9877/base/node_modules/@stryker-mutator/karma-runner/dist/src/karma-plugins/test-hooks-middleware-21f23d35-a4c9-4b01-aeff-da9c99c3ffc0.js?undefined:5:44)
    at <Jasmine>
    at ZoneQueueRunner.jasmine.QueueRunner.ZoneQueueRunner.execute (node_modules/zone.js/fesm2015/zone-testing.js:692:42)
    at <Jasmine>, NullInjectorError: R3InjectorError(DynamicTestModule)[BookEntityEffects -> BookStoreService -> HttpClient -> HttpClient]: 
  NullInjectorError: No provider for HttpClient!
error properties: Object({ ngTempTokenPath: null, ngTokenPath: [ 'BookEntityEffects', 'BookStoreService', 'HttpClient', 'HttpClient' ] })
    at NullInjector.get (node_modules/@angular/core/fesm2020/core.mjs:6364:27)
    at R3Injector.get (node_modules/@angular/core/fesm2020/core.mjs:6791:33)
    at R3Injector.get (node_modules/@angular/core/fesm2020/core.mjs:6791:33)
    at injectInjectorOnly (node_modules/@angular/core/fesm2020/core.mjs:4775:33)
    at inject (node_modules/@angular/core/fesm2020/core.mjs:4779:12)
    at Object.factory (ng:///BookStoreService/fac.js:4:44)
    at R3Injector.hydrate (node_modules/@angular/core/fesm2020/core.mjs:6892:35)
    at R3Injector.get (node_modules/@angular/core/fesm2020/core.mjs:6780:33)
    at injectInjectorOnly (node_modules/@angular/core/fesm2020/core.mjs:4775:33)
    at inject (node_modules/@angular/core/fesm2020/core.mjs:4779:12)
	BookEntity Reducer unknown action should return the previous state
		TypeError: Cannot set properties of undefined (setting 'currentTestId')
    at Object.specStarted (http://localhost:9877/base/node_modules/@stryker-mutator/karma-runner/dist/src/karma-plugins/test-hooks-middleware-21f23d35-a4c9-4b01-aeff-da9c99c3ffc0.js?undefined:5:44)
    at <Jasmine>
    at ZoneQueueRunner.jasmine.QueueRunner.ZoneQueueRunner.execute (node_modules/zone.js/fesm2015/zone-testing.js:692:42)
    at <Jasmine>
	ErrorPageComponent should create
		TypeError: Cannot set properties of undefined (setting 'currentTestId')
    at Object.specStarted (http://localhost:9877/base/node_modules/@stryker-mutator/karma-runner/dist/src/karma-plugins/test-hooks-middleware-21f23d35-a4c9-4b01-aeff-da9c99c3ffc0.js?undefined:5:44)
    at <Jasmine>
    at ZoneQueueRunner.jasmine.QueueRunner.ZoneQueueRunner.execute (node_modules/zone.js/fesm2015/zone-testing.js:692:42)
    at <Jasmine>, NullInjectorError: R3InjectorError(DynamicTestModule)[Store -> Store]: 
  NullInjectorError: No provider for Store!
error properties: Object({ ngTempTokenPath: null, ngTokenPath: [ 'Store', 'Store' ] })
    at NullInjector.get (node_modules/@angular/core/fesm2020/core.mjs:6364:27)
    at R3Injector.get (node_modules/@angular/core/fesm2020/core.mjs:6791:33)
    at R3Injector.get (node_modules/@angular/core/fesm2020/core.mjs:6791:33)
    at ChainedInjector.get (node_modules/@angular/core/fesm2020/core.mjs:13868:36)
    at lookupTokenUsingModuleInjector (node_modules/@angular/core/fesm2020/core.mjs:3286:39)
    at getOrCreateInjectable (node_modules/@angular/core/fesm2020/core.mjs:3331:12)
    at directiveInject (node_modules/@angular/core/fesm2020/core.mjs:10881:12)
    at NodeInjectorFactory.factory (ng:///ErrorPageComponent/fac.js:4:46)
    at getNodeInjectable (node_modules/@angular/core/fesm2020/core.mjs:3516:44)
    at instantiateRootComponent (node_modules/@angular/core/fesm2020/core.mjs:12587:23)
	HomeComponent should create
		TypeError: Cannot set properties of undefined (setting 'currentTestId')
    at Object.specStarted (http://localhost:9877/base/node_modules/@stryker-mutator/karma-runner/dist/src/karma-plugins/test-hooks-middleware-21f23d35-a4c9-4b01-aeff-da9c99c3ffc0.js?undefined:5:44)
    at <Jasmine>
    at ZoneQueueRunner.jasmine.QueueRunner.ZoneQueueRunner.execute (node_modules/zone.js/fesm2015/zone-testing.js:692:42)
    at <Jasmine>, NullInjectorError: R3InjectorError(DynamicTestModule)[Store -> Store]: 
  NullInjectorError: No provider for Store!
error properties: Object({ ngTempTokenPath: null, ngTokenPath: [ 'Store', 'Store' ] })
    at NullInjector.get (node_modules/@angular/core/fesm2020/core.mjs:6364:27)
    at R3Injector.get (node_modules/@angular/core/fesm2020/core.mjs:6791:33)
    at R3Injector.get (node_modules/@angular/core/fesm2020/core.mjs:6791:33)
    at ChainedInjector.get (node_modules/@angular/core/fesm2020/core.mjs:13868:36)
    at lookupTokenUsingModuleInjector (node_modules/@angular/core/fesm2020/core.mjs:3286:39)
    at getOrCreateInjectable (node_modules/@angular/core/fesm2020/core.mjs:3331:12)
    at directiveInject (node_modules/@angular/core/fesm2020/core.mjs:10881:12)
    at NodeInjectorFactory.factory (ng:///SearchComponent/fac.js:4:43)
    at getNodeInjectable (node_modules/@angular/core/fesm2020/core.mjs:3516:44)
    at instantiateAllDirectives (node_modules/@angular/core/fesm2020/core.mjs:12726:27)
	SearchComponent should create
		TypeError: Cannot set properties of undefined (setting 'currentTestId')
    at Object.specStarted (http://localhost:9877/base/node_modules/@stryker-mutator/karma-runner/dist/src/karma-plugins/test-hooks-middleware-21f23d35-a4c9-4b01-aeff-da9c99c3ffc0.js?undefined:5:44)
    at <Jasmine>
    at ZoneQueueRunner.jasmine.QueueRunner.ZoneQueueRunner.execute (node_modules/zone.js/fesm2015/zone-testing.js:692:42)
    at <Jasmine>, NullInjectorError: R3InjectorError(DynamicTestModule)[Store -> Store]: 
  NullInjectorError: No provider for Store!
error properties: Object({ ngTempTokenPath: null, ngTokenPath: [ 'Store', 'Store' ] })
    at NullInjector.get (node_modules/@angular/core/fesm2020/core.mjs:6364:27)
    at R3Injector.get (node_modules/@angular/core/fesm2020/core.mjs:6791:33)
    at R3Injector.get (node_modules/@angular/core/fesm2020/core.mjs:6791:33)
    at ChainedInjector.get (node_modules/@angular/core/fesm2020/core.mjs:13868:36)
    at lookupTokenUsingModuleInjector (node_modules/@angular/core/fesm2020/core.mjs:3286:39)
    at getOrCreateInjectable (node_modules/@angular/core/fesm2020/core.mjs:3331:12)
    at directiveInject (node_modules/@angular/core/fesm2020/core.mjs:10881:12)
    at NodeInjectorFactory.factory (ng:///SearchComponent/fac.js:4:43)
    at getNodeInjectable (node_modules/@angular/core/fesm2020/core.mjs:3516:44)
    at instantiateRootComponent (node_modules/@angular/core/fesm2020/core.mjs:12587:23)
	SearchEffects should be created
		TypeError: Cannot set properties of undefined (setting 'currentTestId')
    at Object.specStarted (http://localhost:9877/base/node_modules/@stryker-mutator/karma-runner/dist/src/karma-plugins/test-hooks-middleware-21f23d35-a4c9-4b01-aeff-da9c99c3ffc0.js?undefined:5:44)
    at <Jasmine>
    at ZoneQueueRunner.jasmine.QueueRunner.ZoneQueueRunner.execute (node_modules/zone.js/fesm2015/zone-testing.js:692:42)
    at <Jasmine>, NullInjectorError: R3InjectorError(DynamicTestModule)[SearchEffects -> BookStoreService -> HttpClient -> HttpClient]: 
  NullInjectorError: No provider for HttpClient!
error properties: Object({ ngTempTokenPath: null, ngTokenPath: [ 'SearchEffects', 'BookStoreService', 'HttpClient', 'HttpClient' ] })
    at NullInjector.get (node_modules/@angular/core/fesm2020/core.mjs:6364:27)
    at R3Injector.get (node_modules/@angular/core/fesm2020/core.mjs:6791:33)
    at R3Injector.get (node_modules/@angular/core/fesm2020/core.mjs:6791:33)
    at injectInjectorOnly (node_modules/@angular/core/fesm2020/core.mjs:4775:33)
    at inject (node_modules/@angular/core/fesm2020/core.mjs:4779:12)
    at Object.factory (ng:///BookStoreService/fac.js:4:44)
    at R3Injector.hydrate (node_modules/@angular/core/fesm2020/core.mjs:6892:35)
    at R3Injector.get (node_modules/@angular/core/fesm2020/core.mjs:6780:33)
    at injectInjectorOnly (node_modules/@angular/core/fesm2020/core.mjs:4775:33)
    at inject (node_modules/@angular/core/fesm2020/core.mjs:4779:12)
	Search Reducer an unknown action should return the previous state
		TypeError: Cannot set properties of undefined (setting 'currentTestId')
    at Object.specStarted (http://localhost:9877/base/node_modules/@stryker-mutator/karma-runner/dist/src/karma-plugins/test-hooks-middleware-21f23d35-a4c9-4b01-aeff-da9c99c3ffc0.js?undefined:5:44)
    at <Jasmine>
    at ZoneQueueRunner.jasmine.QueueRunner.ZoneQueueRunner.execute (node_modules/zone.js/fesm2015/zone-testing.js:692:42)
    at <Jasmine>
	Search Selectors should select the feature state
		TypeError: Cannot set properties of undefined (setting 'currentTestId')
    at Object.specStarted (http://localhost:9877/base/node_modules/@stryker-mutator/karma-runner/dist/src/karma-plugins/test-hooks-middleware-21f23d35-a4c9-4b01-aeff-da9c99c3ffc0.js?undefined:5:44)
    at <Jasmine>
    at ZoneQueueRunner.jasmine.QueueRunner.ZoneQueueRunner.execute (node_modules/zone.js/fesm2015/zone-testing.js:692:42)
    at <Jasmine>
	BookFactoryService should get an empty book
		TypeError: Cannot set properties of undefined (setting 'currentTestId')
    at Object.specStarted (http://localhost:9877/base/node_modules/@stryker-mutator/karma-runner/dist/src/karma-plugins/test-hooks-middleware-21f23d35-a4c9-4b01-aeff-da9c99c3ffc0.js?undefined:5:44)
    at <Jasmine>
    at ZoneQueueRunner.jasmine.QueueRunner.ZoneQueueRunner.execute (node_modules/zone.js/fesm2015/zone-testing.js:692:42)
    at <Jasmine>
	BookStoreService  with Testbed should be created
		TypeError: Cannot set properties of undefined (setting 'currentTestId')
    at Object.specStarted (http://localhost:9877/base/node_modules/@stryker-mutator/karma-runner/dist/src/karma-plugins/test-hooks-middleware-21f23d35-a4c9-4b01-aeff-da9c99c3ffc0.js?undefined:5:44)
    at <Jasmine>
    at ZoneQueueRunner.jasmine.QueueRunner.ZoneQueueRunner.execute (node_modules/zone.js/fesm2015/zone-testing.js:692:42)
    at <Jasmine>
	BookStoreService  but without Testbed getAll() should call http GET with url and return a Book array converted from BookRaw array
		TypeError: Cannot set properties of undefined (setting 'currentTestId')
    at Object.specStarted (http://localhost:9877/base/node_modules/@stryker-mutator/karma-runner/dist/src/karma-plugins/test-hooks-middleware-21f23d35-a4c9-4b01-aeff-da9c99c3ffc0.js?undefined:5:44)
    at <Jasmine>
    at ZoneQueueRunner.jasmine.QueueRunner.ZoneQueueRunner.execute (node_modules/zone.js/fesm2015/zone-testing.js:692:42)
    at <Jasmine>
	CanNavigateToAdminGuard should return true if window.confirm is true
		TypeError: Cannot set properties of undefined (setting 'currentTestId')
    at Object.specStarted (http://localhost:9877/base/node_modules/@stryker-mutator/karma-runner/dist/src/karma-plugins/test-hooks-middleware-21f23d35-a4c9-4b01-aeff-da9c99c3ffc0.js?undefined:5:44)
    at <Jasmine>
    at ZoneQueueRunner.jasmine.QueueRunner.ZoneQueueRunner.execute (node_modules/zone.js/fesm2015/zone-testing.js:692:42)
    at <Jasmine>
	NotificationAlertComponent should create
		TypeError: Cannot set properties of undefined (setting 'currentTestId')
    at Object.specStarted (http://localhost:9877/base/node_modules/@stryker-mutator/karma-runner/dist/src/karma-plugins/test-hooks-middleware-21f23d35-a4c9-4b01-aeff-da9c99c3ffc0.js?undefined:5:44)
    at <Jasmine>
    at ZoneQueueRunner.jasmine.QueueRunner.ZoneQueueRunner.execute (node_modules/zone.js/fesm2015/zone-testing.js:692:42)
    at <Jasmine>
	SuccessAlertComponent should create
		TypeError: Cannot set properties of undefined (setting 'currentTestId')
    at Object.specStarted (http://localhost:9877/base/node_modules/@stryker-mutator/karma-runner/dist/src/karma-plugins/test-hooks-middleware-21f23d35-a4c9-4b01-aeff-da9c99c3ffc0.js?undefined:5:44)
    at <Jasmine>
    at ZoneQueueRunner.jasmine.QueueRunner.ZoneQueueRunner.execute (node_modules/zone.js/fesm2015/zone-testing.js:692:42)
    at <Jasmine>, NullInjectorError: R3InjectorError(DynamicTestModule)[Store -> Store]: 
  NullInjectorError: No provider for Store!
error properties: Object({ ngTempTokenPath: null, ngTokenPath: [ 'Store', 'Store' ] })
    at NullInjector.get (node_modules/@angular/core/fesm2020/core.mjs:6364:27)
    at R3Injector.get (node_modules/@angular/core/fesm2020/core.mjs:6791:33)
    at R3Injector.get (node_modules/@angular/core/fesm2020/core.mjs:6791:33)
    at ChainedInjector.get (node_modules/@angular/core/fesm2020/core.mjs:13868:36)
    at lookupTokenUsingModuleInjector (node_modules/@angular/core/fesm2020/core.mjs:3286:39)
    at getOrCreateInjectable (node_modules/@angular/core/fesm2020/core.mjs:3331:12)
    at directiveInject (node_modules/@angular/core/fesm2020/core.mjs:10881:12)
    at NodeInjectorFactory.factory (ng:///SuccessAlertComponent/fac.js:4:49)
    at getNodeInjectable (node_modules/@angular/core/fesm2020/core.mjs:3516:44)
    at instantiateRootComponent (node_modules/@angular/core/fesm2020/core.mjs:12587:23)
	TokenInterceptor should increment the counter for all apis except getUsers
		TypeError: Cannot set properties of undefined (setting 'currentTestId')
    at Object.specStarted (http://localhost:9877/base/node_modules/@stryker-mutator/karma-runner/dist/src/karma-plugins/test-hooks-middleware-21f23d35-a4c9-4b01-aeff-da9c99c3ffc0.js?undefined:5:44)
    at <Jasmine>
    at ZoneQueueRunner.jasmine.QueueRunner.ZoneQueueRunner.execute (node_modules/zone.js/fesm2015/zone-testing.js:692:42)
    at <Jasmine>
	RouterEffects should be created
		TypeError: Cannot set properties of undefined (setting 'currentTestId')
    at Object.specStarted (http://localhost:9877/base/node_modules/@stryker-mutator/karma-runner/dist/src/karma-plugins/test-hooks-middleware-21f23d35-a4c9-4b01-aeff-da9c99c3ffc0.js?undefined:5:44)
    at <Jasmine>
    at ZoneQueueRunner.jasmine.QueueRunner.ZoneQueueRunner.execute (node_modules/zone.js/fesm2015/zone-testing.js:692:42)
    at <Jasmine>, NullInjectorError: R3InjectorError(DynamicTestModule)[RouterEffects -> ActivatedRoute -> ActivatedRoute]: 
  NullInjectorError: No provider for ActivatedRoute!
error properties: Object({ ngTempTokenPath: null, ngTokenPath: [ 'RouterEffects', 'ActivatedRoute', 'ActivatedRoute' ] })
    at NullInjector.get (node_modules/@angular/core/fesm2020/core.mjs:6364:27)
    at R3Injector.get (node_modules/@angular/core/fesm2020/core.mjs:6791:33)
    at R3Injector.get (node_modules/@angular/core/fesm2020/core.mjs:6791:33)
    at injectInjectorOnly (node_modules/@angular/core/fesm2020/core.mjs:4775:33)
    at inject (node_modules/@angular/core/fesm2020/core.mjs:4779:12)
    at Object.factory (ng:///RouterEffects/fac.js:5:7)
    at R3Injector.hydrate (node_modules/@angular/core/fesm2020/core.mjs:6892:35)
    at R3Injector.get (node_modules/@angular/core/fesm2020/core.mjs:6780:33)
    at TestBedRender3.inject (node_modules/@angular/core/fesm2020/testing.mjs:26300:52)
    at Function.inject (node_modules/@angular/core/fesm2020/testing.mjs:26172:37)
	Router Reducer an unknown action should return the previous state
		TypeError: Cannot set properties of undefined (setting 'currentTestId')
    at Object.specStarted (http://localhost:9877/base/node_modules/@stryker-mutator/karma-runner/dist/src/karma-plugins/test-hooks-middleware-21f23d35-a4c9-4b01-aeff-da9c99c3ffc0.js?undefined:5:44)
    at <Jasmine>
    at ZoneQueueRunner.jasmine.QueueRunner.ZoneQueueRunner.execute (node_modules/zone.js/fesm2015/zone-testing.js:692:42)
    at <Jasmine>
11:37:39 (37245) DEBUG Stryker Not removing the temp dir because an error occurred
11:37:39 (37245) ERROR Stryker There were failed tests in the initial test run.
11:37:39 (37245) DEBUG ChildProcessProxy Disposing of worker process 37251
11:37:39 (37245) DEBUG ChildProcessProxy Kill 37251
11:37:39 (37245) DEBUG ChildProcessProxy Disposing of worker process 37250
11:37:39 (37245) DEBUG ChildProcessProxy Kill 37250
11:37:39 (37245) INFO Sandbox Resetting your original files from .stryker-tmp/backup7237366.
11:37:39 (37245) DEBUG ChildProcessProxy Disposing of worker process 37248
11:37:39 (37245) DEBUG ChildProcessProxy Disposing of worker process 37249
11:37:39 (37245) DEBUG ChildProcessProxy Kill 37249
11:37:39 (37245) DEBUG ChildProcessProxy Kill 37248
11:39:28 (37334) WARN ProjectReader Glob pattern "!src/**/*.spec.ts" did not exclude any files.
11:39:28 (37334) WARN ProjectReader Glob pattern "!src/test.ts" did not exclude any files.
11:39:28 (37334) WARN ProjectReader Glob pattern "!src/environments/*.ts" did not exclude any files.
11:39:28 (37334) WARN ProjectReader Glob pattern "!src/**/*.module.ts" did not exclude any files.
11:39:28 (37334) WARN ProjectReader Glob pattern "!src/main.ts" did not exclude any files.
11:39:28 (37334) WARN ProjectReader Glob pattern "!cypress/**" did not exclude any files.
11:39:28 (37334) WARN ProjectReader No files marked to be mutated, Stryker will perform a dry-run without actually mutating anything. You can configure the `mutate` property in your config file (or use `--mutate` via command line).
11:39:28 (37334) INFO Instrumenter Instrumented 0 source file(s) with 0 mutant(s)
11:39:28 (37334) INFO ConcurrencyTokenProvider Creating 2 checker process(es) and 2 test runner process(es).
11:39:33 (37334) INFO Sandbox In place mode is enabled, Stryker will be overriding YOUR files. Find your backup at: .stryker-tmp/backup885663
11:39:49 (37334) INFO DryRunExecutor Starting initial test run (karma test runner with "perTest" coverage analysis). This may take a while.
11:39:52 (37334) ERROR DryRunExecutor One or more tests failed in the initial test run:
	BookEditComponent but  isbn number does not exist and service thorws an error  should  show an error if isbn number does not exist 
		TypeError: Cannot set properties of undefined (setting 'currentTestId')
    at Object.specStarted (http://localhost:9876/base/node_modules/@stryker-mutator/karma-runner/dist/src/karma-plugins/test-hooks-middleware-21f23d35-a4c9-4b01-aeff-da9c99c3ffc0.js?undefined:5:44)
    at <Jasmine>
    at ZoneQueueRunner.jasmine.QueueRunner.ZoneQueueRunner.execute (node_modules/zone.js/fesm2015/zone-testing.js:692:42)
    at <Jasmine>, NullInjectorError: R3InjectorError(DynamicTestModule)[Store -> Store]: 
  NullInjectorError: No provider for Store!
error properties: Object({ ngTempTokenPath: null, ngTokenPath: [ 'Store', 'Store' ] })
    at NullInjector.get (node_modules/@angular/core/fesm2020/core.mjs:6364:27)
    at R3Injector.get (node_modules/@angular/core/fesm2020/core.mjs:6791:33)
    at R3Injector.get (node_modules/@angular/core/fesm2020/core.mjs:6791:33)
    at ChainedInjector.get (node_modules/@angular/core/fesm2020/core.mjs:13868:36)
    at lookupTokenUsingModuleInjector (node_modules/@angular/core/fesm2020/core.mjs:3286:39)
    at getOrCreateInjectable (node_modules/@angular/core/fesm2020/core.mjs:3331:12)
    at directiveInject (node_modules/@angular/core/fesm2020/core.mjs:10881:12)
    at NodeInjectorFactory.factory (ng:///BookEditComponent/fac.js:5:7)
    at getNodeInjectable (node_modules/@angular/core/fesm2020/core.mjs:3516:44)
    at instantiateRootComponent (node_modules/@angular/core/fesm2020/core.mjs:12587:23)
	BookEditComponent but  isbn number does not exist and service thorws NO error but an empty response  should  show an error if isbn number does not exist 
		TypeError: Cannot set properties of undefined (setting 'currentTestId')
    at Object.specStarted (http://localhost:9876/base/node_modules/@stryker-mutator/karma-runner/dist/src/karma-plugins/test-hooks-middleware-21f23d35-a4c9-4b01-aeff-da9c99c3ffc0.js?undefined:5:44)
    at <Jasmine>
    at ZoneQueueRunner.jasmine.QueueRunner.ZoneQueueRunner.execute (node_modules/zone.js/fesm2015/zone-testing.js:692:42)
    at <Jasmine>, NullInjectorError: R3InjectorError(DynamicTestModule)[Store -> Store]: 
  NullInjectorError: No provider for Store!
error properties: Object({ ngTempTokenPath: null, ngTokenPath: [ 'Store', 'Store' ] })
    at NullInjector.get (node_modules/@angular/core/fesm2020/core.mjs:6364:27)
    at R3Injector.get (node_modules/@angular/core/fesm2020/core.mjs:6791:33)
    at R3Injector.get (node_modules/@angular/core/fesm2020/core.mjs:6791:33)
    at ChainedInjector.get (node_modules/@angular/core/fesm2020/core.mjs:13868:36)
    at lookupTokenUsingModuleInjector (node_modules/@angular/core/fesm2020/core.mjs:3286:39)
    at getOrCreateInjectable (node_modules/@angular/core/fesm2020/core.mjs:3331:12)
    at directiveInject (node_modules/@angular/core/fesm2020/core.mjs:10881:12)
    at NodeInjectorFactory.factory (ng:///BookEditComponent/fac.js:5:7)
    at getNodeInjectable (node_modules/@angular/core/fesm2020/core.mjs:3516:44)
    at instantiateRootComponent (node_modules/@angular/core/fesm2020/core.mjs:12587:23)
	BookEditComponent with existing isbn number should create component and should call bookStoreService.get() with ISBN number on ngOnInit()
		TypeError: Cannot set properties of undefined (setting 'currentTestId')
    at Object.specStarted (http://localhost:9876/base/node_modules/@stryker-mutator/karma-runner/dist/src/karma-plugins/test-hooks-middleware-21f23d35-a4c9-4b01-aeff-da9c99c3ffc0.js?undefined:5:44)
    at <Jasmine>
    at ZoneQueueRunner.jasmine.QueueRunner.ZoneQueueRunner.execute (node_modules/zone.js/fesm2015/zone-testing.js:692:42)
    at <Jasmine>, NullInjectorError: R3InjectorError(DynamicTestModule)[Store -> Store]: 
  NullInjectorError: No provider for Store!
error properties: Object({ ngTempTokenPath: null, ngTokenPath: [ 'Store', 'Store' ] })
    at NullInjector.get (node_modules/@angular/core/fesm2020/core.mjs:6364:27)
    at R3Injector.get (node_modules/@angular/core/fesm2020/core.mjs:6791:33)
    at R3Injector.get (node_modules/@angular/core/fesm2020/core.mjs:6791:33)
    at ChainedInjector.get (node_modules/@angular/core/fesm2020/core.mjs:13868:36)
    at lookupTokenUsingModuleInjector (node_modules/@angular/core/fesm2020/core.mjs:3286:39)
    at getOrCreateInjectable (node_modules/@angular/core/fesm2020/core.mjs:3331:12)
    at directiveInject (node_modules/@angular/core/fesm2020/core.mjs:10881:12)
    at NodeInjectorFactory.factory (ng:///BookEditComponent/fac.js:5:7)
    at getNodeInjectable (node_modules/@angular/core/fesm2020/core.mjs:3516:44)
    at instantiateRootComponent (node_modules/@angular/core/fesm2020/core.mjs:12587:23)
	BookFormsComponent with existing book where AsyncValidatorFn is not used,  form should be valid and emit the new book data to the saveBookEventEmitter Output emitterif a book is given to ngOnChanges
		TypeError: Cannot set properties of undefined (setting 'currentTestId')
    at Object.specStarted (http://localhost:9876/base/node_modules/@stryker-mutator/karma-runner/dist/src/karma-plugins/test-hooks-middleware-21f23d35-a4c9-4b01-aeff-da9c99c3ffc0.js?undefined:5:44)
    at <Jasmine>
    at ZoneQueueRunner.jasmine.QueueRunner.ZoneQueueRunner.execute (node_modules/zone.js/fesm2015/zone-testing.js:692:42)
    at <Jasmine>
	BookFormsComponent with new book and AsyncValidatorFn or the checkAuthors validator  returns an error  should create
		TypeError: Cannot set properties of undefined (setting 'currentTestId')
    at Object.specStarted (http://localhost:9876/base/node_modules/@stryker-mutator/karma-runner/dist/src/karma-plugins/test-hooks-middleware-21f23d35-a4c9-4b01-aeff-da9c99c3ffc0.js?undefined:5:44)
    at <Jasmine>
    at ZoneQueueRunner.jasmine.QueueRunner.ZoneQueueRunner.execute (node_modules/zone.js/fesm2015/zone-testing.js:692:42)
    at <Jasmine>
	BookFormsComponent with new book and isbnLength validator  returns an error  should create the edit form, which should not be valid
		TypeError: Cannot set properties of undefined (setting 'currentTestId')
    at Object.specStarted (http://localhost:9876/base/node_modules/@stryker-mutator/karma-runner/dist/src/karma-plugins/test-hooks-middleware-21f23d35-a4c9-4b01-aeff-da9c99c3ffc0.js?undefined:5:44)
    at <Jasmine>
    at ZoneQueueRunner.jasmine.QueueRunner.ZoneQueueRunner.execute (node_modules/zone.js/fesm2015/zone-testing.js:692:42)
    at <Jasmine>, Expected $.published = '2022-10-01' to equal Date(Wed Aug 10 2022 01:00:00 GMT+0100 (British Summer Time)).
    at <Jasmine>
    at UserContext.apply (src/app/admin/book-edit/book-form.component.spec.ts:332:40)
    at _ZoneDelegate.invoke (node_modules/zone.js/fesm2015/zone.js:372:26)
    at ProxyZoneSpec.onInvoke (node_modules/zone.js/fesm2015/zone-testing.js:287:39)
	BookFormsComponent with new book and AsyncValidatorFn that returns no errors should call bookFormSaveBook method, when button is clicked, and emit Event if Form is  valid
		TypeError: Cannot set properties of undefined (setting 'currentTestId')
    at Object.specStarted (http://localhost:9876/base/node_modules/@stryker-mutator/karma-runner/dist/src/karma-plugins/test-hooks-middleware-21f23d35-a4c9-4b01-aeff-da9c99c3ffc0.js?undefined:5:44)
    at <Jasmine>
    at ZoneQueueRunner.jasmine.QueueRunner.ZoneQueueRunner.execute (node_modules/zone.js/fesm2015/zone-testing.js:692:42)
    at <Jasmine>
	BookFormsComponent with new book and required or isbn validator that returns an error should disable the save button, when isbn number is not valid, or rating is not valid
		TypeError: Cannot set properties of undefined (setting 'currentTestId')
    at Object.specStarted (http://localhost:9876/base/node_modules/@stryker-mutator/karma-runner/dist/src/karma-plugins/test-hooks-middleware-21f23d35-a4c9-4b01-aeff-da9c99c3ffc0.js?undefined:5:44)
    at <Jasmine>
    at ZoneQueueRunner.jasmine.QueueRunner.ZoneQueueRunner.execute (node_modules/zone.js/fesm2015/zone-testing.js:692:42)
    at <Jasmine>
	CreateBookComponent should create, set "save" to true for 5 sec and set successmessage to the result
		TypeError: Cannot set properties of undefined (setting 'currentTestId')
    at Object.specStarted (http://localhost:9876/base/node_modules/@stryker-mutator/karma-runner/dist/src/karma-plugins/test-hooks-middleware-21f23d35-a4c9-4b01-aeff-da9c99c3ffc0.js?undefined:5:44)
    at <Jasmine>
    at ZoneQueueRunner.jasmine.QueueRunner.ZoneQueueRunner.execute (node_modules/zone.js/fesm2015/zone-testing.js:692:42)
    at <Jasmine>, NullInjectorError: R3InjectorError(DynamicTestModule)[Store -> Store]: 
  NullInjectorError: No provider for Store!
error properties: Object({ ngTempTokenPath: null, ngTokenPath: [ 'Store', 'Store' ] })
    at NullInjector.get (node_modules/@angular/core/fesm2020/core.mjs:6364:27)
    at R3Injector.get (node_modules/@angular/core/fesm2020/core.mjs:6791:33)
    at R3Injector.get (node_modules/@angular/core/fesm2020/core.mjs:6791:33)
    at ChainedInjector.get (node_modules/@angular/core/fesm2020/core.mjs:13868:36)
    at lookupTokenUsingModuleInjector (node_modules/@angular/core/fesm2020/core.mjs:3286:39)
    at getOrCreateInjectable (node_modules/@angular/core/fesm2020/core.mjs:3331:12)
    at directiveInject (node_modules/@angular/core/fesm2020/core.mjs:10881:12)
    at NodeInjectorFactory.factory (ng:///CreateBookComponent/fac.js:4:47)
    at getNodeInjectable (node_modules/@angular/core/fesm2020/core.mjs:3516:44)
    at instantiateRootComponent (node_modules/@angular/core/fesm2020/core.mjs:12587:23)
	FormMessagesComponent should create an array of errormessage that fit to a "title" control 
		TypeError: Cannot set properties of undefined (setting 'currentTestId')
    at Object.specStarted (http://localhost:9876/base/node_modules/@stryker-mutator/karma-runner/dist/src/karma-plugins/test-hooks-middleware-21f23d35-a4c9-4b01-aeff-da9c99c3ffc0.js?undefined:5:44)
    at <Jasmine>
    at ZoneQueueRunner.jasmine.QueueRunner.ZoneQueueRunner.execute (node_modules/zone.js/fesm2015/zone-testing.js:692:42)
    at <Jasmine>
	BodosValidatorService should return null if FormControlArray has at least one author
		TypeError: Cannot set properties of undefined (setting 'currentTestId')
    at Object.specStarted (http://localhost:9876/base/node_modules/@stryker-mutator/karma-runner/dist/src/karma-plugins/test-hooks-middleware-21f23d35-a4c9-4b01-aeff-da9c99c3ffc0.js?undefined:5:44)
    at <Jasmine>
    at ZoneQueueRunner.jasmine.QueueRunner.ZoneQueueRunner.execute (node_modules/zone.js/fesm2015/zone-testing.js:692:42)
    at <Jasmine>
	AppComponent should create the app
		TypeError: Cannot set properties of undefined (setting 'currentTestId')
    at Object.specStarted (http://localhost:9876/base/node_modules/@stryker-mutator/karma-runner/dist/src/karma-plugins/test-hooks-middleware-21f23d35-a4c9-4b01-aeff-da9c99c3ffc0.js?undefined:5:44)
    at <Jasmine>
    at ZoneQueueRunner.jasmine.QueueRunner.ZoneQueueRunner.execute (node_modules/zone.js/fesm2015/zone-testing.js:692:42)
    at <Jasmine>, NullInjectorError: R3InjectorError(DynamicTestModule)[Store -> Store]: 
  NullInjectorError: No provider for Store!
error properties: Object({ ngTempTokenPath: null, ngTokenPath: [ 'Store', 'Store' ] })
    at NullInjector.get (node_modules/@angular/core/fesm2020/core.mjs:6364:27)
    at R3Injector.get (node_modules/@angular/core/fesm2020/core.mjs:6791:33)
    at R3Injector.get (node_modules/@angular/core/fesm2020/core.mjs:6791:33)
    at ChainedInjector.get (node_modules/@angular/core/fesm2020/core.mjs:13868:36)
    at lookupTokenUsingModuleInjector (node_modules/@angular/core/fesm2020/core.mjs:3286:39)
    at getOrCreateInjectable (node_modules/@angular/core/fesm2020/core.mjs:3331:12)
    at directiveInject (node_modules/@angular/core/fesm2020/core.mjs:10881:12)
    at NodeInjectorFactory.factory (ng:///AppComponent/fac.js:4:40)
    at getNodeInjectable (node_modules/@angular/core/fesm2020/core.mjs:3516:44)
    at instantiateRootComponent (node_modules/@angular/core/fesm2020/core.mjs:12587:23)
	BookDetailsComponent and IsbnPipe should create
		TypeError: Cannot set properties of undefined (setting 'currentTestId')
    at Object.specStarted (http://localhost:9876/base/node_modules/@stryker-mutator/karma-runner/dist/src/karma-plugins/test-hooks-middleware-21f23d35-a4c9-4b01-aeff-da9c99c3ffc0.js?undefined:5:44)
    at <Jasmine>
    at ZoneQueueRunner.jasmine.QueueRunner.ZoneQueueRunner.execute (node_modules/zone.js/fesm2015/zone-testing.js:692:42)
    at <Jasmine>, NullInjectorError: R3InjectorError(DynamicTestModule)[Store -> Store]: 
  NullInjectorError: No provider for Store!
error properties: Object({ ngTempTokenPath: null, ngTokenPath: [ 'Store', 'Store' ] })
    at NullInjector.get (node_modules/@angular/core/fesm2020/core.mjs:6364:27)
    at R3Injector.get (node_modules/@angular/core/fesm2020/core.mjs:6791:33)
    at R3Injector.get (node_modules/@angular/core/fesm2020/core.mjs:6791:33)
    at ChainedInjector.get (node_modules/@angular/core/fesm2020/core.mjs:13868:36)
    at lookupTokenUsingModuleInjector (node_modules/@angular/core/fesm2020/core.mjs:3286:39)
    at getOrCreateInjectable (node_modules/@angular/core/fesm2020/core.mjs:3331:12)
    at directiveInject (node_modules/@angular/core/fesm2020/core.mjs:10881:12)
    at NodeInjectorFactory.factory (ng:///BookDetailsComponent/fac.js:5:53)
    at getNodeInjectable (node_modules/@angular/core/fesm2020/core.mjs:3516:44)
    at instantiateRootComponent (node_modules/@angular/core/fesm2020/core.mjs:12587:23)
	BookListItemComponent should create
		TypeError: Cannot set properties of undefined (setting 'currentTestId')
    at Object.specStarted (http://localhost:9876/base/node_modules/@stryker-mutator/karma-runner/dist/src/karma-plugins/test-hooks-middleware-21f23d35-a4c9-4b01-aeff-da9c99c3ffc0.js?undefined:5:44)
    at <Jasmine>
    at ZoneQueueRunner.jasmine.QueueRunner.ZoneQueueRunner.execute (node_modules/zone.js/fesm2015/zone-testing.js:692:42)
    at <Jasmine>
	BookListComponent should create and get the of(book[]) 
		TypeError: Cannot set properties of undefined (setting 'currentTestId')
    at Object.specStarted (http://localhost:9876/base/node_modules/@stryker-mutator/karma-runner/dist/src/karma-plugins/test-hooks-middleware-21f23d35-a4c9-4b01-aeff-da9c99c3ffc0.js?undefined:5:44)
    at <Jasmine>
    at ZoneQueueRunner.jasmine.QueueRunner.ZoneQueueRunner.execute (node_modules/zone.js/fesm2015/zone-testing.js:692:42)
    at <Jasmine>, NullInjectorError: R3InjectorError(DynamicTestModule)[Store -> Store]: 
  NullInjectorError: No provider for Store!
error properties: Object({ ngTempTokenPath: null, ngTokenPath: [ 'Store', 'Store' ] })
    at NullInjector.get (node_modules/@angular/core/fesm2020/core.mjs:6364:27)
    at R3Injector.get (node_modules/@angular/core/fesm2020/core.mjs:6791:33)
    at R3Injector.get (node_modules/@angular/core/fesm2020/core.mjs:6791:33)
    at ChainedInjector.get (node_modules/@angular/core/fesm2020/core.mjs:13868:36)
    at lookupTokenUsingModuleInjector (node_modules/@angular/core/fesm2020/core.mjs:3286:39)
    at getOrCreateInjectable (node_modules/@angular/core/fesm2020/core.mjs:3331:12)
    at directiveInject (node_modules/@angular/core/fesm2020/core.mjs:10881:12)
    at NodeInjectorFactory.factory (ng:///BookListComponent/fac.js:5:7)
    at getNodeInjectable (node_modules/@angular/core/fesm2020/core.mjs:3516:44)
    at instantiateRootComponent (node_modules/@angular/core/fesm2020/core.mjs:12587:23)
	ListLoadedGuard should be created
		TypeError: Cannot set properties of undefined (setting 'currentTestId')
    at Object.specStarted (http://localhost:9876/base/node_modules/@stryker-mutator/karma-runner/dist/src/karma-plugins/test-hooks-middleware-21f23d35-a4c9-4b01-aeff-da9c99c3ffc0.js?undefined:5:44)
    at <Jasmine>
    at ZoneQueueRunner.jasmine.QueueRunner.ZoneQueueRunner.execute (node_modules/zone.js/fesm2015/zone-testing.js:692:42)
    at <Jasmine>, NullInjectorError: R3InjectorError(DynamicTestModule)[ListLoadedGuard -> BookStoreService -> HttpClient -> HttpClient]: 
  NullInjectorError: No provider for HttpClient!
error properties: Object({ ngTempTokenPath: null, ngTokenPath: [ 'ListLoadedGuard', 'BookStoreService', 'HttpClient', 'HttpClient' ] })
    at NullInjector.get (node_modules/@angular/core/fesm2020/core.mjs:6364:27)
    at R3Injector.get (node_modules/@angular/core/fesm2020/core.mjs:6791:33)
    at R3Injector.get (node_modules/@angular/core/fesm2020/core.mjs:6791:33)
    at injectInjectorOnly (node_modules/@angular/core/fesm2020/core.mjs:4775:33)
    at inject (node_modules/@angular/core/fesm2020/core.mjs:4779:12)
    at Object.factory (ng:///BookStoreService/fac.js:4:44)
    at R3Injector.hydrate (node_modules/@angular/core/fesm2020/core.mjs:6892:35)
    at R3Injector.get (node_modules/@angular/core/fesm2020/core.mjs:6780:33)
    at injectInjectorOnly (node_modules/@angular/core/fesm2020/core.mjs:4775:33)
    at inject (node_modules/@angular/core/fesm2020/core.mjs:4779:12)
	DelayDirective ..delay 100ms   should create an instance of the parent test component with style.visiblity = hidden, after 10ms should change to visible 
		TypeError: Cannot set properties of undefined (setting 'currentTestId')
    at Object.specStarted (http://localhost:9876/base/node_modules/@stryker-mutator/karma-runner/dist/src/karma-plugins/test-hooks-middleware-21f23d35-a4c9-4b01-aeff-da9c99c3ffc0.js?undefined:5:44)
    at <Jasmine>
    at ZoneQueueRunner.jasmine.QueueRunner.ZoneQueueRunner.execute (node_modules/zone.js/fesm2015/zone-testing.js:692:42)
    at <Jasmine>
	DelayDirective ..delay undefined (same as 0ms!) ..  should create an instance of the parent test component with style.visiblity = hidden, after 10ms should change to visible 
		TypeError: Cannot set properties of undefined (setting 'currentTestId')
    at Object.specStarted (http://localhost:9876/base/node_modules/@stryker-mutator/karma-runner/dist/src/karma-plugins/test-hooks-middleware-21f23d35-a4c9-4b01-aeff-da9c99c3ffc0.js?undefined:5:44)
    at <Jasmine>
    at ZoneQueueRunner.jasmine.QueueRunner.ZoneQueueRunner.execute (node_modules/zone.js/fesm2015/zone-testing.js:692:42)
    at <Jasmine>
	IsbnPipe create an instance
		TypeError: Cannot set properties of undefined (setting 'currentTestId')
    at Object.specStarted (http://localhost:9876/base/node_modules/@stryker-mutator/karma-runner/dist/src/karma-plugins/test-hooks-middleware-21f23d35-a4c9-4b01-aeff-da9c99c3ffc0.js?undefined:5:44)
    at <Jasmine>
    at ZoneQueueRunner.jasmine.QueueRunner.ZoneQueueRunner.execute (node_modules/zone.js/fesm2015/zone-testing.js:692:42)
    at <Jasmine>
	ZoomDirective should create an instance
		TypeError: Cannot set properties of undefined (setting 'currentTestId')
    at Object.specStarted (http://localhost:9876/base/node_modules/@stryker-mutator/karma-runner/dist/src/karma-plugins/test-hooks-middleware-21f23d35-a4c9-4b01-aeff-da9c99c3ffc0.js?undefined:5:44)
    at <Jasmine>
    at ZoneQueueRunner.jasmine.QueueRunner.ZoneQueueRunner.execute (node_modules/zone.js/fesm2015/zone-testing.js:692:42)
    at <Jasmine>
	BookEntityEffects should be created
		TypeError: Cannot set properties of undefined (setting 'currentTestId')
    at Object.specStarted (http://localhost:9876/base/node_modules/@stryker-mutator/karma-runner/dist/src/karma-plugins/test-hooks-middleware-21f23d35-a4c9-4b01-aeff-da9c99c3ffc0.js?undefined:5:44)
    at <Jasmine>
    at ZoneQueueRunner.jasmine.QueueRunner.ZoneQueueRunner.execute (node_modules/zone.js/fesm2015/zone-testing.js:692:42)
    at <Jasmine>, NullInjectorError: R3InjectorError(DynamicTestModule)[BookEntityEffects -> BookStoreService -> HttpClient -> HttpClient]: 
  NullInjectorError: No provider for HttpClient!
error properties: Object({ ngTempTokenPath: null, ngTokenPath: [ 'BookEntityEffects', 'BookStoreService', 'HttpClient', 'HttpClient' ] })
    at NullInjector.get (node_modules/@angular/core/fesm2020/core.mjs:6364:27)
    at R3Injector.get (node_modules/@angular/core/fesm2020/core.mjs:6791:33)
    at R3Injector.get (node_modules/@angular/core/fesm2020/core.mjs:6791:33)
    at injectInjectorOnly (node_modules/@angular/core/fesm2020/core.mjs:4775:33)
    at inject (node_modules/@angular/core/fesm2020/core.mjs:4779:12)
    at Object.factory (ng:///BookStoreService/fac.js:4:44)
    at R3Injector.hydrate (node_modules/@angular/core/fesm2020/core.mjs:6892:35)
    at R3Injector.get (node_modules/@angular/core/fesm2020/core.mjs:6780:33)
    at injectInjectorOnly (node_modules/@angular/core/fesm2020/core.mjs:4775:33)
    at inject (node_modules/@angular/core/fesm2020/core.mjs:4779:12)
	BookEntity Reducer unknown action should return the previous state
		TypeError: Cannot set properties of undefined (setting 'currentTestId')
    at Object.specStarted (http://localhost:9876/base/node_modules/@stryker-mutator/karma-runner/dist/src/karma-plugins/test-hooks-middleware-21f23d35-a4c9-4b01-aeff-da9c99c3ffc0.js?undefined:5:44)
    at <Jasmine>
    at ZoneQueueRunner.jasmine.QueueRunner.ZoneQueueRunner.execute (node_modules/zone.js/fesm2015/zone-testing.js:692:42)
    at <Jasmine>
	ErrorPageComponent should create
		TypeError: Cannot set properties of undefined (setting 'currentTestId')
    at Object.specStarted (http://localhost:9876/base/node_modules/@stryker-mutator/karma-runner/dist/src/karma-plugins/test-hooks-middleware-21f23d35-a4c9-4b01-aeff-da9c99c3ffc0.js?undefined:5:44)
    at <Jasmine>
    at ZoneQueueRunner.jasmine.QueueRunner.ZoneQueueRunner.execute (node_modules/zone.js/fesm2015/zone-testing.js:692:42)
    at <Jasmine>, NullInjectorError: R3InjectorError(DynamicTestModule)[Store -> Store]: 
  NullInjectorError: No provider for Store!
error properties: Object({ ngTempTokenPath: null, ngTokenPath: [ 'Store', 'Store' ] })
    at NullInjector.get (node_modules/@angular/core/fesm2020/core.mjs:6364:27)
    at R3Injector.get (node_modules/@angular/core/fesm2020/core.mjs:6791:33)
    at R3Injector.get (node_modules/@angular/core/fesm2020/core.mjs:6791:33)
    at ChainedInjector.get (node_modules/@angular/core/fesm2020/core.mjs:13868:36)
    at lookupTokenUsingModuleInjector (node_modules/@angular/core/fesm2020/core.mjs:3286:39)
    at getOrCreateInjectable (node_modules/@angular/core/fesm2020/core.mjs:3331:12)
    at directiveInject (node_modules/@angular/core/fesm2020/core.mjs:10881:12)
    at NodeInjectorFactory.factory (ng:///ErrorPageComponent/fac.js:4:46)
    at getNodeInjectable (node_modules/@angular/core/fesm2020/core.mjs:3516:44)
    at instantiateRootComponent (node_modules/@angular/core/fesm2020/core.mjs:12587:23)
	HomeComponent should create
		TypeError: Cannot set properties of undefined (setting 'currentTestId')
    at Object.specStarted (http://localhost:9876/base/node_modules/@stryker-mutator/karma-runner/dist/src/karma-plugins/test-hooks-middleware-21f23d35-a4c9-4b01-aeff-da9c99c3ffc0.js?undefined:5:44)
    at <Jasmine>
    at ZoneQueueRunner.jasmine.QueueRunner.ZoneQueueRunner.execute (node_modules/zone.js/fesm2015/zone-testing.js:692:42)
    at <Jasmine>, NullInjectorError: R3InjectorError(DynamicTestModule)[Store -> Store]: 
  NullInjectorError: No provider for Store!
error properties: Object({ ngTempTokenPath: null, ngTokenPath: [ 'Store', 'Store' ] })
    at NullInjector.get (node_modules/@angular/core/fesm2020/core.mjs:6364:27)
    at R3Injector.get (node_modules/@angular/core/fesm2020/core.mjs:6791:33)
    at R3Injector.get (node_modules/@angular/core/fesm2020/core.mjs:6791:33)
    at ChainedInjector.get (node_modules/@angular/core/fesm2020/core.mjs:13868:36)
    at lookupTokenUsingModuleInjector (node_modules/@angular/core/fesm2020/core.mjs:3286:39)
    at getOrCreateInjectable (node_modules/@angular/core/fesm2020/core.mjs:3331:12)
    at directiveInject (node_modules/@angular/core/fesm2020/core.mjs:10881:12)
    at NodeInjectorFactory.factory (ng:///SearchComponent/fac.js:4:43)
    at getNodeInjectable (node_modules/@angular/core/fesm2020/core.mjs:3516:44)
    at instantiateAllDirectives (node_modules/@angular/core/fesm2020/core.mjs:12726:27)
	SearchComponent should create
		TypeError: Cannot set properties of undefined (setting 'currentTestId')
    at Object.specStarted (http://localhost:9876/base/node_modules/@stryker-mutator/karma-runner/dist/src/karma-plugins/test-hooks-middleware-21f23d35-a4c9-4b01-aeff-da9c99c3ffc0.js?undefined:5:44)
    at <Jasmine>
    at ZoneQueueRunner.jasmine.QueueRunner.ZoneQueueRunner.execute (node_modules/zone.js/fesm2015/zone-testing.js:692:42)
    at <Jasmine>, NullInjectorError: R3InjectorError(DynamicTestModule)[Store -> Store]: 
  NullInjectorError: No provider for Store!
error properties: Object({ ngTempTokenPath: null, ngTokenPath: [ 'Store', 'Store' ] })
    at NullInjector.get (node_modules/@angular/core/fesm2020/core.mjs:6364:27)
    at R3Injector.get (node_modules/@angular/core/fesm2020/core.mjs:6791:33)
    at R3Injector.get (node_modules/@angular/core/fesm2020/core.mjs:6791:33)
    at ChainedInjector.get (node_modules/@angular/core/fesm2020/core.mjs:13868:36)
    at lookupTokenUsingModuleInjector (node_modules/@angular/core/fesm2020/core.mjs:3286:39)
    at getOrCreateInjectable (node_modules/@angular/core/fesm2020/core.mjs:3331:12)
    at directiveInject (node_modules/@angular/core/fesm2020/core.mjs:10881:12)
    at NodeInjectorFactory.factory (ng:///SearchComponent/fac.js:4:43)
    at getNodeInjectable (node_modules/@angular/core/fesm2020/core.mjs:3516:44)
    at instantiateRootComponent (node_modules/@angular/core/fesm2020/core.mjs:12587:23)
	SearchEffects should be created
		TypeError: Cannot set properties of undefined (setting 'currentTestId')
    at Object.specStarted (http://localhost:9876/base/node_modules/@stryker-mutator/karma-runner/dist/src/karma-plugins/test-hooks-middleware-21f23d35-a4c9-4b01-aeff-da9c99c3ffc0.js?undefined:5:44)
    at <Jasmine>
    at ZoneQueueRunner.jasmine.QueueRunner.ZoneQueueRunner.execute (node_modules/zone.js/fesm2015/zone-testing.js:692:42)
    at <Jasmine>, NullInjectorError: R3InjectorError(DynamicTestModule)[SearchEffects -> BookStoreService -> HttpClient -> HttpClient]: 
  NullInjectorError: No provider for HttpClient!
error properties: Object({ ngTempTokenPath: null, ngTokenPath: [ 'SearchEffects', 'BookStoreService', 'HttpClient', 'HttpClient' ] })
    at NullInjector.get (node_modules/@angular/core/fesm2020/core.mjs:6364:27)
    at R3Injector.get (node_modules/@angular/core/fesm2020/core.mjs:6791:33)
    at R3Injector.get (node_modules/@angular/core/fesm2020/core.mjs:6791:33)
    at injectInjectorOnly (node_modules/@angular/core/fesm2020/core.mjs:4775:33)
    at inject (node_modules/@angular/core/fesm2020/core.mjs:4779:12)
    at Object.factory (ng:///BookStoreService/fac.js:4:44)
    at R3Injector.hydrate (node_modules/@angular/core/fesm2020/core.mjs:6892:35)
    at R3Injector.get (node_modules/@angular/core/fesm2020/core.mjs:6780:33)
    at injectInjectorOnly (node_modules/@angular/core/fesm2020/core.mjs:4775:33)
    at inject (node_modules/@angular/core/fesm2020/core.mjs:4779:12)
	Search Reducer an unknown action should return the previous state
		TypeError: Cannot set properties of undefined (setting 'currentTestId')
    at Object.specStarted (http://localhost:9876/base/node_modules/@stryker-mutator/karma-runner/dist/src/karma-plugins/test-hooks-middleware-21f23d35-a4c9-4b01-aeff-da9c99c3ffc0.js?undefined:5:44)
    at <Jasmine>
    at ZoneQueueRunner.jasmine.QueueRunner.ZoneQueueRunner.execute (node_modules/zone.js/fesm2015/zone-testing.js:692:42)
    at <Jasmine>
	Search Selectors should select the feature state
		TypeError: Cannot set properties of undefined (setting 'currentTestId')
    at Object.specStarted (http://localhost:9876/base/node_modules/@stryker-mutator/karma-runner/dist/src/karma-plugins/test-hooks-middleware-21f23d35-a4c9-4b01-aeff-da9c99c3ffc0.js?undefined:5:44)
    at <Jasmine>
    at ZoneQueueRunner.jasmine.QueueRunner.ZoneQueueRunner.execute (node_modules/zone.js/fesm2015/zone-testing.js:692:42)
    at <Jasmine>
	BookFactoryService should get an empty book
		TypeError: Cannot set properties of undefined (setting 'currentTestId')
    at Object.specStarted (http://localhost:9876/base/node_modules/@stryker-mutator/karma-runner/dist/src/karma-plugins/test-hooks-middleware-21f23d35-a4c9-4b01-aeff-da9c99c3ffc0.js?undefined:5:44)
    at <Jasmine>
    at ZoneQueueRunner.jasmine.QueueRunner.ZoneQueueRunner.execute (node_modules/zone.js/fesm2015/zone-testing.js:692:42)
    at <Jasmine>
	BookStoreService  with Testbed should be created
		TypeError: Cannot set properties of undefined (setting 'currentTestId')
    at Object.specStarted (http://localhost:9876/base/node_modules/@stryker-mutator/karma-runner/dist/src/karma-plugins/test-hooks-middleware-21f23d35-a4c9-4b01-aeff-da9c99c3ffc0.js?undefined:5:44)
    at <Jasmine>
    at ZoneQueueRunner.jasmine.QueueRunner.ZoneQueueRunner.execute (node_modules/zone.js/fesm2015/zone-testing.js:692:42)
    at <Jasmine>
	BookStoreService  but without Testbed getAll() should call http GET with url and return a Book array converted from BookRaw array
		TypeError: Cannot set properties of undefined (setting 'currentTestId')
    at Object.specStarted (http://localhost:9876/base/node_modules/@stryker-mutator/karma-runner/dist/src/karma-plugins/test-hooks-middleware-21f23d35-a4c9-4b01-aeff-da9c99c3ffc0.js?undefined:5:44)
    at <Jasmine>
    at ZoneQueueRunner.jasmine.QueueRunner.ZoneQueueRunner.execute (node_modules/zone.js/fesm2015/zone-testing.js:692:42)
    at <Jasmine>
	CanNavigateToAdminGuard should return true if window.confirm is true
		TypeError: Cannot set properties of undefined (setting 'currentTestId')
    at Object.specStarted (http://localhost:9876/base/node_modules/@stryker-mutator/karma-runner/dist/src/karma-plugins/test-hooks-middleware-21f23d35-a4c9-4b01-aeff-da9c99c3ffc0.js?undefined:5:44)
    at <Jasmine>
    at ZoneQueueRunner.jasmine.QueueRunner.ZoneQueueRunner.execute (node_modules/zone.js/fesm2015/zone-testing.js:692:42)
    at <Jasmine>
	NotificationAlertComponent should create
		TypeError: Cannot set properties of undefined (setting 'currentTestId')
    at Object.specStarted (http://localhost:9876/base/node_modules/@stryker-mutator/karma-runner/dist/src/karma-plugins/test-hooks-middleware-21f23d35-a4c9-4b01-aeff-da9c99c3ffc0.js?undefined:5:44)
    at <Jasmine>
    at ZoneQueueRunner.jasmine.QueueRunner.ZoneQueueRunner.execute (node_modules/zone.js/fesm2015/zone-testing.js:692:42)
    at <Jasmine>
	SuccessAlertComponent should create
		TypeError: Cannot set properties of undefined (setting 'currentTestId')
    at Object.specStarted (http://localhost:9876/base/node_modules/@stryker-mutator/karma-runner/dist/src/karma-plugins/test-hooks-middleware-21f23d35-a4c9-4b01-aeff-da9c99c3ffc0.js?undefined:5:44)
    at <Jasmine>
    at ZoneQueueRunner.jasmine.QueueRunner.ZoneQueueRunner.execute (node_modules/zone.js/fesm2015/zone-testing.js:692:42)
    at <Jasmine>, NullInjectorError: R3InjectorError(DynamicTestModule)[Store -> Store]: 
  NullInjectorError: No provider for Store!
error properties: Object({ ngTempTokenPath: null, ngTokenPath: [ 'Store', 'Store' ] })
    at NullInjector.get (node_modules/@angular/core/fesm2020/core.mjs:6364:27)
    at R3Injector.get (node_modules/@angular/core/fesm2020/core.mjs:6791:33)
    at R3Injector.get (node_modules/@angular/core/fesm2020/core.mjs:6791:33)
    at ChainedInjector.get (node_modules/@angular/core/fesm2020/core.mjs:13868:36)
    at lookupTokenUsingModuleInjector (node_modules/@angular/core/fesm2020/core.mjs:3286:39)
    at getOrCreateInjectable (node_modules/@angular/core/fesm2020/core.mjs:3331:12)
    at directiveInject (node_modules/@angular/core/fesm2020/core.mjs:10881:12)
    at NodeInjectorFactory.factory (ng:///SuccessAlertComponent/fac.js:4:49)
    at getNodeInjectable (node_modules/@angular/core/fesm2020/core.mjs:3516:44)
    at instantiateRootComponent (node_modules/@angular/core/fesm2020/core.mjs:12587:23)
	TokenInterceptor should increment the counter for all apis except getUsers
		TypeError: Cannot set properties of undefined (setting 'currentTestId')
    at Object.specStarted (http://localhost:9876/base/node_modules/@stryker-mutator/karma-runner/dist/src/karma-plugins/test-hooks-middleware-21f23d35-a4c9-4b01-aeff-da9c99c3ffc0.js?undefined:5:44)
    at <Jasmine>
    at ZoneQueueRunner.jasmine.QueueRunner.ZoneQueueRunner.execute (node_modules/zone.js/fesm2015/zone-testing.js:692:42)
    at <Jasmine>
	RouterEffects should be created
		TypeError: Cannot set properties of undefined (setting 'currentTestId')
    at Object.specStarted (http://localhost:9876/base/node_modules/@stryker-mutator/karma-runner/dist/src/karma-plugins/test-hooks-middleware-21f23d35-a4c9-4b01-aeff-da9c99c3ffc0.js?undefined:5:44)
    at <Jasmine>
    at ZoneQueueRunner.jasmine.QueueRunner.ZoneQueueRunner.execute (node_modules/zone.js/fesm2015/zone-testing.js:692:42)
    at <Jasmine>, NullInjectorError: R3InjectorError(DynamicTestModule)[RouterEffects -> ActivatedRoute -> ActivatedRoute]: 
  NullInjectorError: No provider for ActivatedRoute!
error properties: Object({ ngTempTokenPath: null, ngTokenPath: [ 'RouterEffects', 'ActivatedRoute', 'ActivatedRoute' ] })
    at NullInjector.get (node_modules/@angular/core/fesm2020/core.mjs:6364:27)
    at R3Injector.get (node_modules/@angular/core/fesm2020/core.mjs:6791:33)
    at R3Injector.get (node_modules/@angular/core/fesm2020/core.mjs:6791:33)
    at injectInjectorOnly (node_modules/@angular/core/fesm2020/core.mjs:4775:33)
    at inject (node_modules/@angular/core/fesm2020/core.mjs:4779:12)
    at Object.factory (ng:///RouterEffects/fac.js:5:7)
    at R3Injector.hydrate (node_modules/@angular/core/fesm2020/core.mjs:6892:35)
    at R3Injector.get (node_modules/@angular/core/fesm2020/core.mjs:6780:33)
    at TestBedRender3.inject (node_modules/@angular/core/fesm2020/testing.mjs:26300:52)
    at Function.inject (node_modules/@angular/core/fesm2020/testing.mjs:26172:37)
	Router Reducer an unknown action should return the previous state
		TypeError: Cannot set properties of undefined (setting 'currentTestId')
    at Object.specStarted (http://localhost:9876/base/node_modules/@stryker-mutator/karma-runner/dist/src/karma-plugins/test-hooks-middleware-21f23d35-a4c9-4b01-aeff-da9c99c3ffc0.js?undefined:5:44)
    at <Jasmine>
    at ZoneQueueRunner.jasmine.QueueRunner.ZoneQueueRunner.execute (node_modules/zone.js/fesm2015/zone-testing.js:692:42)
    at <Jasmine>
11:39:52 (37334) ERROR Stryker There were failed tests in the initial test run.
11:39:52 (37334) INFO Sandbox Resetting your original files from .stryker-tmp/backup885663.
11:53:27 (38143) WARN ProjectReader Glob pattern "!src/**/*.spec.ts" did not exclude any files.
11:53:27 (38143) WARN ProjectReader Glob pattern "!src/test.ts" did not exclude any files.
11:53:27 (38143) WARN ProjectReader Glob pattern "!src/environments/*.ts" did not exclude any files.
11:53:27 (38143) WARN ProjectReader Glob pattern "!src/**/*.module.ts" did not exclude any files.
11:53:27 (38143) WARN ProjectReader Glob pattern "!src/main.ts" did not exclude any files.
11:53:27 (38143) WARN ProjectReader Glob pattern "!cypress/**" did not exclude any files.
11:53:27 (38143) WARN ProjectReader No files marked to be mutated, Stryker will perform a dry-run without actually mutating anything. You can configure the `mutate` property in your config file (or use `--mutate` via command line).
11:53:27 (38143) INFO Instrumenter Instrumented 0 source file(s) with 0 mutant(s)
11:53:27 (38143) INFO ConcurrencyTokenProvider Creating 2 checker process(es) and 2 test runner process(es).
11:53:32 (38143) INFO Sandbox In place mode is enabled, Stryker will be overriding YOUR files. Find your backup at: stryker-tmp/backup1810063
11:53:40 (38143) INFO DryRunExecutor Starting initial test run (karma test runner with "perTest" coverage analysis). This may take a while.
11:53:41 (38143) ERROR DryRunExecutor One or more tests failed in the initial test run:
	BookFormsComponent with existing book where AsyncValidatorFn is not used,  form should be valid and emit the new book data to the saveBookEventEmitter Output emitterif a book is given to ngOnChanges
		TypeError: Cannot set properties of undefined (setting 'currentTestId')
    at Object.specStarted (http://localhost:9878/base/node_modules/@stryker-mutator/karma-runner/dist/src/karma-plugins/test-hooks-middleware-21f23d35-a4c9-4b01-aeff-da9c99c3ffc0.js?undefined:5:44)
    at <Jasmine>
    at ZoneQueueRunner.jasmine.QueueRunner.ZoneQueueRunner.execute (node_modules/zone.js/fesm2015/zone-testing.js:692:42)
    at <Jasmine>
	BookFormsComponent with new book and AsyncValidatorFn that returns no errors should call bookFormSaveBook method, when button is clicked, and emit Event if Form is  valid
		TypeError: Cannot set properties of undefined (setting 'currentTestId')
    at Object.specStarted (http://localhost:9878/base/node_modules/@stryker-mutator/karma-runner/dist/src/karma-plugins/test-hooks-middleware-21f23d35-a4c9-4b01-aeff-da9c99c3ffc0.js?undefined:5:44)
    at <Jasmine>
    at ZoneQueueRunner.jasmine.QueueRunner.ZoneQueueRunner.execute (node_modules/zone.js/fesm2015/zone-testing.js:692:42)
    at <Jasmine>
	BookFormsComponent with new book and required or isbn validator that returns an error should disable the save button, when isbn number is not valid, or rating is not valid
		TypeError: Cannot set properties of undefined (setting 'currentTestId')
    at Object.specStarted (http://localhost:9878/base/node_modules/@stryker-mutator/karma-runner/dist/src/karma-plugins/test-hooks-middleware-21f23d35-a4c9-4b01-aeff-da9c99c3ffc0.js?undefined:5:44)
    at <Jasmine>
    at ZoneQueueRunner.jasmine.QueueRunner.ZoneQueueRunner.execute (node_modules/zone.js/fesm2015/zone-testing.js:692:42)
    at <Jasmine>
	FormMessagesComponent should create an array of errormessage that fit to a "title" control 
		TypeError: Cannot set properties of undefined (setting 'currentTestId')
    at Object.specStarted (http://localhost:9878/base/node_modules/@stryker-mutator/karma-runner/dist/src/karma-plugins/test-hooks-middleware-21f23d35-a4c9-4b01-aeff-da9c99c3ffc0.js?undefined:5:44)
    at <Jasmine>
    at ZoneQueueRunner.jasmine.QueueRunner.ZoneQueueRunner.execute (node_modules/zone.js/fesm2015/zone-testing.js:692:42)
    at <Jasmine>
	BodosValidatorService should return null if FormControlArray has at least one author
		TypeError: Cannot set properties of undefined (setting 'currentTestId')
    at Object.specStarted (http://localhost:9878/base/node_modules/@stryker-mutator/karma-runner/dist/src/karma-plugins/test-hooks-middleware-21f23d35-a4c9-4b01-aeff-da9c99c3ffc0.js?undefined:5:44)
    at <Jasmine>
    at ZoneQueueRunner.jasmine.QueueRunner.ZoneQueueRunner.execute (node_modules/zone.js/fesm2015/zone-testing.js:692:42)
    at <Jasmine>
	BookListItemComponent should create
		TypeError: Cannot set properties of undefined (setting 'currentTestId')
    at Object.specStarted (http://localhost:9878/base/node_modules/@stryker-mutator/karma-runner/dist/src/karma-plugins/test-hooks-middleware-21f23d35-a4c9-4b01-aeff-da9c99c3ffc0.js?undefined:5:44)
    at <Jasmine>
    at ZoneQueueRunner.jasmine.QueueRunner.ZoneQueueRunner.execute (node_modules/zone.js/fesm2015/zone-testing.js:692:42)
    at <Jasmine>
	DelayDirective ..delay 100ms   should create an instance of the parent test component with style.visiblity = hidden, after 10ms should change to visible 
		TypeError: Cannot set properties of undefined (setting 'currentTestId')
    at Object.specStarted (http://localhost:9878/base/node_modules/@stryker-mutator/karma-runner/dist/src/karma-plugins/test-hooks-middleware-21f23d35-a4c9-4b01-aeff-da9c99c3ffc0.js?undefined:5:44)
    at <Jasmine>
    at ZoneQueueRunner.jasmine.QueueRunner.ZoneQueueRunner.execute (node_modules/zone.js/fesm2015/zone-testing.js:692:42)
    at <Jasmine>
	DelayDirective ..delay undefined (same as 0ms!) ..  should create an instance of the parent test component with style.visiblity = hidden, after 10ms should change to visible 
		TypeError: Cannot set properties of undefined (setting 'currentTestId')
    at Object.specStarted (http://localhost:9878/base/node_modules/@stryker-mutator/karma-runner/dist/src/karma-plugins/test-hooks-middleware-21f23d35-a4c9-4b01-aeff-da9c99c3ffc0.js?undefined:5:44)
    at <Jasmine>
    at ZoneQueueRunner.jasmine.QueueRunner.ZoneQueueRunner.execute (node_modules/zone.js/fesm2015/zone-testing.js:692:42)
    at <Jasmine>
	IsbnPipe create an instance
		TypeError: Cannot set properties of undefined (setting 'currentTestId')
    at Object.specStarted (http://localhost:9878/base/node_modules/@stryker-mutator/karma-runner/dist/src/karma-plugins/test-hooks-middleware-21f23d35-a4c9-4b01-aeff-da9c99c3ffc0.js?undefined:5:44)
    at <Jasmine>
    at ZoneQueueRunner.jasmine.QueueRunner.ZoneQueueRunner.execute (node_modules/zone.js/fesm2015/zone-testing.js:692:42)
    at <Jasmine>
	ZoomDirective should create an instance
		TypeError: Cannot set properties of undefined (setting 'currentTestId')
    at Object.specStarted (http://localhost:9878/base/node_modules/@stryker-mutator/karma-runner/dist/src/karma-plugins/test-hooks-middleware-21f23d35-a4c9-4b01-aeff-da9c99c3ffc0.js?undefined:5:44)
    at <Jasmine>
    at ZoneQueueRunner.jasmine.QueueRunner.ZoneQueueRunner.execute (node_modules/zone.js/fesm2015/zone-testing.js:692:42)
    at <Jasmine>
	BookEntity Reducer unknown action should return the previous state
		TypeError: Cannot set properties of undefined (setting 'currentTestId')
    at Object.specStarted (http://localhost:9878/base/node_modules/@stryker-mutator/karma-runner/dist/src/karma-plugins/test-hooks-middleware-21f23d35-a4c9-4b01-aeff-da9c99c3ffc0.js?undefined:5:44)
    at <Jasmine>
    at ZoneQueueRunner.jasmine.QueueRunner.ZoneQueueRunner.execute (node_modules/zone.js/fesm2015/zone-testing.js:692:42)
    at <Jasmine>
	Search Reducer an unknown action should return the previous state
		TypeError: Cannot set properties of undefined (setting 'currentTestId')
    at Object.specStarted (http://localhost:9878/base/node_modules/@stryker-mutator/karma-runner/dist/src/karma-plugins/test-hooks-middleware-21f23d35-a4c9-4b01-aeff-da9c99c3ffc0.js?undefined:5:44)
    at <Jasmine>
    at ZoneQueueRunner.jasmine.QueueRunner.ZoneQueueRunner.execute (node_modules/zone.js/fesm2015/zone-testing.js:692:42)
    at <Jasmine>
	Search Selectors should select the feature state
		TypeError: Cannot set properties of undefined (setting 'currentTestId')
    at Object.specStarted (http://localhost:9878/base/node_modules/@stryker-mutator/karma-runner/dist/src/karma-plugins/test-hooks-middleware-21f23d35-a4c9-4b01-aeff-da9c99c3ffc0.js?undefined:5:44)
    at <Jasmine>
    at ZoneQueueRunner.jasmine.QueueRunner.ZoneQueueRunner.execute (node_modules/zone.js/fesm2015/zone-testing.js:692:42)
    at <Jasmine>
	BookFactoryService should get an empty book
		TypeError: Cannot set properties of undefined (setting 'currentTestId')
    at Object.specStarted (http://localhost:9878/base/node_modules/@stryker-mutator/karma-runner/dist/src/karma-plugins/test-hooks-middleware-21f23d35-a4c9-4b01-aeff-da9c99c3ffc0.js?undefined:5:44)
    at <Jasmine>
    at ZoneQueueRunner.jasmine.QueueRunner.ZoneQueueRunner.execute (node_modules/zone.js/fesm2015/zone-testing.js:692:42)
    at <Jasmine>
	CanNavigateToAdminGuard should return true if window.confirm is true
		TypeError: Cannot set properties of undefined (setting 'currentTestId')
    at Object.specStarted (http://localhost:9878/base/node_modules/@stryker-mutator/karma-runner/dist/src/karma-plugins/test-hooks-middleware-21f23d35-a4c9-4b01-aeff-da9c99c3ffc0.js?undefined:5:44)
    at <Jasmine>
    at ZoneQueueRunner.jasmine.QueueRunner.ZoneQueueRunner.execute (node_modules/zone.js/fesm2015/zone-testing.js:692:42)
    at <Jasmine>
	NotificationAlertComponent should create
		TypeError: Cannot set properties of undefined (setting 'currentTestId')
    at Object.specStarted (http://localhost:9878/base/node_modules/@stryker-mutator/karma-runner/dist/src/karma-plugins/test-hooks-middleware-21f23d35-a4c9-4b01-aeff-da9c99c3ffc0.js?undefined:5:44)
    at <Jasmine>
    at ZoneQueueRunner.jasmine.QueueRunner.ZoneQueueRunner.execute (node_modules/zone.js/fesm2015/zone-testing.js:692:42)
    at <Jasmine>
	TokenInterceptor should increment the counter for all apis except getUsers
		TypeError: Cannot set properties of undefined (setting 'currentTestId')
    at Object.specStarted (http://localhost:9878/base/node_modules/@stryker-mutator/karma-runner/dist/src/karma-plugins/test-hooks-middleware-21f23d35-a4c9-4b01-aeff-da9c99c3ffc0.js?undefined:5:44)
    at <Jasmine>
    at ZoneQueueRunner.jasmine.QueueRunner.ZoneQueueRunner.execute (node_modules/zone.js/fesm2015/zone-testing.js:692:42)
    at <Jasmine>
	Router Reducer an unknown action should return the previous state
		TypeError: Cannot set properties of undefined (setting 'currentTestId')
    at Object.specStarted (http://localhost:9878/base/node_modules/@stryker-mutator/karma-runner/dist/src/karma-plugins/test-hooks-middleware-21f23d35-a4c9-4b01-aeff-da9c99c3ffc0.js?undefined:5:44)
    at <Jasmine>
    at ZoneQueueRunner.jasmine.QueueRunner.ZoneQueueRunner.execute (node_modules/zone.js/fesm2015/zone-testing.js:692:42)
    at <Jasmine>
11:53:41 (38143) ERROR Stryker There were failed tests in the initial test run.
11:53:41 (38143) INFO Sandbox Resetting your original files from stryker-tmp/backup1810063.
11:54:10 (38228) WARN ProjectReader Glob pattern "!src/test.ts" did not exclude any files.
11:54:10 (38228) WARN ProjectReader Glob pattern "!src/environments/*.ts" did not exclude any files.
11:54:10 (38228) WARN ProjectReader Glob pattern "!src/**/*.module.ts" did not exclude any files.
11:54:10 (38228) WARN ProjectReader Glob pattern "!src/main.ts" did not exclude any files.
11:54:10 (38228) WARN ProjectReader Glob pattern "!cypress/**" did not exclude any files.
11:54:10 (38228) WARN ProjectReader No files marked to be mutated, Stryker will perform a dry-run without actually mutating anything. You can configure the `mutate` property in your config file (or use `--mutate` via command line).
11:54:10 (38228) INFO Instrumenter Instrumented 0 source file(s) with 0 mutant(s)
11:54:10 (38228) INFO ConcurrencyTokenProvider Creating 2 checker process(es) and 2 test runner process(es).
11:54:15 (38228) INFO Sandbox In place mode is enabled, Stryker will be overriding YOUR files. Find your backup at: stryker-tmp/backup2038361
11:54:24 (38228) INFO DryRunExecutor Starting initial test run (karma test runner with "perTest" coverage analysis). This may take a while.
11:54:25 (38228) ERROR DryRunExecutor One or more tests failed in the initial test run:
	BookFormsComponent with existing book where AsyncValidatorFn is not used,  form should be valid and emit the new book data to the saveBookEventEmitter Output emitterif a book is given to ngOnChanges
		TypeError: Cannot set properties of undefined (setting 'currentTestId')
    at Object.specStarted (http://localhost:9877/base/node_modules/@stryker-mutator/karma-runner/dist/src/karma-plugins/test-hooks-middleware-21f23d35-a4c9-4b01-aeff-da9c99c3ffc0.js?undefined:5:44)
    at <Jasmine>
    at ZoneQueueRunner.jasmine.QueueRunner.ZoneQueueRunner.execute (node_modules/zone.js/fesm2015/zone-testing.js:692:42)
    at <Jasmine>
	BookFormsComponent with new book and AsyncValidatorFn that returns no errors should call bookFormSaveBook method, when button is clicked, and emit Event if Form is  valid
		TypeError: Cannot set properties of undefined (setting 'currentTestId')
    at Object.specStarted (http://localhost:9877/base/node_modules/@stryker-mutator/karma-runner/dist/src/karma-plugins/test-hooks-middleware-21f23d35-a4c9-4b01-aeff-da9c99c3ffc0.js?undefined:5:44)
    at <Jasmine>
    at ZoneQueueRunner.jasmine.QueueRunner.ZoneQueueRunner.execute (node_modules/zone.js/fesm2015/zone-testing.js:692:42)
    at <Jasmine>
	BookFormsComponent with new book and required or isbn validator that returns an error should disable the save button, when isbn number is not valid, or rating is not valid
		TypeError: Cannot set properties of undefined (setting 'currentTestId')
    at Object.specStarted (http://localhost:9877/base/node_modules/@stryker-mutator/karma-runner/dist/src/karma-plugins/test-hooks-middleware-21f23d35-a4c9-4b01-aeff-da9c99c3ffc0.js?undefined:5:44)
    at <Jasmine>
    at ZoneQueueRunner.jasmine.QueueRunner.ZoneQueueRunner.execute (node_modules/zone.js/fesm2015/zone-testing.js:692:42)
    at <Jasmine>
	FormMessagesComponent should create an array of errormessage that fit to a "title" control 
		TypeError: Cannot set properties of undefined (setting 'currentTestId')
    at Object.specStarted (http://localhost:9877/base/node_modules/@stryker-mutator/karma-runner/dist/src/karma-plugins/test-hooks-middleware-21f23d35-a4c9-4b01-aeff-da9c99c3ffc0.js?undefined:5:44)
    at <Jasmine>
    at ZoneQueueRunner.jasmine.QueueRunner.ZoneQueueRunner.execute (node_modules/zone.js/fesm2015/zone-testing.js:692:42)
    at <Jasmine>
	BodosValidatorService should return null if FormControlArray has at least one author
		TypeError: Cannot set properties of undefined (setting 'currentTestId')
    at Object.specStarted (http://localhost:9877/base/node_modules/@stryker-mutator/karma-runner/dist/src/karma-plugins/test-hooks-middleware-21f23d35-a4c9-4b01-aeff-da9c99c3ffc0.js?undefined:5:44)
    at <Jasmine>
    at ZoneQueueRunner.jasmine.QueueRunner.ZoneQueueRunner.execute (node_modules/zone.js/fesm2015/zone-testing.js:692:42)
    at <Jasmine>
	BookListItemComponent should create
		TypeError: Cannot set properties of undefined (setting 'currentTestId')
    at Object.specStarted (http://localhost:9877/base/node_modules/@stryker-mutator/karma-runner/dist/src/karma-plugins/test-hooks-middleware-21f23d35-a4c9-4b01-aeff-da9c99c3ffc0.js?undefined:5:44)
    at <Jasmine>
    at ZoneQueueRunner.jasmine.QueueRunner.ZoneQueueRunner.execute (node_modules/zone.js/fesm2015/zone-testing.js:692:42)
    at <Jasmine>
	DelayDirective ..delay 100ms   should create an instance of the parent test component with style.visiblity = hidden, after 10ms should change to visible 
		TypeError: Cannot set properties of undefined (setting 'currentTestId')
    at Object.specStarted (http://localhost:9877/base/node_modules/@stryker-mutator/karma-runner/dist/src/karma-plugins/test-hooks-middleware-21f23d35-a4c9-4b01-aeff-da9c99c3ffc0.js?undefined:5:44)
    at <Jasmine>
    at ZoneQueueRunner.jasmine.QueueRunner.ZoneQueueRunner.execute (node_modules/zone.js/fesm2015/zone-testing.js:692:42)
    at <Jasmine>
	DelayDirective ..delay undefined (same as 0ms!) ..  should create an instance of the parent test component with style.visiblity = hidden, after 10ms should change to visible 
		TypeError: Cannot set properties of undefined (setting 'currentTestId')
    at Object.specStarted (http://localhost:9877/base/node_modules/@stryker-mutator/karma-runner/dist/src/karma-plugins/test-hooks-middleware-21f23d35-a4c9-4b01-aeff-da9c99c3ffc0.js?undefined:5:44)
    at <Jasmine>
    at ZoneQueueRunner.jasmine.QueueRunner.ZoneQueueRunner.execute (node_modules/zone.js/fesm2015/zone-testing.js:692:42)
    at <Jasmine>
	IsbnPipe create an instance
		TypeError: Cannot set properties of undefined (setting 'currentTestId')
    at Object.specStarted (http://localhost:9877/base/node_modules/@stryker-mutator/karma-runner/dist/src/karma-plugins/test-hooks-middleware-21f23d35-a4c9-4b01-aeff-da9c99c3ffc0.js?undefined:5:44)
    at <Jasmine>
    at ZoneQueueRunner.jasmine.QueueRunner.ZoneQueueRunner.execute (node_modules/zone.js/fesm2015/zone-testing.js:692:42)
    at <Jasmine>
	ZoomDirective should create an instance
		TypeError: Cannot set properties of undefined (setting 'currentTestId')
    at Object.specStarted (http://localhost:9877/base/node_modules/@stryker-mutator/karma-runner/dist/src/karma-plugins/test-hooks-middleware-21f23d35-a4c9-4b01-aeff-da9c99c3ffc0.js?undefined:5:44)
    at <Jasmine>
    at ZoneQueueRunner.jasmine.QueueRunner.ZoneQueueRunner.execute (node_modules/zone.js/fesm2015/zone-testing.js:692:42)
    at <Jasmine>
	BookEntity Reducer unknown action should return the previous state
		TypeError: Cannot set properties of undefined (setting 'currentTestId')
    at Object.specStarted (http://localhost:9877/base/node_modules/@stryker-mutator/karma-runner/dist/src/karma-plugins/test-hooks-middleware-21f23d35-a4c9-4b01-aeff-da9c99c3ffc0.js?undefined:5:44)
    at <Jasmine>
    at ZoneQueueRunner.jasmine.QueueRunner.ZoneQueueRunner.execute (node_modules/zone.js/fesm2015/zone-testing.js:692:42)
    at <Jasmine>
	Search Reducer an unknown action should return the previous state
		TypeError: Cannot set properties of undefined (setting 'currentTestId')
    at Object.specStarted (http://localhost:9877/base/node_modules/@stryker-mutator/karma-runner/dist/src/karma-plugins/test-hooks-middleware-21f23d35-a4c9-4b01-aeff-da9c99c3ffc0.js?undefined:5:44)
    at <Jasmine>
    at ZoneQueueRunner.jasmine.QueueRunner.ZoneQueueRunner.execute (node_modules/zone.js/fesm2015/zone-testing.js:692:42)
    at <Jasmine>
	Search Selectors should select the feature state
		TypeError: Cannot set properties of undefined (setting 'currentTestId')
    at Object.specStarted (http://localhost:9877/base/node_modules/@stryker-mutator/karma-runner/dist/src/karma-plugins/test-hooks-middleware-21f23d35-a4c9-4b01-aeff-da9c99c3ffc0.js?undefined:5:44)
    at <Jasmine>
    at ZoneQueueRunner.jasmine.QueueRunner.ZoneQueueRunner.execute (node_modules/zone.js/fesm2015/zone-testing.js:692:42)
    at <Jasmine>
	BookFactoryService should get an empty book
		TypeError: Cannot set properties of undefined (setting 'currentTestId')
    at Object.specStarted (http://localhost:9877/base/node_modules/@stryker-mutator/karma-runner/dist/src/karma-plugins/test-hooks-middleware-21f23d35-a4c9-4b01-aeff-da9c99c3ffc0.js?undefined:5:44)
    at <Jasmine>
    at ZoneQueueRunner.jasmine.QueueRunner.ZoneQueueRunner.execute (node_modules/zone.js/fesm2015/zone-testing.js:692:42)
    at <Jasmine>
	CanNavigateToAdminGuard should return true if window.confirm is true
		TypeError: Cannot set properties of undefined (setting 'currentTestId')
    at Object.specStarted (http://localhost:9877/base/node_modules/@stryker-mutator/karma-runner/dist/src/karma-plugins/test-hooks-middleware-21f23d35-a4c9-4b01-aeff-da9c99c3ffc0.js?undefined:5:44)
    at <Jasmine>
    at ZoneQueueRunner.jasmine.QueueRunner.ZoneQueueRunner.execute (node_modules/zone.js/fesm2015/zone-testing.js:692:42)
    at <Jasmine>
	NotificationAlertComponent should create
		TypeError: Cannot set properties of undefined (setting 'currentTestId')
    at Object.specStarted (http://localhost:9877/base/node_modules/@stryker-mutator/karma-runner/dist/src/karma-plugins/test-hooks-middleware-21f23d35-a4c9-4b01-aeff-da9c99c3ffc0.js?undefined:5:44)
    at <Jasmine>
    at ZoneQueueRunner.jasmine.QueueRunner.ZoneQueueRunner.execute (node_modules/zone.js/fesm2015/zone-testing.js:692:42)
    at <Jasmine>
	TokenInterceptor should increment the counter for all apis except getUsers
		TypeError: Cannot set properties of undefined (setting 'currentTestId')
    at Object.specStarted (http://localhost:9877/base/node_modules/@stryker-mutator/karma-runner/dist/src/karma-plugins/test-hooks-middleware-21f23d35-a4c9-4b01-aeff-da9c99c3ffc0.js?undefined:5:44)
    at <Jasmine>
    at ZoneQueueRunner.jasmine.QueueRunner.ZoneQueueRunner.execute (node_modules/zone.js/fesm2015/zone-testing.js:692:42)
    at <Jasmine>
	Router Reducer an unknown action should return the previous state
		TypeError: Cannot set properties of undefined (setting 'currentTestId')
    at Object.specStarted (http://localhost:9877/base/node_modules/@stryker-mutator/karma-runner/dist/src/karma-plugins/test-hooks-middleware-21f23d35-a4c9-4b01-aeff-da9c99c3ffc0.js?undefined:5:44)
    at <Jasmine>
    at ZoneQueueRunner.jasmine.QueueRunner.ZoneQueueRunner.execute (node_modules/zone.js/fesm2015/zone-testing.js:692:42)
    at <Jasmine>
11:54:25 (38228) ERROR Stryker There were failed tests in the initial test run.
11:54:25 (38228) INFO Sandbox Resetting your original files from stryker-tmp/backup2038361.
